2020-11-28 13:41:24,455:INFO:PyCaret NLP Module
2020-11-28 13:41:24,455:INFO:version 2.2.2
2020-11-28 13:41:24,455:INFO:Initializing setup()
2020-11-28 13:41:24,455:INFO:USI: fea5
2020-11-28 13:41:24,455:INFO:setup(data=(1000, 7), target=en, custom_stopwords=None, html=True, session_id=123, log_experiment=False,
                    experiment_name=None, log_plots=False, log_data=False, verbose=True)
2020-11-28 13:41:24,455:INFO:Checking environment
2020-11-28 13:41:24,455:INFO:python_version: 3.7.6
2020-11-28 13:41:24,455:INFO:python_build: ('default', 'Jan  8 2020 20:23:39')
2020-11-28 13:41:24,455:INFO:machine: AMD64
2020-11-28 13:41:24,456:INFO:platform: Windows-10-10.0.19041-SP0
2020-11-28 13:41:24,466:INFO:Memory: svmem(total=51446050816, available=44762779648, percent=13.0, used=6683271168, free=44762779648)
2020-11-28 13:41:24,467:INFO:Physical Core: 6
2020-11-28 13:41:24,467:INFO:Logical Core: 12
2020-11-28 13:41:24,467:INFO:Checking libraries
2020-11-28 13:41:24,467:INFO:pd==1.1.3
2020-11-28 13:41:24,467:INFO:numpy==1.18.5
2020-11-28 13:41:25,131:INFO:gensim==3.8.3
2020-11-28 13:41:25,371:INFO:spacy==2.3.0
2020-11-28 13:41:26,038:INFO:nltk==3.5
2020-11-28 13:41:26,058:INFO:textblob==0.15.3
2020-11-28 13:41:26,273:INFO:pyLDAvis==2.1.2
2020-11-28 13:41:26,328:INFO:wordcloud==1.7.0
2020-11-28 13:41:27,062:INFO:mlflow==1.9.1
2020-11-28 13:41:27,062:INFO:Checking Exceptions
2020-11-28 13:41:27,552:INFO:Preloading libraries
2020-11-28 13:41:27,583:INFO:Preparing display monitor
2020-11-28 13:41:27,594:INFO:Importing libraries
2020-11-28 13:41:27,594:INFO:Declaring global variables
2020-11-28 13:41:27,594:INFO:Input provided : dataframe
2020-11-28 13:41:27,594:INFO:session_id set to : 123
2020-11-28 13:41:27,595:INFO:Copying training dataset
2020-11-28 13:41:27,596:INFO:Importing stopwords from nltk
2020-11-28 13:41:27,750:INFO:No custom stopwords defined
2020-11-28 13:41:27,751:INFO:Removing numeric characters from the text
2020-11-28 13:41:27,775:INFO:Removing special characters from the text
2020-11-28 13:41:27,995:INFO:Tokenizing Words
2020-11-28 13:41:28,346:INFO:Removing stopwords
2020-11-28 13:41:28,532:INFO:Extracting Bigrams
2020-11-28 13:41:29,206:INFO:Extracting Trigrams
2020-11-28 13:41:30,330:INFO:Lemmatizing tokens
2020-11-28 13:41:34,779:INFO:Removing stopwords after lemmatizing
2020-11-28 13:41:34,879:INFO:Creating corpus and dictionary
2020-11-28 13:41:34,985:INFO:Compiling processed text
2020-11-28 13:41:34,987:INFO:Compiling information grid
2020-11-28 13:41:35,215:INFO:setup() succesfully completed......................................
2020-11-28 14:57:12,295:INFO:Initializing create_model()
2020-11-28 14:57:12,296:INFO:create_model(model=lda, multi_core=False, num_topics=None, verbose=True, system=True)
2020-11-28 14:57:12,296:INFO:Checking exceptions
2020-11-28 14:57:12,296:INFO:Preloading libraries
2020-11-28 14:57:12,296:INFO:Preparing display monitor
2020-11-28 14:57:12,306:INFO:Defining topic model
2020-11-28 14:57:12,306:INFO:Model: Latent Dirichlet Allocation
2020-11-28 14:57:12,306:INFO:Defining num_topics parameter
2020-11-28 14:57:12,307:INFO:num_topics set to: 4
2020-11-28 14:57:12,311:INFO:LdaModel imported successfully
2020-11-28 14:57:15,871:INFO:LdaModel trained successfully
2020-11-28 14:57:15,872:INFO:LdaModel(num_terms=4654, num_topics=4, decay=0.5, chunksize=100)
2020-11-28 14:57:15,872:INFO:create_model() succesfully completed......................................
2020-11-28 14:59:16,621:INFO:Initializing create_model()
2020-11-28 14:59:16,621:INFO:create_model(model=lda, multi_core=True, num_topics=6, verbose=True, system=True)
2020-11-28 14:59:16,621:INFO:Checking exceptions
2020-11-28 14:59:16,621:INFO:Preloading libraries
2020-11-28 14:59:16,621:INFO:Preparing display monitor
2020-11-28 14:59:16,632:INFO:Defining topic model
2020-11-28 14:59:16,632:INFO:Model: Latent Dirichlet Allocation
2020-11-28 14:59:16,633:INFO:Defining num_topics parameter
2020-11-28 14:59:16,633:INFO:num_topics set to: 6
2020-11-28 14:59:16,636:INFO:LDA multi_core enabled
2020-11-28 14:59:16,636:INFO:LdaMulticore imported successfully
2020-11-28 14:59:20,199:INFO:LdaMulticore trained successfully
2020-11-28 14:59:20,201:INFO:LdaModel(num_terms=4654, num_topics=6, decay=0.5, chunksize=100)
2020-11-28 14:59:20,201:INFO:create_model() succesfully completed......................................
2020-11-28 15:08:31,227:INFO:Initializing assign_model()
2020-11-28 15:08:31,227:INFO:assign_model(model=LdaModel(num_terms=4654, num_topics=4, decay=0.5, chunksize=100), verbose=True)
2020-11-28 15:08:31,227:INFO:Determining model type
2020-11-28 15:08:31,227:INFO:model type: lda
2020-11-28 15:08:31,227:INFO:Checking exceptions
2020-11-28 15:08:31,227:INFO:Preloading libraries
2020-11-28 15:08:31,228:INFO:Preparing display monitor
2020-11-28 15:08:31,799:INFO:(1000, 13)
2020-11-28 15:08:31,801:INFO:assign_model() succesfully completed......................................
2020-11-28 15:10:53,233:INFO:Initializing plot_model()
2020-11-28 15:10:53,233:INFO:plot_model(model=None, plot=frequency, topic_num=None, save=False, system=True)
2020-11-28 15:10:53,233:INFO:Checking exceptions
2020-11-28 15:10:53,233:INFO:Importing libraries
2020-11-28 15:10:53,649:INFO:save_param set to False
2020-11-28 15:10:53,649:INFO:plot type: frequency
2020-11-28 15:10:53,649:INFO:Rendering Visual
2020-11-28 15:10:53,649:WARNING:topic_num set to None. Plot generated at corpus level.
2020-11-28 15:10:53,650:INFO:Fitting CountVectorizer()
2020-11-28 15:10:54,373:INFO:Visual Rendered Successfully
2020-11-28 15:10:54,373:INFO:plot_model() succesfully completed......................................
2020-11-28 16:49:10,649:INFO:Initializing plot_model()
2020-11-28 16:49:10,649:INFO:plot_model(model=None, plot=bigram, topic_num=None, save=False, system=True)
2020-11-28 16:49:10,649:INFO:Checking exceptions
2020-11-28 16:49:10,649:INFO:Importing libraries
2020-11-28 16:49:10,655:INFO:save_param set to False
2020-11-28 16:49:10,655:INFO:plot type: bigram
2020-11-28 16:49:10,655:WARNING:topic_num set to None. Plot generated at corpus level.
2020-11-28 16:49:10,655:INFO:Fitting CountVectorizer()
2020-11-28 16:49:10,852:INFO:Rendering Visual
2020-11-28 16:49:11,030:INFO:Visual Rendered Successfully
2020-11-28 16:49:11,030:INFO:plot_model() succesfully completed......................................
2020-11-28 16:50:27,934:INFO:Initializing plot_model()
2020-11-28 16:50:27,934:INFO:plot_model(model=LdaModel(num_terms=4654, num_topics=4, decay=0.5, chunksize=100), plot=frequency, topic_num=Topic 1, save=False, system=True)
2020-11-28 16:50:27,935:INFO:Checking exceptions
2020-11-28 16:50:27,935:INFO:Importing libraries
2020-11-28 16:50:27,940:INFO:save_param set to False
2020-11-28 16:50:27,940:INFO:plot type: frequency
2020-11-28 16:50:27,940:INFO:Rendering Visual
2020-11-28 16:50:27,940:INFO:SubProcess assign_model() called ==================================
2020-11-28 16:50:27,941:INFO:Initializing assign_model()
2020-11-28 16:50:27,941:INFO:assign_model(model=LdaModel(num_terms=4654, num_topics=4, decay=0.5, chunksize=100), verbose=False)
2020-11-28 16:50:27,941:INFO:Determining model type
2020-11-28 16:50:27,941:INFO:model type: lda
2020-11-28 16:50:27,941:INFO:Checking exceptions
2020-11-28 16:50:27,941:INFO:Preloading libraries
2020-11-28 16:50:27,941:INFO:Preparing display monitor
2020-11-28 16:50:28,505:INFO:(1000, 13)
2020-11-28 16:50:28,505:INFO:assign_model() succesfully completed......................................
2020-11-28 16:50:28,505:INFO:SubProcess assign_model() end ==================================
2020-11-28 16:50:28,507:INFO:Fitting CountVectorizer()
2020-11-28 16:50:28,896:INFO:Visual Rendered Successfully
2020-11-28 16:50:28,896:INFO:plot_model() succesfully completed......................................
2020-11-28 16:50:50,550:INFO:Initializing plot_model()
2020-11-28 16:50:50,550:INFO:plot_model(model=LdaModel(num_terms=4654, num_topics=4, decay=0.5, chunksize=100), plot=topic_distribution, topic_num=None, save=False, system=True)
2020-11-28 16:50:50,550:INFO:Topic selected. topic_num : Topic 0
2020-11-28 16:50:50,550:INFO:Checking exceptions
2020-11-28 16:50:50,550:INFO:Importing libraries
2020-11-28 16:50:50,555:INFO:save_param set to False
2020-11-28 16:50:50,556:INFO:plot type: topic_distribution
2020-11-28 16:50:50,557:INFO:SubProcess assign_model() called ==================================
2020-11-28 16:50:50,558:INFO:Initializing assign_model()
2020-11-28 16:50:50,558:INFO:assign_model(model=LdaModel(num_terms=4654, num_topics=4, decay=0.5, chunksize=100), verbose=False)
2020-11-28 16:50:50,558:INFO:Determining model type
2020-11-28 16:50:50,558:INFO:model type: lda
2020-11-28 16:50:50,558:INFO:Checking exceptions
2020-11-28 16:50:50,558:INFO:Preloading libraries
2020-11-28 16:50:50,558:INFO:Preparing display monitor
2020-11-28 16:50:51,116:INFO:(1000, 13)
2020-11-28 16:50:51,116:INFO:assign_model() succesfully completed......................................
2020-11-28 16:50:51,117:INFO:SubProcess assign_model() end ==================================
2020-11-28 16:50:51,140:INFO:Sorting Dataframe
2020-11-28 16:50:51,141:INFO:Rendering Visual
2020-11-28 16:50:51,386:INFO:Visual Rendered Successfully
2020-11-28 16:50:51,386:INFO:plot_model() succesfully completed......................................
2020-11-28 17:59:57,727:INFO:Initializing plot_model()
2020-11-28 17:59:57,727:INFO:plot_model(model=LdaModel(num_terms=4654, num_topics=4, decay=0.5, chunksize=100), plot=tnse, topic_num=None, save=False, system=True)
2020-11-28 17:59:57,727:INFO:Topic selected. topic_num : Topic 0
2020-11-28 17:59:57,727:INFO:Checking exceptions
2020-11-28 18:00:07,164:INFO:Initializing plot_model()
2020-11-28 18:00:07,164:INFO:plot_model(model=LdaModel(num_terms=4654, num_topics=4, decay=0.5, chunksize=100), plot=tsne, topic_num=None, save=False, system=True)
2020-11-28 18:00:07,164:INFO:Topic selected. topic_num : Topic 0
2020-11-28 18:00:07,164:INFO:Checking exceptions
2020-11-28 18:00:07,164:INFO:Importing libraries
2020-11-28 18:00:07,170:INFO:save_param set to False
2020-11-28 18:00:07,171:INFO:plot type: tsne
2020-11-28 18:00:07,171:INFO:SubProcess assign_model() called ==================================
2020-11-28 18:00:07,171:INFO:Initializing assign_model()
2020-11-28 18:00:07,171:INFO:assign_model(model=LdaModel(num_terms=4654, num_topics=4, decay=0.5, chunksize=100), verbose=False)
2020-11-28 18:00:07,171:INFO:Determining model type
2020-11-28 18:00:07,171:INFO:model type: lda
2020-11-28 18:00:07,171:INFO:Checking exceptions
2020-11-28 18:00:07,171:INFO:Preloading libraries
2020-11-28 18:00:07,171:INFO:Preparing display monitor
2020-11-28 18:00:07,724:INFO:(1000, 13)
2020-11-28 18:00:07,725:INFO:assign_model() succesfully completed......................................
2020-11-28 18:00:07,725:INFO:SubProcess assign_model() end ==================================
2020-11-28 18:00:07,727:INFO:Fitting TSNE()
2020-11-28 18:00:11,536:INFO:Sorting Dataframe
2020-11-28 18:00:11,539:INFO:Rendering Visual
2020-11-28 18:00:11,779:INFO:Visual Rendered Successfully
2020-11-28 18:00:11,779:INFO:plot_model() succesfully completed......................................
2020-11-28 18:00:38,694:INFO:Initializing plot_model()
2020-11-28 18:00:38,694:INFO:plot_model(model=LdaModel(num_terms=4654, num_topics=4, decay=0.5, chunksize=100), plot=umap, topic_num=None, save=False, system=True)
2020-11-28 18:00:38,694:INFO:Topic selected. topic_num : Topic 0
2020-11-28 18:00:38,694:INFO:Checking exceptions
2020-11-28 18:00:38,694:INFO:Importing libraries
2020-11-28 18:00:38,700:INFO:save_param set to False
2020-11-28 18:00:38,701:INFO:plot type: umap
2020-11-28 18:00:40,394:INFO:Fitting TfidfVectorizer()
2020-11-28 18:00:40,441:INFO:Fitting KMeans()
2020-11-28 18:00:41,171:INFO:Fitting UMAP()
2020-11-28 18:00:46,237:INFO:Rendering Visual
2020-11-28 18:00:46,326:INFO:Visual Rendered Successfully
2020-11-28 18:00:46,326:INFO:plot_model() succesfully completed......................................
2020-11-28 18:02:05,840:INFO:Initializing plot_model()
2020-11-28 18:02:05,840:INFO:plot_model(model=LdaModel(num_terms=4654, num_topics=4, decay=0.5, chunksize=100), plot=frequency, topic_num=Topic 0, save=False, system=True)
2020-11-28 18:02:05,840:INFO:Checking exceptions
2020-11-28 18:02:05,840:INFO:Importing libraries
2020-11-28 18:02:05,846:INFO:save_param set to False
2020-11-28 18:02:05,846:INFO:plot type: frequency
2020-11-28 18:02:05,846:INFO:Rendering Visual
2020-11-28 18:02:05,846:INFO:SubProcess assign_model() called ==================================
2020-11-28 18:02:05,847:INFO:Initializing assign_model()
2020-11-28 18:02:05,847:INFO:assign_model(model=LdaModel(num_terms=4654, num_topics=4, decay=0.5, chunksize=100), verbose=False)
2020-11-28 18:02:05,847:INFO:Determining model type
2020-11-28 18:02:05,847:INFO:model type: lda
2020-11-28 18:02:05,847:INFO:Checking exceptions
2020-11-28 18:02:05,847:INFO:Preloading libraries
2020-11-28 18:02:05,847:INFO:Preparing display monitor
2020-11-28 18:02:06,417:INFO:(1000, 13)
2020-11-28 18:02:06,417:INFO:assign_model() succesfully completed......................................
2020-11-28 18:02:06,418:INFO:SubProcess assign_model() end ==================================
2020-11-28 18:02:06,419:INFO:Fitting CountVectorizer()
2020-11-28 18:02:06,632:INFO:Visual Rendered Successfully
2020-11-28 18:02:06,632:INFO:plot_model() succesfully completed......................................
2020-11-28 18:02:15,500:INFO:Initializing plot_model()
2020-11-28 18:02:15,500:INFO:plot_model(model=LdaModel(num_terms=4654, num_topics=4, decay=0.5, chunksize=100), plot=bigram, topic_num=Topic 0, save=False, system=True)
2020-11-28 18:02:15,500:INFO:Checking exceptions
2020-11-28 18:02:15,500:INFO:Importing libraries
2020-11-28 18:02:15,505:INFO:save_param set to False
2020-11-28 18:02:15,505:INFO:plot type: bigram
2020-11-28 18:02:15,505:INFO:SubProcess assign_model() called ==================================
2020-11-28 18:02:15,506:INFO:Initializing assign_model()
2020-11-28 18:02:15,506:INFO:assign_model(model=LdaModel(num_terms=4654, num_topics=4, decay=0.5, chunksize=100), verbose=False)
2020-11-28 18:02:15,506:INFO:Determining model type
2020-11-28 18:02:15,506:INFO:model type: lda
2020-11-28 18:02:15,506:INFO:Checking exceptions
2020-11-28 18:02:15,506:INFO:Preloading libraries
2020-11-28 18:02:15,506:INFO:Preparing display monitor
2020-11-28 18:02:16,059:INFO:(1000, 13)
2020-11-28 18:02:16,059:INFO:assign_model() succesfully completed......................................
2020-11-28 18:02:16,060:INFO:SubProcess assign_model() end ==================================
2020-11-28 18:02:16,061:INFO:Fitting CountVectorizer()
2020-11-28 18:02:16,134:INFO:Rendering Visual
2020-11-28 18:02:16,330:INFO:Visual Rendered Successfully
2020-11-28 18:02:16,330:INFO:plot_model() succesfully completed......................................
2020-11-28 18:02:22,092:INFO:Initializing plot_model()
2020-11-28 18:02:22,092:INFO:plot_model(model=LdaModel(num_terms=4654, num_topics=4, decay=0.5, chunksize=100), plot=trigram, topic_num=Topic 0, save=False, system=True)
2020-11-28 18:02:22,092:INFO:Checking exceptions
2020-11-28 18:02:22,092:INFO:Importing libraries
2020-11-28 18:02:22,097:INFO:save_param set to False
2020-11-28 18:02:22,097:INFO:plot type: trigram
2020-11-28 18:02:22,097:INFO:SubProcess assign_model() called ==================================
2020-11-28 18:02:22,098:INFO:Initializing assign_model()
2020-11-28 18:02:22,098:INFO:assign_model(model=LdaModel(num_terms=4654, num_topics=4, decay=0.5, chunksize=100), verbose=False)
2020-11-28 18:02:22,098:INFO:Determining model type
2020-11-28 18:02:22,098:INFO:model type: lda
2020-11-28 18:02:22,098:INFO:Checking exceptions
2020-11-28 18:02:22,098:INFO:Preloading libraries
2020-11-28 18:02:22,098:INFO:Preparing display monitor
2020-11-28 18:02:22,656:INFO:(1000, 13)
2020-11-28 18:02:22,656:INFO:assign_model() succesfully completed......................................
2020-11-28 18:02:22,657:INFO:SubProcess assign_model() end ==================================
2020-11-28 18:02:22,700:INFO:Fitting CountVectorizer()
2020-11-28 18:02:22,739:INFO:Rendering Visual
2020-11-28 18:02:23,152:INFO:Visual Rendered Successfully
2020-11-28 18:02:23,152:INFO:plot_model() succesfully completed......................................
2020-11-28 18:02:27,424:INFO:Initializing plot_model()
2020-11-28 18:02:27,424:INFO:plot_model(model=LdaModel(num_terms=4654, num_topics=4, decay=0.5, chunksize=100), plot=sentiment, topic_num=Topic 0, save=False, system=True)
2020-11-28 18:02:27,424:INFO:Checking exceptions
2020-11-28 18:02:27,424:INFO:Importing libraries
2020-11-28 18:02:27,430:INFO:save_param set to False
2020-11-28 18:02:27,430:INFO:plot type: sentiment
2020-11-28 18:02:27,430:INFO:SubProcess assign_model() called ==================================
2020-11-28 18:02:27,430:INFO:Initializing assign_model()
2020-11-28 18:02:27,430:INFO:assign_model(model=LdaModel(num_terms=4654, num_topics=4, decay=0.5, chunksize=100), verbose=False)
2020-11-28 18:02:27,430:INFO:Determining model type
2020-11-28 18:02:27,430:INFO:model type: lda
2020-11-28 18:02:27,430:INFO:Checking exceptions
2020-11-28 18:02:27,430:INFO:Preloading libraries
2020-11-28 18:02:27,430:INFO:Preparing display monitor
2020-11-28 18:02:27,982:INFO:(1000, 13)
2020-11-28 18:02:27,982:INFO:assign_model() succesfully completed......................................
2020-11-28 18:02:27,983:INFO:SubProcess assign_model() end ==================================
2020-11-28 18:02:28,129:INFO:Rendering Visual
2020-11-28 18:02:28,327:INFO:Visual Rendered Successfully
2020-11-28 18:02:28,327:INFO:plot_model() succesfully completed......................................
2020-11-28 18:02:31,948:INFO:Initializing plot_model()
2020-11-28 18:02:31,948:INFO:plot_model(model=LdaModel(num_terms=4654, num_topics=4, decay=0.5, chunksize=100), plot=wordcloud, topic_num=Topic 0, save=False, system=True)
2020-11-28 18:02:31,948:INFO:Checking exceptions
2020-11-28 18:02:31,948:INFO:Importing libraries
2020-11-28 18:02:31,954:INFO:save_param set to False
2020-11-28 18:02:31,954:INFO:plot type: wordcloud
2020-11-28 18:02:31,954:INFO:SubProcess assign_model() called ==================================
2020-11-28 18:02:31,954:INFO:Initializing assign_model()
2020-11-28 18:02:31,954:INFO:assign_model(model=LdaModel(num_terms=4654, num_topics=4, decay=0.5, chunksize=100), verbose=False)
2020-11-28 18:02:31,954:INFO:Determining model type
2020-11-28 18:02:31,954:INFO:model type: lda
2020-11-28 18:02:31,954:INFO:Checking exceptions
2020-11-28 18:02:31,955:INFO:Preloading libraries
2020-11-28 18:02:31,955:INFO:Preparing display monitor
2020-11-28 18:02:32,511:INFO:(1000, 13)
2020-11-28 18:02:32,511:INFO:assign_model() succesfully completed......................................
2020-11-28 18:02:32,512:INFO:SubProcess assign_model() end ==================================
2020-11-28 18:02:32,513:INFO:Fitting WordCloud()
2020-11-28 18:02:33,641:INFO:Rendering Visual
2020-11-28 18:02:33,752:INFO:Visual Rendered Successfully
2020-11-28 18:02:33,752:INFO:plot_model() succesfully completed......................................
2020-11-28 18:08:26,814:INFO:Initializing save_model()
2020-11-28 18:08:26,814:INFO:save_model(model=LdaModel(num_terms=4654, num_topics=4, decay=0.5, chunksize=100), model_name=final_models/Final NLP LDA Model 28Nov2020, verbose=True)
2020-11-28 18:08:26,883:INFO:LdaModel(num_terms=4654, num_topics=4, decay=0.5, chunksize=100)
2020-11-28 18:08:26,884:INFO:save_model() succesfully completed......................................
2020-11-28 20:21:14,515:INFO:PyCaret NLP Module
2020-11-28 20:21:14,515:INFO:version 2.2.2
2020-11-28 20:21:14,515:INFO:Initializing setup()
2020-11-28 20:21:14,515:INFO:USI: 775d
2020-11-28 20:21:14,515:INFO:setup(data=(1000, 7), target=en, custom_stopwords=['loan', 'income', 'usd', 'many', 'also', 'make', 'business', 'buy', 'sell', 'purchase', 'year', 'people', 'able', 'enable', 'old', 'woman', 'child', 'school'], html=True, session_id=123, log_experiment=True,
                    experiment_name=kiva1, log_plots=False, log_data=False, verbose=True)
2020-11-28 20:21:14,515:INFO:Checking environment
2020-11-28 20:21:14,515:INFO:python_version: 3.7.6
2020-11-28 20:21:14,515:INFO:python_build: ('default', 'Jan  8 2020 20:23:39')
2020-11-28 20:21:14,515:INFO:machine: AMD64
2020-11-28 20:21:14,515:INFO:platform: Windows-10-10.0.19041-SP0
2020-11-28 20:21:14,525:INFO:Memory: svmem(total=51446050816, available=43562672128, percent=15.3, used=7883378688, free=43562672128)
2020-11-28 20:21:14,525:INFO:Physical Core: 6
2020-11-28 20:21:14,525:INFO:Logical Core: 12
2020-11-28 20:21:14,525:INFO:Checking libraries
2020-11-28 20:21:14,525:INFO:pd==1.1.3
2020-11-28 20:21:14,525:INFO:numpy==1.18.5
2020-11-28 20:21:15,039:INFO:gensim==3.8.3
2020-11-28 20:21:15,290:INFO:spacy==2.3.0
2020-11-28 20:21:15,990:INFO:nltk==3.5
2020-11-28 20:21:16,010:INFO:textblob==0.15.3
2020-11-28 20:21:16,167:INFO:pyLDAvis==2.1.2
2020-11-28 20:21:16,216:INFO:wordcloud==1.7.0
2020-11-28 20:21:16,737:INFO:mlflow==1.9.1
2020-11-28 20:21:16,738:INFO:Checking Exceptions
2020-11-28 20:21:17,216:INFO:Preloading libraries
2020-11-28 20:21:17,247:INFO:Preparing display monitor
2020-11-28 20:21:17,258:INFO:Importing libraries
2020-11-28 20:21:17,258:INFO:Declaring global variables
2020-11-28 20:21:17,258:INFO:Input provided : dataframe
2020-11-28 20:21:17,258:INFO:session_id set to : 123
2020-11-28 20:21:17,258:INFO:Copying training dataset
2020-11-28 20:21:17,259:INFO:Importing stopwords from nltk
2020-11-28 20:21:17,381:INFO:Removing numeric characters from the text
2020-11-28 20:21:17,405:INFO:Removing special characters from the text
2020-11-28 20:21:17,557:INFO:Tokenizing Words
2020-11-28 20:21:17,985:INFO:Removing stopwords
2020-11-28 20:21:18,184:INFO:Extracting Bigrams
2020-11-28 20:21:18,829:INFO:Extracting Trigrams
2020-11-28 20:21:19,868:INFO:Lemmatizing tokens
2020-11-28 20:21:24,128:INFO:Removing stopwords after lemmatizing
2020-11-28 20:21:24,220:INFO:Creating corpus and dictionary
2020-11-28 20:21:24,308:INFO:Compiling processed text
2020-11-28 20:21:24,310:INFO:Compiling information grid
2020-11-28 20:21:24,537:INFO:Creating MLFlow logs
2020-11-28 20:21:24,722:INFO:setup() succesfully completed......................................
2020-11-28 20:22:12,176:INFO:Initializing create_model()
2020-11-28 20:22:12,176:INFO:create_model(model=lda, multi_core=False, num_topics=None, verbose=True, system=True)
2020-11-28 20:22:12,176:INFO:Checking exceptions
2020-11-28 20:22:12,176:INFO:Preloading libraries
2020-11-28 20:22:12,176:INFO:Preparing display monitor
2020-11-28 20:22:12,186:INFO:Defining topic model
2020-11-28 20:22:12,186:INFO:Model: Latent Dirichlet Allocation
2020-11-28 20:22:12,186:INFO:Defining num_topics parameter
2020-11-28 20:22:12,186:INFO:num_topics set to: 4
2020-11-28 20:22:12,190:INFO:LdaModel imported successfully
2020-11-28 20:22:15,438:INFO:LdaModel trained successfully
2020-11-28 20:22:15,439:INFO:Creating MLFLow Logs
2020-11-28 20:22:15,590:INFO:LdaModel(num_terms=4660, num_topics=4, decay=0.5, chunksize=100)
2020-11-28 20:22:15,590:INFO:create_model() succesfully completed......................................
2020-11-28 20:22:38,422:INFO:Initializing plot_model()
2020-11-28 20:22:38,422:INFO:plot_model(model=LdaModel(num_terms=4660, num_topics=4, decay=0.5, chunksize=100), plot=topic_distribution, topic_num=None, save=False, system=True)
2020-11-28 20:22:38,422:INFO:Topic selected. topic_num : Topic 0
2020-11-28 20:22:38,422:INFO:Checking exceptions
2020-11-28 20:22:38,422:INFO:Importing libraries
2020-11-28 20:22:38,724:INFO:save_param set to False
2020-11-28 20:22:38,724:INFO:plot type: topic_distribution
2020-11-28 20:22:38,726:INFO:SubProcess assign_model() called ==================================
2020-11-28 20:22:38,726:INFO:Initializing assign_model()
2020-11-28 20:22:38,726:INFO:assign_model(model=LdaModel(num_terms=4660, num_topics=4, decay=0.5, chunksize=100), verbose=False)
2020-11-28 20:22:38,726:INFO:Determining model type
2020-11-28 20:22:38,726:INFO:model type: lda
2020-11-28 20:22:38,726:INFO:Checking exceptions
2020-11-28 20:22:38,726:INFO:Preloading libraries
2020-11-28 20:22:38,726:INFO:Preparing display monitor
2020-11-28 20:22:39,392:INFO:(1000, 13)
2020-11-28 20:22:39,393:INFO:assign_model() succesfully completed......................................
2020-11-28 20:22:39,393:INFO:SubProcess assign_model() end ==================================
2020-11-28 20:22:39,406:INFO:Sorting Dataframe
2020-11-28 20:22:39,407:INFO:Rendering Visual
2020-11-28 20:22:40,165:INFO:Visual Rendered Successfully
2020-11-28 20:22:40,165:INFO:plot_model() succesfully completed......................................
2020-11-28 22:29:09,703:INFO:Initializing tune_model()
2020-11-28 22:29:09,703:INFO:tune_model(model=lda, multi_core=True, supervised_target=None, estimator=None, optimize=None, custom_grid=None, auto_fe=True, fold=10, verbose=True)
2020-11-28 22:29:09,703:INFO:Checking exceptions
2020-11-28 22:29:09,703:INFO:Preloading libraries
2020-11-28 22:29:09,703:INFO:Preparing display monitor
2020-11-28 22:29:09,717:INFO:Importing libraries
2020-11-28 22:29:09,724:INFO:Objective : Unsupervised
2020-11-28 22:29:09,724:INFO:Defining model name
2020-11-28 22:29:09,724:INFO:Topic Model Name: Latent Dirichlet Allocation
2020-11-28 22:29:09,724:INFO:Defining supervised estimator
2020-11-28 22:29:09,724:INFO:Estimator: None
2020-11-28 22:29:09,724:INFO:Defining Optimizer
2020-11-28 22:29:09,724:INFO:Optimize: None
2020-11-28 22:29:09,725:INFO:Defining Tuning Grid
2020-11-28 22:29:09,725:INFO:Pre-defined Grid used
2020-11-28 22:29:09,728:INFO:Fitting Model with num_topics = 2
2020-11-28 22:29:09,731:INFO:SubProcess create_model() called ==================================
2020-11-28 22:29:09,732:INFO:Initializing create_model()
2020-11-28 22:29:09,732:INFO:create_model(model=lda, multi_core=True, num_topics=2, verbose=False, system=True)
2020-11-28 22:29:09,732:INFO:Checking exceptions
2020-11-28 22:29:09,732:INFO:Preloading libraries
2020-11-28 22:29:09,732:INFO:Preparing display monitor
2020-11-28 22:29:09,739:INFO:Defining topic model
2020-11-28 22:29:09,739:INFO:Model: Latent Dirichlet Allocation
2020-11-28 22:29:09,739:INFO:Defining num_topics parameter
2020-11-28 22:29:09,739:INFO:num_topics set to: 2
2020-11-28 22:29:09,740:INFO:LDA multi_core enabled
2020-11-28 22:29:09,740:INFO:LdaMulticore imported successfully
2020-11-28 22:29:13,409:INFO:LdaMulticore trained successfully
2020-11-28 22:29:13,410:INFO:Creating MLFLow Logs
2020-11-28 22:29:13,545:INFO:LdaModel(num_terms=4660, num_topics=2, decay=0.5, chunksize=100)
2020-11-28 22:29:13,545:INFO:create_model() succesfully completed......................................
2020-11-28 22:29:13,545:INFO:SubProcess create_model() end ==================================
2020-11-28 22:29:13,545:INFO:SubProcess assign_model() called ==================================
2020-11-28 22:29:13,546:INFO:Initializing assign_model()
2020-11-28 22:29:13,546:INFO:assign_model(model=LdaModel(num_terms=4660, num_topics=2, decay=0.5, chunksize=100), verbose=False)
2020-11-28 22:29:13,546:INFO:Determining model type
2020-11-28 22:29:13,546:INFO:model type: lda
2020-11-28 22:29:13,546:INFO:Checking exceptions
2020-11-28 22:29:13,546:INFO:Preloading libraries
2020-11-28 22:29:13,546:INFO:Preparing display monitor
2020-11-28 22:29:14,269:INFO:(1000, 11)
2020-11-28 22:29:14,270:INFO:assign_model() succesfully completed......................................
2020-11-28 22:29:14,270:INFO:SubProcess assign_model() end ==================================
2020-11-28 22:29:14,270:INFO:Fitting Model with num_topics = 4
2020-11-28 22:29:14,284:INFO:SubProcess create_model() called ==================================
2020-11-28 22:29:14,285:INFO:Initializing create_model()
2020-11-28 22:29:14,285:INFO:create_model(model=lda, multi_core=True, num_topics=4, verbose=False, system=True)
2020-11-28 22:29:14,285:INFO:Checking exceptions
2020-11-28 22:29:14,285:INFO:Preloading libraries
2020-11-28 22:29:14,285:INFO:Preparing display monitor
2020-11-28 22:29:14,291:INFO:Defining topic model
2020-11-28 22:29:14,291:INFO:Model: Latent Dirichlet Allocation
2020-11-28 22:29:14,291:INFO:Defining num_topics parameter
2020-11-28 22:29:14,291:INFO:num_topics set to: 4
2020-11-28 22:29:14,292:INFO:LDA multi_core enabled
2020-11-28 22:29:14,292:INFO:LdaMulticore imported successfully
2020-11-28 22:29:17,669:INFO:LdaMulticore trained successfully
2020-11-28 22:29:17,670:INFO:Creating MLFLow Logs
2020-11-28 22:29:17,799:INFO:LdaModel(num_terms=4660, num_topics=4, decay=0.5, chunksize=100)
2020-11-28 22:29:17,799:INFO:create_model() succesfully completed......................................
2020-11-28 22:29:17,799:INFO:SubProcess create_model() end ==================================
2020-11-28 22:29:17,799:INFO:SubProcess assign_model() called ==================================
2020-11-28 22:29:17,800:INFO:Initializing assign_model()
2020-11-28 22:29:17,800:INFO:assign_model(model=LdaModel(num_terms=4660, num_topics=4, decay=0.5, chunksize=100), verbose=False)
2020-11-28 22:29:17,800:INFO:Determining model type
2020-11-28 22:29:17,800:INFO:model type: lda
2020-11-28 22:29:17,800:INFO:Checking exceptions
2020-11-28 22:29:17,800:INFO:Preloading libraries
2020-11-28 22:29:17,800:INFO:Preparing display monitor
2020-11-28 22:29:18,465:INFO:(1000, 13)
2020-11-28 22:29:18,465:INFO:assign_model() succesfully completed......................................
2020-11-28 22:29:18,466:INFO:SubProcess assign_model() end ==================================
2020-11-28 22:29:18,466:INFO:Fitting Model with num_topics = 8
2020-11-28 22:29:18,481:INFO:SubProcess create_model() called ==================================
2020-11-28 22:29:18,482:INFO:Initializing create_model()
2020-11-28 22:29:18,482:INFO:create_model(model=lda, multi_core=True, num_topics=8, verbose=False, system=True)
2020-11-28 22:29:18,482:INFO:Checking exceptions
2020-11-28 22:29:18,482:INFO:Preloading libraries
2020-11-28 22:29:18,482:INFO:Preparing display monitor
2020-11-28 22:29:18,487:INFO:Defining topic model
2020-11-28 22:29:18,487:INFO:Model: Latent Dirichlet Allocation
2020-11-28 22:29:18,488:INFO:Defining num_topics parameter
2020-11-28 22:29:18,488:INFO:num_topics set to: 8
2020-11-28 22:29:18,488:INFO:LDA multi_core enabled
2020-11-28 22:29:18,488:INFO:LdaMulticore imported successfully
2020-11-28 22:29:21,775:INFO:LdaMulticore trained successfully
2020-11-28 22:29:21,776:INFO:Creating MLFLow Logs
2020-11-28 22:29:21,906:INFO:LdaModel(num_terms=4660, num_topics=8, decay=0.5, chunksize=100)
2020-11-28 22:29:21,906:INFO:create_model() succesfully completed......................................
2020-11-28 22:29:21,906:INFO:SubProcess create_model() end ==================================
2020-11-28 22:29:21,907:INFO:SubProcess assign_model() called ==================================
2020-11-28 22:29:21,907:INFO:Initializing assign_model()
2020-11-28 22:29:21,907:INFO:assign_model(model=LdaModel(num_terms=4660, num_topics=8, decay=0.5, chunksize=100), verbose=False)
2020-11-28 22:29:21,907:INFO:Determining model type
2020-11-28 22:29:21,907:INFO:model type: lda
2020-11-28 22:29:21,907:INFO:Checking exceptions
2020-11-28 22:29:21,907:INFO:Preloading libraries
2020-11-28 22:29:21,907:INFO:Preparing display monitor
2020-11-28 22:29:22,543:INFO:(1000, 17)
2020-11-28 22:29:22,543:INFO:assign_model() succesfully completed......................................
2020-11-28 22:29:22,544:INFO:SubProcess assign_model() end ==================================
2020-11-28 22:29:22,544:INFO:Fitting Model with num_topics = 16
2020-11-28 22:29:22,560:INFO:SubProcess create_model() called ==================================
2020-11-28 22:29:22,561:INFO:Initializing create_model()
2020-11-28 22:29:22,561:INFO:create_model(model=lda, multi_core=True, num_topics=16, verbose=False, system=True)
2020-11-28 22:29:22,561:INFO:Checking exceptions
2020-11-28 22:29:22,561:INFO:Preloading libraries
2020-11-28 22:29:22,561:INFO:Preparing display monitor
2020-11-28 22:29:22,566:INFO:Defining topic model
2020-11-28 22:29:22,566:INFO:Model: Latent Dirichlet Allocation
2020-11-28 22:29:22,566:INFO:Defining num_topics parameter
2020-11-28 22:29:22,567:INFO:num_topics set to: 16
2020-11-28 22:29:22,567:INFO:LDA multi_core enabled
2020-11-28 22:29:22,567:INFO:LdaMulticore imported successfully
2020-11-28 22:29:25,609:INFO:LdaMulticore trained successfully
2020-11-28 22:29:25,610:INFO:Creating MLFLow Logs
2020-11-28 22:29:25,746:INFO:LdaModel(num_terms=4660, num_topics=16, decay=0.5, chunksize=100)
2020-11-28 22:29:25,746:INFO:create_model() succesfully completed......................................
2020-11-28 22:29:25,746:INFO:SubProcess create_model() end ==================================
2020-11-28 22:29:25,746:INFO:SubProcess assign_model() called ==================================
2020-11-28 22:29:25,747:INFO:Initializing assign_model()
2020-11-28 22:29:25,747:INFO:assign_model(model=LdaModel(num_terms=4660, num_topics=16, decay=0.5, chunksize=100), verbose=False)
2020-11-28 22:29:25,747:INFO:Determining model type
2020-11-28 22:29:25,747:INFO:model type: lda
2020-11-28 22:29:25,747:INFO:Checking exceptions
2020-11-28 22:29:25,747:INFO:Preloading libraries
2020-11-28 22:29:25,747:INFO:Preparing display monitor
2020-11-28 22:29:26,419:INFO:(1000, 25)
2020-11-28 22:29:26,419:INFO:assign_model() succesfully completed......................................
2020-11-28 22:29:26,421:INFO:SubProcess assign_model() end ==================================
2020-11-28 22:29:26,421:INFO:Fitting Model with num_topics = 32
2020-11-28 22:29:26,436:INFO:SubProcess create_model() called ==================================
2020-11-28 22:29:26,437:INFO:Initializing create_model()
2020-11-28 22:29:26,437:INFO:create_model(model=lda, multi_core=True, num_topics=32, verbose=False, system=True)
2020-11-28 22:29:26,437:INFO:Checking exceptions
2020-11-28 22:29:26,437:INFO:Preloading libraries
2020-11-28 22:29:26,437:INFO:Preparing display monitor
2020-11-28 22:29:26,443:INFO:Defining topic model
2020-11-28 22:29:26,443:INFO:Model: Latent Dirichlet Allocation
2020-11-28 22:29:26,443:INFO:Defining num_topics parameter
2020-11-28 22:29:26,443:INFO:num_topics set to: 32
2020-11-28 22:29:26,444:INFO:LDA multi_core enabled
2020-11-28 22:29:26,444:INFO:LdaMulticore imported successfully
2020-11-28 22:29:30,042:INFO:LdaMulticore trained successfully
2020-11-28 22:29:30,043:INFO:Creating MLFLow Logs
2020-11-28 22:29:30,168:INFO:LdaModel(num_terms=4660, num_topics=32, decay=0.5, chunksize=100)
2020-11-28 22:29:30,168:INFO:create_model() succesfully completed......................................
2020-11-28 22:29:30,168:INFO:SubProcess create_model() end ==================================
2020-11-28 22:29:30,168:INFO:SubProcess assign_model() called ==================================
2020-11-28 22:29:30,169:INFO:Initializing assign_model()
2020-11-28 22:29:30,169:INFO:assign_model(model=LdaModel(num_terms=4660, num_topics=32, decay=0.5, chunksize=100), verbose=False)
2020-11-28 22:29:30,169:INFO:Determining model type
2020-11-28 22:29:30,169:INFO:model type: lda
2020-11-28 22:29:30,169:INFO:Checking exceptions
2020-11-28 22:29:30,169:INFO:Preloading libraries
2020-11-28 22:29:30,169:INFO:Preparing display monitor
2020-11-28 22:29:30,939:INFO:(1000, 41)
2020-11-28 22:29:30,939:INFO:assign_model() succesfully completed......................................
2020-11-28 22:29:30,942:INFO:SubProcess assign_model() end ==================================
2020-11-28 22:29:30,942:INFO:Fitting Model with num_topics = 64
2020-11-28 22:29:30,956:INFO:SubProcess create_model() called ==================================
2020-11-28 22:29:30,957:INFO:Initializing create_model()
2020-11-28 22:29:30,957:INFO:create_model(model=lda, multi_core=True, num_topics=64, verbose=False, system=True)
2020-11-28 22:29:30,957:INFO:Checking exceptions
2020-11-28 22:29:30,957:INFO:Preloading libraries
2020-11-28 22:29:30,957:INFO:Preparing display monitor
2020-11-28 22:29:30,962:INFO:Defining topic model
2020-11-28 22:29:30,962:INFO:Model: Latent Dirichlet Allocation
2020-11-28 22:29:30,963:INFO:Defining num_topics parameter
2020-11-28 22:29:30,963:INFO:num_topics set to: 64
2020-11-28 22:29:30,963:INFO:LDA multi_core enabled
2020-11-28 22:29:30,963:INFO:LdaMulticore imported successfully
2020-11-28 22:29:34,910:INFO:LdaMulticore trained successfully
2020-11-28 22:29:34,911:INFO:Creating MLFLow Logs
2020-11-28 22:29:35,041:INFO:LdaModel(num_terms=4660, num_topics=64, decay=0.5, chunksize=100)
2020-11-28 22:29:35,041:INFO:create_model() succesfully completed......................................
2020-11-28 22:29:35,041:INFO:SubProcess create_model() end ==================================
2020-11-28 22:29:35,041:INFO:SubProcess assign_model() called ==================================
2020-11-28 22:29:35,042:INFO:Initializing assign_model()
2020-11-28 22:29:35,042:INFO:assign_model(model=LdaModel(num_terms=4660, num_topics=64, decay=0.5, chunksize=100), verbose=False)
2020-11-28 22:29:35,042:INFO:Determining model type
2020-11-28 22:29:35,042:INFO:model type: lda
2020-11-28 22:29:35,042:INFO:Checking exceptions
2020-11-28 22:29:35,042:INFO:Preloading libraries
2020-11-28 22:29:35,042:INFO:Preparing display monitor
2020-11-28 22:29:36,042:INFO:(1000, 73)
2020-11-28 22:29:36,042:INFO:assign_model() succesfully completed......................................
2020-11-28 22:29:36,048:INFO:SubProcess assign_model() end ==================================
2020-11-28 22:29:36,049:INFO:Fitting Model with num_topics = 100
2020-11-28 22:29:36,065:INFO:SubProcess create_model() called ==================================
2020-11-28 22:29:36,065:INFO:Initializing create_model()
2020-11-28 22:29:36,066:INFO:create_model(model=lda, multi_core=True, num_topics=100, verbose=False, system=True)
2020-11-28 22:29:36,066:INFO:Checking exceptions
2020-11-28 22:29:36,066:INFO:Preloading libraries
2020-11-28 22:29:36,066:INFO:Preparing display monitor
2020-11-28 22:29:36,071:INFO:Defining topic model
2020-11-28 22:29:36,071:INFO:Model: Latent Dirichlet Allocation
2020-11-28 22:29:36,072:INFO:Defining num_topics parameter
2020-11-28 22:29:36,072:INFO:num_topics set to: 100
2020-11-28 22:29:36,072:INFO:LDA multi_core enabled
2020-11-28 22:29:36,072:INFO:LdaMulticore imported successfully
2020-11-28 22:29:41,506:INFO:LdaMulticore trained successfully
2020-11-28 22:29:41,507:INFO:Creating MLFLow Logs
2020-11-28 22:29:41,642:INFO:LdaModel(num_terms=4660, num_topics=100, decay=0.5, chunksize=100)
2020-11-28 22:29:41,643:INFO:create_model() succesfully completed......................................
2020-11-28 22:29:41,643:INFO:SubProcess create_model() end ==================================
2020-11-28 22:29:41,643:INFO:SubProcess assign_model() called ==================================
2020-11-28 22:29:41,643:INFO:Initializing assign_model()
2020-11-28 22:29:41,643:INFO:assign_model(model=LdaModel(num_terms=4660, num_topics=100, decay=0.5, chunksize=100), verbose=False)
2020-11-28 22:29:41,643:INFO:Determining model type
2020-11-28 22:29:41,644:INFO:model type: lda
2020-11-28 22:29:41,644:INFO:Checking exceptions
2020-11-28 22:29:41,644:INFO:Preloading libraries
2020-11-28 22:29:41,644:INFO:Preparing display monitor
2020-11-28 22:29:42,983:INFO:(1000, 109)
2020-11-28 22:29:42,984:INFO:assign_model() succesfully completed......................................
2020-11-28 22:29:42,992:INFO:SubProcess assign_model() end ==================================
2020-11-28 22:29:42,992:INFO:Fitting Model with num_topics = 200
2020-11-28 22:29:43,003:INFO:SubProcess create_model() called ==================================
2020-11-28 22:29:43,004:INFO:Initializing create_model()
2020-11-28 22:29:43,004:INFO:create_model(model=lda, multi_core=True, num_topics=200, verbose=False, system=True)
2020-11-28 22:29:43,004:INFO:Checking exceptions
2020-11-28 22:29:43,004:INFO:Preloading libraries
2020-11-28 22:29:43,005:INFO:Preparing display monitor
2020-11-28 22:29:43,010:INFO:Defining topic model
2020-11-28 22:29:43,010:INFO:Model: Latent Dirichlet Allocation
2020-11-28 22:29:43,010:INFO:Defining num_topics parameter
2020-11-28 22:29:43,010:INFO:num_topics set to: 200
2020-11-28 22:29:43,010:INFO:LDA multi_core enabled
2020-11-28 22:29:43,011:INFO:LdaMulticore imported successfully
2020-11-28 22:29:53,754:INFO:LdaMulticore trained successfully
2020-11-28 22:29:53,755:INFO:Creating MLFLow Logs
2020-11-28 22:29:53,902:INFO:LdaModel(num_terms=4660, num_topics=200, decay=0.5, chunksize=100)
2020-11-28 22:29:53,902:INFO:create_model() succesfully completed......................................
2020-11-28 22:29:53,903:INFO:SubProcess create_model() end ==================================
2020-11-28 22:29:53,903:INFO:SubProcess assign_model() called ==================================
2020-11-28 22:29:53,903:INFO:Initializing assign_model()
2020-11-28 22:29:53,903:INFO:assign_model(model=LdaModel(num_terms=4660, num_topics=200, decay=0.5, chunksize=100), verbose=False)
2020-11-28 22:29:53,903:INFO:Determining model type
2020-11-28 22:29:53,903:INFO:model type: lda
2020-11-28 22:29:53,903:INFO:Checking exceptions
2020-11-28 22:29:53,904:INFO:Preloading libraries
2020-11-28 22:29:53,904:INFO:Preparing display monitor
2020-11-28 22:29:56,345:INFO:(1000, 209)
2020-11-28 22:29:56,345:INFO:assign_model() succesfully completed......................................
2020-11-28 22:29:56,360:INFO:SubProcess assign_model() end ==================================
2020-11-28 22:29:56,360:INFO:Fitting Model with num_topics = 300
2020-11-28 22:29:56,370:INFO:SubProcess create_model() called ==================================
2020-11-28 22:29:56,371:INFO:Initializing create_model()
2020-11-28 22:29:56,371:INFO:create_model(model=lda, multi_core=True, num_topics=300, verbose=False, system=True)
2020-11-28 22:29:56,371:INFO:Checking exceptions
2020-11-28 22:29:56,371:INFO:Preloading libraries
2020-11-28 22:29:56,371:INFO:Preparing display monitor
2020-11-28 22:29:56,376:INFO:Defining topic model
2020-11-28 22:29:56,376:INFO:Model: Latent Dirichlet Allocation
2020-11-28 22:29:56,376:INFO:Defining num_topics parameter
2020-11-28 22:29:56,376:INFO:num_topics set to: 300
2020-11-28 22:29:56,377:INFO:LDA multi_core enabled
2020-11-28 22:29:56,377:INFO:LdaMulticore imported successfully
2020-11-28 22:30:11,949:INFO:LdaMulticore trained successfully
2020-11-28 22:30:11,950:INFO:Creating MLFLow Logs
2020-11-28 22:30:12,127:INFO:LdaModel(num_terms=4660, num_topics=300, decay=0.5, chunksize=100)
2020-11-28 22:30:12,127:INFO:create_model() succesfully completed......................................
2020-11-28 22:30:12,128:INFO:SubProcess create_model() end ==================================
2020-11-28 22:30:12,128:INFO:SubProcess assign_model() called ==================================
2020-11-28 22:30:12,128:INFO:Initializing assign_model()
2020-11-28 22:30:12,128:INFO:assign_model(model=LdaModel(num_terms=4660, num_topics=300, decay=0.5, chunksize=100), verbose=False)
2020-11-28 22:30:12,128:INFO:Determining model type
2020-11-28 22:30:12,128:INFO:model type: lda
2020-11-28 22:30:12,128:INFO:Checking exceptions
2020-11-28 22:30:12,128:INFO:Preloading libraries
2020-11-28 22:30:12,129:INFO:Preparing display monitor
2020-11-28 22:30:15,626:INFO:(1000, 309)
2020-11-28 22:30:15,627:INFO:assign_model() succesfully completed......................................
2020-11-28 22:30:15,647:INFO:SubProcess assign_model() end ==================================
2020-11-28 22:30:15,648:INFO:Fitting Model with num_topics = 400
2020-11-28 22:30:15,654:INFO:SubProcess create_model() called ==================================
2020-11-28 22:30:15,655:INFO:Initializing create_model()
2020-11-28 22:30:15,655:INFO:create_model(model=lda, multi_core=True, num_topics=400, verbose=False, system=True)
2020-11-28 22:30:15,655:INFO:Checking exceptions
2020-11-28 22:30:15,655:INFO:Preloading libraries
2020-11-28 22:30:15,655:INFO:Preparing display monitor
2020-11-28 22:30:15,660:INFO:Defining topic model
2020-11-28 22:30:15,660:INFO:Model: Latent Dirichlet Allocation
2020-11-28 22:30:15,660:INFO:Defining num_topics parameter
2020-11-28 22:30:15,661:INFO:num_topics set to: 400
2020-11-28 22:30:15,661:INFO:LDA multi_core enabled
2020-11-28 22:30:15,661:INFO:LdaMulticore imported successfully
2020-11-28 22:30:35,603:INFO:LdaMulticore trained successfully
2020-11-28 22:30:35,604:INFO:Creating MLFLow Logs
2020-11-28 22:30:35,783:INFO:LdaModel(num_terms=4660, num_topics=400, decay=0.5, chunksize=100)
2020-11-28 22:30:35,783:INFO:create_model() succesfully completed......................................
2020-11-28 22:30:35,783:INFO:SubProcess create_model() end ==================================
2020-11-28 22:30:35,783:INFO:SubProcess assign_model() called ==================================
2020-11-28 22:30:35,784:INFO:Initializing assign_model()
2020-11-28 22:30:35,784:INFO:assign_model(model=LdaModel(num_terms=4660, num_topics=400, decay=0.5, chunksize=100), verbose=False)
2020-11-28 22:30:35,784:INFO:Determining model type
2020-11-28 22:30:35,784:INFO:model type: lda
2020-11-28 22:30:35,784:INFO:Checking exceptions
2020-11-28 22:30:35,784:INFO:Preloading libraries
2020-11-28 22:30:35,784:INFO:Preparing display monitor
2020-11-28 22:30:40,107:INFO:(1000, 409)
2020-11-28 22:30:40,107:INFO:assign_model() succesfully completed......................................
2020-11-28 22:30:40,136:INFO:SubProcess assign_model() end ==================================
2020-11-28 22:30:40,136:INFO:Problem : Unsupervised
2020-11-28 22:30:40,139:INFO:CoherenceModel imported successfully
2020-11-28 22:30:40,139:INFO:Evaluating Coherence with num_topics: LdaModel(num_terms=4660, num_topics=2, decay=0.5, chunksize=100)
2020-11-28 22:30:47,458:INFO:Evaluating Coherence with num_topics: LdaModel(num_terms=4660, num_topics=4, decay=0.5, chunksize=100)
2020-11-28 22:30:55,021:INFO:Evaluating Coherence with num_topics: LdaModel(num_terms=4660, num_topics=8, decay=0.5, chunksize=100)
2020-11-28 22:31:02,737:INFO:Evaluating Coherence with num_topics: LdaModel(num_terms=4660, num_topics=16, decay=0.5, chunksize=100)
2020-11-28 22:31:10,474:INFO:Evaluating Coherence with num_topics: LdaModel(num_terms=4660, num_topics=32, decay=0.5, chunksize=100)
2020-11-28 22:31:19,090:INFO:Evaluating Coherence with num_topics: LdaModel(num_terms=4660, num_topics=64, decay=0.5, chunksize=100)
2020-11-28 22:31:28,843:INFO:Evaluating Coherence with num_topics: LdaModel(num_terms=4660, num_topics=100, decay=0.5, chunksize=100)
2020-11-28 22:31:39,641:INFO:Evaluating Coherence with num_topics: LdaModel(num_terms=4660, num_topics=200, decay=0.5, chunksize=100)
2020-11-28 22:31:55,512:INFO:Evaluating Coherence with num_topics: LdaModel(num_terms=4660, num_topics=300, decay=0.5, chunksize=100)
2020-11-28 22:32:15,797:INFO:Evaluating Coherence with num_topics: LdaModel(num_terms=4660, num_topics=400, decay=0.5, chunksize=100)
2020-11-28 22:32:41,588:INFO:Creating metrics dataframe
2020-11-28 22:32:41,589:INFO:Rendering Visual
2020-11-28 22:32:41,773:INFO:Visual Rendered Successfully
2020-11-28 22:32:41,780:INFO:LdaModel(num_terms=4660, num_topics=400, decay=0.5, chunksize=100)
2020-11-28 22:32:41,780:INFO:tune_model() succesfully completed......................................
2020-11-29 13:03:44,594:INFO:PyCaret NLP Module
2020-11-29 13:03:44,595:INFO:version 2.2.2
2020-11-29 13:03:44,595:INFO:Initializing setup()
2020-11-29 13:03:44,595:INFO:USI: 9cbe
2020-11-29 13:03:44,595:INFO:setup(data=(1000, 7), target=en, custom_stopwords=['loan', 'income', 'usd', 'many', 'also', 'make', 'business', 'buy', 'sell', 'purchase', 'year', 'people', 'able', 'enable', 'old', 'woman', 'child', 'school'], html=True, session_id=123, log_experiment=True,
                    experiment_name=kiva1, log_plots=False, log_data=False, verbose=True)
2020-11-29 13:03:44,595:INFO:Checking environment
2020-11-29 13:03:44,595:INFO:python_version: 3.7.6
2020-11-29 13:03:44,595:INFO:python_build: ('default', 'Jan  8 2020 20:23:39')
2020-11-29 13:03:44,595:INFO:machine: AMD64
2020-11-29 13:03:44,595:INFO:platform: Windows-10-10.0.19041-SP0
2020-11-29 13:03:44,609:INFO:Memory: svmem(total=51446050816, available=45176037376, percent=12.2, used=6270013440, free=45176037376)
2020-11-29 13:03:44,609:INFO:Physical Core: 6
2020-11-29 13:03:44,609:INFO:Logical Core: 12
2020-11-29 13:03:44,609:INFO:Checking libraries
2020-11-29 13:03:44,609:INFO:pd==1.1.3
2020-11-29 13:03:44,609:INFO:numpy==1.18.5
2020-11-29 13:03:45,196:INFO:gensim==3.8.3
2020-11-29 13:03:45,609:INFO:spacy==2.3.0
2020-11-29 13:03:46,626:INFO:nltk==3.5
2020-11-29 13:03:46,653:INFO:textblob==0.15.3
2020-11-29 13:03:46,868:INFO:pyLDAvis==2.1.2
2020-11-29 13:03:46,957:INFO:wordcloud==1.7.0
2020-11-29 13:03:47,778:INFO:mlflow==1.9.1
2020-11-29 13:03:47,778:INFO:Checking Exceptions
2020-11-29 13:03:48,287:INFO:Preloading libraries
2020-11-29 13:03:48,331:INFO:Preparing display monitor
2020-11-29 13:03:48,344:INFO:Importing libraries
2020-11-29 13:03:48,344:INFO:Declaring global variables
2020-11-29 13:03:48,344:INFO:Input provided : dataframe
2020-11-29 13:03:48,344:INFO:session_id set to : 123
2020-11-29 13:03:48,344:INFO:Copying training dataset
2020-11-29 13:03:48,345:INFO:Importing stopwords from nltk
2020-11-29 13:03:48,426:INFO:Removing numeric characters from the text
2020-11-29 13:03:48,452:INFO:Removing special characters from the text
2020-11-29 13:03:48,611:INFO:Tokenizing Words
2020-11-29 13:03:49,028:INFO:Removing stopwords
2020-11-29 13:03:49,225:INFO:Extracting Bigrams
2020-11-29 13:03:49,872:INFO:Extracting Trigrams
2020-11-29 13:03:50,922:INFO:Lemmatizing tokens
2020-11-29 13:03:55,217:INFO:Removing stopwords after lemmatizing
2020-11-29 13:03:55,310:INFO:Creating corpus and dictionary
2020-11-29 13:03:55,405:INFO:Compiling processed text
2020-11-29 13:03:55,407:INFO:Compiling information grid
2020-11-29 13:03:55,697:INFO:Creating MLFlow logs
2020-11-29 13:03:55,890:INFO:setup() succesfully completed......................................
2020-11-29 13:03:57,770:INFO:Initializing create_model()
2020-11-29 13:03:57,770:INFO:create_model(model=lda, multi_core=False, num_topics=None, verbose=True, system=True)
2020-11-29 13:03:57,770:INFO:Checking exceptions
2020-11-29 13:03:57,770:INFO:Preloading libraries
2020-11-29 13:03:57,770:INFO:Preparing display monitor
2020-11-29 13:03:57,781:INFO:Defining topic model
2020-11-29 13:03:57,781:INFO:Model: Latent Dirichlet Allocation
2020-11-29 13:03:57,781:INFO:Defining num_topics parameter
2020-11-29 13:03:57,781:INFO:num_topics set to: 4
2020-11-29 13:03:57,785:INFO:LdaModel imported successfully
2020-11-29 13:04:00,838:INFO:LdaModel trained successfully
2020-11-29 13:04:00,839:INFO:Creating MLFLow Logs
2020-11-29 13:04:00,997:INFO:LdaModel(num_terms=4660, num_topics=4, decay=0.5, chunksize=100)
2020-11-29 13:04:00,998:INFO:create_model() succesfully completed......................................
2020-11-29 13:04:04,334:INFO:Initializing plot_model()
2020-11-29 13:04:04,335:INFO:plot_model(model=LdaModel(num_terms=4660, num_topics=4, decay=0.5, chunksize=100), plot=topic_distribution, topic_num=None, save=False, system=True)
2020-11-29 13:04:04,335:INFO:Topic selected. topic_num : Topic 0
2020-11-29 13:04:04,335:INFO:Checking exceptions
2020-11-29 13:04:04,335:INFO:Importing libraries
2020-11-29 13:04:04,931:INFO:save_param set to False
2020-11-29 13:04:04,931:INFO:plot type: topic_distribution
2020-11-29 13:04:04,933:INFO:SubProcess assign_model() called ==================================
2020-11-29 13:04:04,933:INFO:Initializing assign_model()
2020-11-29 13:04:04,933:INFO:assign_model(model=LdaModel(num_terms=4660, num_topics=4, decay=0.5, chunksize=100), verbose=False)
2020-11-29 13:04:04,934:INFO:Determining model type
2020-11-29 13:04:04,934:INFO:model type: lda
2020-11-29 13:04:04,934:INFO:Checking exceptions
2020-11-29 13:04:04,934:INFO:Preloading libraries
2020-11-29 13:04:04,934:INFO:Preparing display monitor
2020-11-29 13:04:05,563:INFO:(1000, 13)
2020-11-29 13:04:05,563:INFO:assign_model() succesfully completed......................................
2020-11-29 13:04:05,563:INFO:SubProcess assign_model() end ==================================
2020-11-29 13:04:05,588:INFO:Sorting Dataframe
2020-11-29 13:04:05,589:INFO:Rendering Visual
2020-11-29 13:04:06,586:INFO:Visual Rendered Successfully
2020-11-29 13:04:06,586:INFO:plot_model() succesfully completed......................................
2020-11-29 13:04:09,143:INFO:Initializing tune_model()
2020-11-29 13:04:09,143:INFO:tune_model(model=lda, multi_core=True, supervised_target=None, estimator=None, optimize=None, custom_grid=None, auto_fe=True, fold=10, verbose=True)
2020-11-29 13:04:09,143:INFO:Checking exceptions
2020-11-29 13:04:09,143:INFO:Preloading libraries
2020-11-29 13:04:09,143:INFO:Preparing display monitor
2020-11-29 13:04:09,158:INFO:Importing libraries
2020-11-29 13:04:09,167:INFO:Objective : Unsupervised
2020-11-29 13:04:09,167:INFO:Defining model name
2020-11-29 13:04:09,167:INFO:Topic Model Name: Latent Dirichlet Allocation
2020-11-29 13:04:09,167:INFO:Defining supervised estimator
2020-11-29 13:04:09,167:INFO:Estimator: None
2020-11-29 13:04:09,167:INFO:Defining Optimizer
2020-11-29 13:04:09,167:INFO:Optimize: None
2020-11-29 13:04:09,168:INFO:Defining Tuning Grid
2020-11-29 13:04:09,168:INFO:Pre-defined Grid used
2020-11-29 13:04:09,171:INFO:Fitting Model with num_topics = 2
2020-11-29 13:04:09,174:INFO:SubProcess create_model() called ==================================
2020-11-29 13:04:09,174:INFO:Initializing create_model()
2020-11-29 13:04:09,175:INFO:create_model(model=lda, multi_core=True, num_topics=2, verbose=False, system=True)
2020-11-29 13:04:09,175:INFO:Checking exceptions
2020-11-29 13:04:09,175:INFO:Preloading libraries
2020-11-29 13:04:09,175:INFO:Preparing display monitor
2020-11-29 13:04:09,180:INFO:Defining topic model
2020-11-29 13:04:09,180:INFO:Model: Latent Dirichlet Allocation
2020-11-29 13:04:09,181:INFO:Defining num_topics parameter
2020-11-29 13:04:09,181:INFO:num_topics set to: 2
2020-11-29 13:04:09,181:INFO:LDA multi_core enabled
2020-11-29 13:04:09,181:INFO:LdaMulticore imported successfully
2020-11-29 13:04:12,852:INFO:LdaMulticore trained successfully
2020-11-29 13:04:12,853:INFO:Creating MLFLow Logs
2020-11-29 13:04:12,998:INFO:LdaModel(num_terms=4660, num_topics=2, decay=0.5, chunksize=100)
2020-11-29 13:04:12,998:INFO:create_model() succesfully completed......................................
2020-11-29 13:04:12,998:INFO:SubProcess create_model() end ==================================
2020-11-29 13:04:12,998:INFO:SubProcess assign_model() called ==================================
2020-11-29 13:04:12,999:INFO:Initializing assign_model()
2020-11-29 13:04:12,999:INFO:assign_model(model=LdaModel(num_terms=4660, num_topics=2, decay=0.5, chunksize=100), verbose=False)
2020-11-29 13:04:12,999:INFO:Determining model type
2020-11-29 13:04:12,999:INFO:model type: lda
2020-11-29 13:04:12,999:INFO:Checking exceptions
2020-11-29 13:04:12,999:INFO:Preloading libraries
2020-11-29 13:04:12,999:INFO:Preparing display monitor
2020-11-29 13:04:13,684:INFO:(1000, 11)
2020-11-29 13:04:13,684:INFO:assign_model() succesfully completed......................................
2020-11-29 13:04:13,684:INFO:SubProcess assign_model() end ==================================
2020-11-29 13:04:13,684:INFO:Fitting Model with num_topics = 4
2020-11-29 13:04:13,702:INFO:SubProcess create_model() called ==================================
2020-11-29 13:04:13,703:INFO:Initializing create_model()
2020-11-29 13:04:13,703:INFO:create_model(model=lda, multi_core=True, num_topics=4, verbose=False, system=True)
2020-11-29 13:04:13,703:INFO:Checking exceptions
2020-11-29 13:04:13,703:INFO:Preloading libraries
2020-11-29 13:04:13,703:INFO:Preparing display monitor
2020-11-29 13:04:13,709:INFO:Defining topic model
2020-11-29 13:04:13,709:INFO:Model: Latent Dirichlet Allocation
2020-11-29 13:04:13,709:INFO:Defining num_topics parameter
2020-11-29 13:04:13,709:INFO:num_topics set to: 4
2020-11-29 13:04:13,710:INFO:LDA multi_core enabled
2020-11-29 13:04:13,710:INFO:LdaMulticore imported successfully
2020-11-29 13:04:17,179:INFO:LdaMulticore trained successfully
2020-11-29 13:04:17,180:INFO:Creating MLFLow Logs
2020-11-29 13:04:17,324:INFO:LdaModel(num_terms=4660, num_topics=4, decay=0.5, chunksize=100)
2020-11-29 13:04:17,324:INFO:create_model() succesfully completed......................................
2020-11-29 13:04:17,324:INFO:SubProcess create_model() end ==================================
2020-11-29 13:04:17,324:INFO:SubProcess assign_model() called ==================================
2020-11-29 13:04:17,325:INFO:Initializing assign_model()
2020-11-29 13:04:17,325:INFO:assign_model(model=LdaModel(num_terms=4660, num_topics=4, decay=0.5, chunksize=100), verbose=False)
2020-11-29 13:04:17,325:INFO:Determining model type
2020-11-29 13:04:17,325:INFO:model type: lda
2020-11-29 13:04:17,325:INFO:Checking exceptions
2020-11-29 13:04:17,325:INFO:Preloading libraries
2020-11-29 13:04:17,325:INFO:Preparing display monitor
2020-11-29 13:04:17,944:INFO:(1000, 13)
2020-11-29 13:04:17,944:INFO:assign_model() succesfully completed......................................
2020-11-29 13:04:17,945:INFO:SubProcess assign_model() end ==================================
2020-11-29 13:04:17,945:INFO:Fitting Model with num_topics = 8
2020-11-29 13:04:17,961:INFO:SubProcess create_model() called ==================================
2020-11-29 13:04:17,961:INFO:Initializing create_model()
2020-11-29 13:04:17,961:INFO:create_model(model=lda, multi_core=True, num_topics=8, verbose=False, system=True)
2020-11-29 13:04:17,962:INFO:Checking exceptions
2020-11-29 13:04:17,962:INFO:Preloading libraries
2020-11-29 13:04:17,962:INFO:Preparing display monitor
2020-11-29 13:04:17,967:INFO:Defining topic model
2020-11-29 13:04:17,967:INFO:Model: Latent Dirichlet Allocation
2020-11-29 13:04:17,967:INFO:Defining num_topics parameter
2020-11-29 13:04:17,968:INFO:num_topics set to: 8
2020-11-29 13:04:17,968:INFO:LDA multi_core enabled
2020-11-29 13:04:17,968:INFO:LdaMulticore imported successfully
2020-11-29 13:04:21,416:INFO:LdaMulticore trained successfully
2020-11-29 13:04:21,418:INFO:Creating MLFLow Logs
2020-11-29 13:04:21,602:INFO:LdaModel(num_terms=4660, num_topics=8, decay=0.5, chunksize=100)
2020-11-29 13:04:21,602:INFO:create_model() succesfully completed......................................
2020-11-29 13:04:21,602:INFO:SubProcess create_model() end ==================================
2020-11-29 13:04:21,602:INFO:SubProcess assign_model() called ==================================
2020-11-29 13:04:21,603:INFO:Initializing assign_model()
2020-11-29 13:04:21,603:INFO:assign_model(model=LdaModel(num_terms=4660, num_topics=8, decay=0.5, chunksize=100), verbose=False)
2020-11-29 13:04:21,603:INFO:Determining model type
2020-11-29 13:04:21,603:INFO:model type: lda
2020-11-29 13:04:21,603:INFO:Checking exceptions
2020-11-29 13:04:21,603:INFO:Preloading libraries
2020-11-29 13:04:21,603:INFO:Preparing display monitor
2020-11-29 13:04:22,260:INFO:(1000, 17)
2020-11-29 13:04:22,260:INFO:assign_model() succesfully completed......................................
2020-11-29 13:04:22,261:INFO:SubProcess assign_model() end ==================================
2020-11-29 13:04:22,262:INFO:Fitting Model with num_topics = 16
2020-11-29 13:04:22,280:INFO:SubProcess create_model() called ==================================
2020-11-29 13:04:22,281:INFO:Initializing create_model()
2020-11-29 13:04:22,281:INFO:create_model(model=lda, multi_core=True, num_topics=16, verbose=False, system=True)
2020-11-29 13:04:22,281:INFO:Checking exceptions
2020-11-29 13:04:22,281:INFO:Preloading libraries
2020-11-29 13:04:22,281:INFO:Preparing display monitor
2020-11-29 13:04:22,288:INFO:Defining topic model
2020-11-29 13:04:22,288:INFO:Model: Latent Dirichlet Allocation
2020-11-29 13:04:22,288:INFO:Defining num_topics parameter
2020-11-29 13:04:22,288:INFO:num_topics set to: 16
2020-11-29 13:04:22,289:INFO:LDA multi_core enabled
2020-11-29 13:04:22,289:INFO:LdaMulticore imported successfully
2020-11-29 13:04:25,633:INFO:LdaMulticore trained successfully
2020-11-29 13:04:25,634:INFO:Creating MLFLow Logs
2020-11-29 13:04:25,778:INFO:LdaModel(num_terms=4660, num_topics=16, decay=0.5, chunksize=100)
2020-11-29 13:04:25,778:INFO:create_model() succesfully completed......................................
2020-11-29 13:04:25,779:INFO:SubProcess create_model() end ==================================
2020-11-29 13:04:25,779:INFO:SubProcess assign_model() called ==================================
2020-11-29 13:04:25,779:INFO:Initializing assign_model()
2020-11-29 13:04:25,779:INFO:assign_model(model=LdaModel(num_terms=4660, num_topics=16, decay=0.5, chunksize=100), verbose=False)
2020-11-29 13:04:25,780:INFO:Determining model type
2020-11-29 13:04:25,780:INFO:model type: lda
2020-11-29 13:04:25,780:INFO:Checking exceptions
2020-11-29 13:04:25,780:INFO:Preloading libraries
2020-11-29 13:04:25,780:INFO:Preparing display monitor
2020-11-29 13:04:26,502:INFO:(1000, 25)
2020-11-29 13:04:26,502:INFO:assign_model() succesfully completed......................................
2020-11-29 13:04:26,503:INFO:SubProcess assign_model() end ==================================
2020-11-29 13:04:26,504:INFO:Fitting Model with num_topics = 32
2020-11-29 13:04:26,521:INFO:SubProcess create_model() called ==================================
2020-11-29 13:04:26,522:INFO:Initializing create_model()
2020-11-29 13:04:26,522:INFO:create_model(model=lda, multi_core=True, num_topics=32, verbose=False, system=True)
2020-11-29 13:04:26,522:INFO:Checking exceptions
2020-11-29 13:04:26,523:INFO:Preloading libraries
2020-11-29 13:04:26,523:INFO:Preparing display monitor
2020-11-29 13:04:26,528:INFO:Defining topic model
2020-11-29 13:04:26,528:INFO:Model: Latent Dirichlet Allocation
2020-11-29 13:04:26,528:INFO:Defining num_topics parameter
2020-11-29 13:04:26,528:INFO:num_topics set to: 32
2020-11-29 13:04:26,529:INFO:LDA multi_core enabled
2020-11-29 13:04:26,529:INFO:LdaMulticore imported successfully
2020-11-29 13:04:30,093:INFO:LdaMulticore trained successfully
2020-11-29 13:04:30,094:INFO:Creating MLFLow Logs
2020-11-29 13:04:30,231:INFO:LdaModel(num_terms=4660, num_topics=32, decay=0.5, chunksize=100)
2020-11-29 13:04:30,231:INFO:create_model() succesfully completed......................................
2020-11-29 13:04:30,232:INFO:SubProcess create_model() end ==================================
2020-11-29 13:04:30,232:INFO:SubProcess assign_model() called ==================================
2020-11-29 13:04:30,232:INFO:Initializing assign_model()
2020-11-29 13:04:30,232:INFO:assign_model(model=LdaModel(num_terms=4660, num_topics=32, decay=0.5, chunksize=100), verbose=False)
2020-11-29 13:04:30,232:INFO:Determining model type
2020-11-29 13:04:30,232:INFO:model type: lda
2020-11-29 13:04:30,232:INFO:Checking exceptions
2020-11-29 13:04:30,232:INFO:Preloading libraries
2020-11-29 13:04:30,232:INFO:Preparing display monitor
2020-11-29 13:04:31,016:INFO:(1000, 41)
2020-11-29 13:04:31,016:INFO:assign_model() succesfully completed......................................
2020-11-29 13:04:31,019:INFO:SubProcess assign_model() end ==================================
2020-11-29 13:04:31,019:INFO:Fitting Model with num_topics = 64
2020-11-29 13:04:31,036:INFO:SubProcess create_model() called ==================================
2020-11-29 13:04:31,036:INFO:Initializing create_model()
2020-11-29 13:04:31,037:INFO:create_model(model=lda, multi_core=True, num_topics=64, verbose=False, system=True)
2020-11-29 13:04:31,037:INFO:Checking exceptions
2020-11-29 13:04:31,037:INFO:Preloading libraries
2020-11-29 13:04:31,037:INFO:Preparing display monitor
2020-11-29 13:04:31,042:INFO:Defining topic model
2020-11-29 13:04:31,042:INFO:Model: Latent Dirichlet Allocation
2020-11-29 13:04:31,042:INFO:Defining num_topics parameter
2020-11-29 13:04:31,042:INFO:num_topics set to: 64
2020-11-29 13:04:31,043:INFO:LDA multi_core enabled
2020-11-29 13:04:31,043:INFO:LdaMulticore imported successfully
2020-11-29 13:04:35,173:INFO:LdaMulticore trained successfully
2020-11-29 13:04:35,175:INFO:Creating MLFLow Logs
2020-11-29 13:04:35,330:INFO:LdaModel(num_terms=4660, num_topics=64, decay=0.5, chunksize=100)
2020-11-29 13:04:35,330:INFO:create_model() succesfully completed......................................
2020-11-29 13:04:35,330:INFO:SubProcess create_model() end ==================================
2020-11-29 13:04:35,330:INFO:SubProcess assign_model() called ==================================
2020-11-29 13:04:35,331:INFO:Initializing assign_model()
2020-11-29 13:04:35,331:INFO:assign_model(model=LdaModel(num_terms=4660, num_topics=64, decay=0.5, chunksize=100), verbose=False)
2020-11-29 13:04:35,331:INFO:Determining model type
2020-11-29 13:04:35,331:INFO:model type: lda
2020-11-29 13:04:35,331:INFO:Checking exceptions
2020-11-29 13:04:35,331:INFO:Preloading libraries
2020-11-29 13:04:35,331:INFO:Preparing display monitor
2020-11-29 13:04:36,345:INFO:(1000, 73)
2020-11-29 13:04:36,345:INFO:assign_model() succesfully completed......................................
2020-11-29 13:04:36,350:INFO:SubProcess assign_model() end ==================================
2020-11-29 13:04:36,350:INFO:Fitting Model with num_topics = 100
2020-11-29 13:04:36,363:INFO:SubProcess create_model() called ==================================
2020-11-29 13:04:36,364:INFO:Initializing create_model()
2020-11-29 13:04:36,364:INFO:create_model(model=lda, multi_core=True, num_topics=100, verbose=False, system=True)
2020-11-29 13:04:36,364:INFO:Checking exceptions
2020-11-29 13:04:36,364:INFO:Preloading libraries
2020-11-29 13:04:36,365:INFO:Preparing display monitor
2020-11-29 13:04:36,370:INFO:Defining topic model
2020-11-29 13:04:36,370:INFO:Model: Latent Dirichlet Allocation
2020-11-29 13:04:36,370:INFO:Defining num_topics parameter
2020-11-29 13:04:36,370:INFO:num_topics set to: 100
2020-11-29 13:04:36,370:INFO:LDA multi_core enabled
2020-11-29 13:04:36,370:INFO:LdaMulticore imported successfully
2020-11-29 13:04:42,089:INFO:LdaMulticore trained successfully
2020-11-29 13:04:42,090:INFO:Creating MLFLow Logs
2020-11-29 13:04:42,236:INFO:LdaModel(num_terms=4660, num_topics=100, decay=0.5, chunksize=100)
2020-11-29 13:04:42,236:INFO:create_model() succesfully completed......................................
2020-11-29 13:04:42,236:INFO:SubProcess create_model() end ==================================
2020-11-29 13:04:42,236:INFO:SubProcess assign_model() called ==================================
2020-11-29 13:04:42,237:INFO:Initializing assign_model()
2020-11-29 13:04:42,237:INFO:assign_model(model=LdaModel(num_terms=4660, num_topics=100, decay=0.5, chunksize=100), verbose=False)
2020-11-29 13:04:42,237:INFO:Determining model type
2020-11-29 13:04:42,237:INFO:model type: lda
2020-11-29 13:04:42,237:INFO:Checking exceptions
2020-11-29 13:04:42,237:INFO:Preloading libraries
2020-11-29 13:04:42,237:INFO:Preparing display monitor
2020-11-29 13:04:43,608:INFO:(1000, 109)
2020-11-29 13:04:43,608:INFO:assign_model() succesfully completed......................................
2020-11-29 13:04:43,616:INFO:SubProcess assign_model() end ==================================
2020-11-29 13:04:43,616:INFO:Fitting Model with num_topics = 200
2020-11-29 13:04:43,628:INFO:SubProcess create_model() called ==================================
2020-11-29 13:04:43,628:INFO:Initializing create_model()
2020-11-29 13:04:43,629:INFO:create_model(model=lda, multi_core=True, num_topics=200, verbose=False, system=True)
2020-11-29 13:04:43,629:INFO:Checking exceptions
2020-11-29 13:04:43,629:INFO:Preloading libraries
2020-11-29 13:04:43,629:INFO:Preparing display monitor
2020-11-29 13:04:43,634:INFO:Defining topic model
2020-11-29 13:04:43,634:INFO:Model: Latent Dirichlet Allocation
2020-11-29 13:04:43,634:INFO:Defining num_topics parameter
2020-11-29 13:04:43,634:INFO:num_topics set to: 200
2020-11-29 13:04:43,635:INFO:LDA multi_core enabled
2020-11-29 13:04:43,635:INFO:LdaMulticore imported successfully
2020-11-29 13:04:55,020:INFO:LdaMulticore trained successfully
2020-11-29 13:04:55,021:INFO:Creating MLFLow Logs
2020-11-29 13:04:55,180:INFO:LdaModel(num_terms=4660, num_topics=200, decay=0.5, chunksize=100)
2020-11-29 13:04:55,180:INFO:create_model() succesfully completed......................................
2020-11-29 13:04:55,181:INFO:SubProcess create_model() end ==================================
2020-11-29 13:04:55,181:INFO:SubProcess assign_model() called ==================================
2020-11-29 13:04:55,181:INFO:Initializing assign_model()
2020-11-29 13:04:55,181:INFO:assign_model(model=LdaModel(num_terms=4660, num_topics=200, decay=0.5, chunksize=100), verbose=False)
2020-11-29 13:04:55,181:INFO:Determining model type
2020-11-29 13:04:55,181:INFO:model type: lda
2020-11-29 13:04:55,181:INFO:Checking exceptions
2020-11-29 13:04:55,181:INFO:Preloading libraries
2020-11-29 13:04:55,181:INFO:Preparing display monitor
2020-11-29 13:04:57,693:INFO:(1000, 209)
2020-11-29 13:04:57,693:INFO:assign_model() succesfully completed......................................
2020-11-29 13:04:57,707:INFO:SubProcess assign_model() end ==================================
2020-11-29 13:04:57,708:INFO:Fitting Model with num_topics = 300
2020-11-29 13:04:57,718:INFO:SubProcess create_model() called ==================================
2020-11-29 13:04:57,719:INFO:Initializing create_model()
2020-11-29 13:04:57,719:INFO:create_model(model=lda, multi_core=True, num_topics=300, verbose=False, system=True)
2020-11-29 13:04:57,719:INFO:Checking exceptions
2020-11-29 13:04:57,719:INFO:Preloading libraries
2020-11-29 13:04:57,719:INFO:Preparing display monitor
2020-11-29 13:04:57,724:INFO:Defining topic model
2020-11-29 13:04:57,724:INFO:Model: Latent Dirichlet Allocation
2020-11-29 13:04:57,724:INFO:Defining num_topics parameter
2020-11-29 13:04:57,724:INFO:num_topics set to: 300
2020-11-29 13:04:57,725:INFO:LDA multi_core enabled
2020-11-29 13:04:57,725:INFO:LdaMulticore imported successfully
2020-11-29 13:05:14,070:INFO:LdaMulticore trained successfully
2020-11-29 13:05:14,071:INFO:Creating MLFLow Logs
2020-11-29 13:05:14,243:INFO:LdaModel(num_terms=4660, num_topics=300, decay=0.5, chunksize=100)
2020-11-29 13:05:14,243:INFO:create_model() succesfully completed......................................
2020-11-29 13:05:14,244:INFO:SubProcess create_model() end ==================================
2020-11-29 13:05:14,244:INFO:SubProcess assign_model() called ==================================
2020-11-29 13:05:14,245:INFO:Initializing assign_model()
2020-11-29 13:05:14,245:INFO:assign_model(model=LdaModel(num_terms=4660, num_topics=300, decay=0.5, chunksize=100), verbose=False)
2020-11-29 13:05:14,245:INFO:Determining model type
2020-11-29 13:05:14,245:INFO:model type: lda
2020-11-29 13:05:14,245:INFO:Checking exceptions
2020-11-29 13:05:14,245:INFO:Preloading libraries
2020-11-29 13:05:14,245:INFO:Preparing display monitor
2020-11-29 13:05:17,851:INFO:(1000, 309)
2020-11-29 13:05:17,851:INFO:assign_model() succesfully completed......................................
2020-11-29 13:05:17,872:INFO:SubProcess assign_model() end ==================================
2020-11-29 13:05:17,872:INFO:Fitting Model with num_topics = 400
2020-11-29 13:05:17,879:INFO:SubProcess create_model() called ==================================
2020-11-29 13:05:17,880:INFO:Initializing create_model()
2020-11-29 13:05:17,880:INFO:create_model(model=lda, multi_core=True, num_topics=400, verbose=False, system=True)
2020-11-29 13:05:17,880:INFO:Checking exceptions
2020-11-29 13:05:17,880:INFO:Preloading libraries
2020-11-29 13:05:17,880:INFO:Preparing display monitor
2020-11-29 13:05:17,886:INFO:Defining topic model
2020-11-29 13:05:17,886:INFO:Model: Latent Dirichlet Allocation
2020-11-29 13:05:17,886:INFO:Defining num_topics parameter
2020-11-29 13:05:17,886:INFO:num_topics set to: 400
2020-11-29 13:05:17,887:INFO:LDA multi_core enabled
2020-11-29 13:05:17,887:INFO:LdaMulticore imported successfully
2020-11-29 13:05:38,914:INFO:LdaMulticore trained successfully
2020-11-29 13:05:38,916:INFO:Creating MLFLow Logs
2020-11-29 13:05:39,095:INFO:LdaModel(num_terms=4660, num_topics=400, decay=0.5, chunksize=100)
2020-11-29 13:05:39,095:INFO:create_model() succesfully completed......................................
2020-11-29 13:05:39,095:INFO:SubProcess create_model() end ==================================
2020-11-29 13:05:39,096:INFO:SubProcess assign_model() called ==================================
2020-11-29 13:05:39,096:INFO:Initializing assign_model()
2020-11-29 13:05:39,096:INFO:assign_model(model=LdaModel(num_terms=4660, num_topics=400, decay=0.5, chunksize=100), verbose=False)
2020-11-29 13:05:39,096:INFO:Determining model type
2020-11-29 13:05:39,096:INFO:model type: lda
2020-11-29 13:05:39,096:INFO:Checking exceptions
2020-11-29 13:05:39,096:INFO:Preloading libraries
2020-11-29 13:05:39,096:INFO:Preparing display monitor
2020-11-29 13:05:43,482:INFO:(1000, 409)
2020-11-29 13:05:43,482:INFO:assign_model() succesfully completed......................................
2020-11-29 13:05:43,510:INFO:SubProcess assign_model() end ==================================
2020-11-29 13:05:43,510:INFO:Problem : Unsupervised
2020-11-29 13:05:43,513:INFO:CoherenceModel imported successfully
2020-11-29 13:05:43,514:INFO:Evaluating Coherence with num_topics: LdaModel(num_terms=4660, num_topics=2, decay=0.5, chunksize=100)
2020-11-29 13:05:51,136:INFO:Evaluating Coherence with num_topics: LdaModel(num_terms=4660, num_topics=4, decay=0.5, chunksize=100)
2020-11-29 13:05:58,809:INFO:Evaluating Coherence with num_topics: LdaModel(num_terms=4660, num_topics=8, decay=0.5, chunksize=100)
2020-11-29 13:06:06,649:INFO:Evaluating Coherence with num_topics: LdaModel(num_terms=4660, num_topics=16, decay=0.5, chunksize=100)
2020-11-29 13:06:15,133:INFO:Evaluating Coherence with num_topics: LdaModel(num_terms=4660, num_topics=32, decay=0.5, chunksize=100)
2020-11-29 13:06:24,085:INFO:Evaluating Coherence with num_topics: LdaModel(num_terms=4660, num_topics=64, decay=0.5, chunksize=100)
2020-11-29 13:06:35,806:INFO:Evaluating Coherence with num_topics: LdaModel(num_terms=4660, num_topics=100, decay=0.5, chunksize=100)
2020-11-29 13:06:47,746:INFO:Evaluating Coherence with num_topics: LdaModel(num_terms=4660, num_topics=200, decay=0.5, chunksize=100)
2020-11-29 13:07:04,997:INFO:Evaluating Coherence with num_topics: LdaModel(num_terms=4660, num_topics=300, decay=0.5, chunksize=100)
2020-11-29 13:07:26,137:INFO:Evaluating Coherence with num_topics: LdaModel(num_terms=4660, num_topics=400, decay=0.5, chunksize=100)
2020-11-29 13:07:52,383:INFO:Creating metrics dataframe
2020-11-29 13:07:52,384:INFO:Rendering Visual
2020-11-29 13:07:52,572:INFO:Visual Rendered Successfully
2020-11-29 13:07:52,577:INFO:LdaModel(num_terms=4660, num_topics=400, decay=0.5, chunksize=100)
2020-11-29 13:07:52,578:INFO:tune_model() succesfully completed......................................
2020-11-29 13:08:01,338:INFO:Initializing tune_model()
2020-11-29 13:08:01,338:INFO:tune_model(model=lda, multi_core=True, supervised_target=status, estimator=None, optimize=None, custom_grid=None, auto_fe=True, fold=10, verbose=True)
2020-11-29 13:08:01,338:INFO:Checking exceptions
2020-11-29 13:08:01,338:INFO:Preloading libraries
2020-11-29 13:08:01,338:INFO:Preparing display monitor
2020-11-29 13:08:01,353:INFO:Importing libraries
2020-11-29 13:08:01,361:INFO:Objective : Classification
2020-11-29 13:08:01,361:INFO:Defining model name
2020-11-29 13:08:01,361:INFO:Topic Model Name: Latent Dirichlet Allocation
2020-11-29 13:08:01,361:INFO:Defining supervised estimator
2020-11-29 13:08:01,361:INFO:Estimator: lr
2020-11-29 13:08:01,361:INFO:Defining Optimizer
2020-11-29 13:08:01,361:INFO:Optimize: Accuracy
2020-11-29 13:08:01,362:INFO:Problem : Supervised
2020-11-29 13:08:01,362:INFO:auto_fe param set to True
2020-11-29 13:08:01,369:INFO:Extracting Polarity
2020-11-29 13:08:01,682:INFO:Extracting Subjectivity
2020-11-29 13:08:01,955:INFO:Extracting Wordcount
2020-11-29 13:08:01,956:INFO:Defining Tuning Grid
2020-11-29 13:08:01,956:INFO:Pre-defined Grid used
2020-11-29 13:08:01,958:INFO:Fitting Model with num_topics = 2
2020-11-29 13:08:01,961:INFO:SubProcess create_model() called ==================================
2020-11-29 13:08:01,962:INFO:Initializing create_model()
2020-11-29 13:08:01,962:INFO:create_model(model=lda, multi_core=True, num_topics=2, verbose=False, system=True)
2020-11-29 13:08:01,962:INFO:Checking exceptions
2020-11-29 13:08:01,962:INFO:Preloading libraries
2020-11-29 13:08:01,962:INFO:Preparing display monitor
2020-11-29 13:08:01,968:INFO:Defining topic model
2020-11-29 13:08:01,968:INFO:Model: Latent Dirichlet Allocation
2020-11-29 13:08:01,968:INFO:Defining num_topics parameter
2020-11-29 13:08:01,968:INFO:num_topics set to: 2
2020-11-29 13:08:01,969:INFO:LDA multi_core enabled
2020-11-29 13:08:01,969:INFO:LdaMulticore imported successfully
2020-11-29 13:08:05,631:INFO:LdaMulticore trained successfully
2020-11-29 13:08:05,632:INFO:Creating MLFLow Logs
2020-11-29 13:08:05,771:INFO:LdaModel(num_terms=4660, num_topics=2, decay=0.5, chunksize=100)
2020-11-29 13:08:05,771:INFO:create_model() succesfully completed......................................
2020-11-29 13:08:05,771:INFO:SubProcess create_model() end ==================================
2020-11-29 13:08:05,771:INFO:SubProcess assign_model() called ==================================
2020-11-29 13:08:05,771:INFO:Initializing assign_model()
2020-11-29 13:08:05,771:INFO:assign_model(model=LdaModel(num_terms=4660, num_topics=2, decay=0.5, chunksize=100), verbose=False)
2020-11-29 13:08:05,772:INFO:Determining model type
2020-11-29 13:08:05,772:INFO:model type: lda
2020-11-29 13:08:05,772:INFO:Checking exceptions
2020-11-29 13:08:05,772:INFO:Preloading libraries
2020-11-29 13:08:05,772:INFO:Preparing display monitor
2020-11-29 13:08:06,462:INFO:(1000, 11)
2020-11-29 13:08:06,462:INFO:assign_model() succesfully completed......................................
2020-11-29 13:08:06,463:INFO:SubProcess assign_model() end ==================================
2020-11-29 13:08:06,464:INFO:Fitting Model with num_topics = 4
2020-11-29 13:08:06,480:INFO:SubProcess create_model() called ==================================
2020-11-29 13:08:06,481:INFO:Initializing create_model()
2020-11-29 13:08:06,481:INFO:create_model(model=lda, multi_core=True, num_topics=4, verbose=False, system=True)
2020-11-29 13:08:06,481:INFO:Checking exceptions
2020-11-29 13:08:06,481:INFO:Preloading libraries
2020-11-29 13:08:06,481:INFO:Preparing display monitor
2020-11-29 13:08:06,487:INFO:Defining topic model
2020-11-29 13:08:06,487:INFO:Model: Latent Dirichlet Allocation
2020-11-29 13:08:06,488:INFO:Defining num_topics parameter
2020-11-29 13:08:06,488:INFO:num_topics set to: 4
2020-11-29 13:08:06,488:INFO:LDA multi_core enabled
2020-11-29 13:08:06,489:INFO:LdaMulticore imported successfully
2020-11-29 13:08:10,048:INFO:LdaMulticore trained successfully
2020-11-29 13:08:10,049:INFO:Creating MLFLow Logs
2020-11-29 13:08:10,187:INFO:LdaModel(num_terms=4660, num_topics=4, decay=0.5, chunksize=100)
2020-11-29 13:08:10,188:INFO:create_model() succesfully completed......................................
2020-11-29 13:08:10,188:INFO:SubProcess create_model() end ==================================
2020-11-29 13:08:10,188:INFO:SubProcess assign_model() called ==================================
2020-11-29 13:08:10,188:INFO:Initializing assign_model()
2020-11-29 13:08:10,188:INFO:assign_model(model=LdaModel(num_terms=4660, num_topics=4, decay=0.5, chunksize=100), verbose=False)
2020-11-29 13:08:10,188:INFO:Determining model type
2020-11-29 13:08:10,188:INFO:model type: lda
2020-11-29 13:08:10,188:INFO:Checking exceptions
2020-11-29 13:08:10,188:INFO:Preloading libraries
2020-11-29 13:08:10,188:INFO:Preparing display monitor
2020-11-29 13:08:10,823:INFO:(1000, 13)
2020-11-29 13:08:10,823:INFO:assign_model() succesfully completed......................................
2020-11-29 13:08:10,824:INFO:SubProcess assign_model() end ==================================
2020-11-29 13:08:10,826:INFO:Fitting Model with num_topics = 8
2020-11-29 13:08:10,841:INFO:SubProcess create_model() called ==================================
2020-11-29 13:08:10,842:INFO:Initializing create_model()
2020-11-29 13:08:10,842:INFO:create_model(model=lda, multi_core=True, num_topics=8, verbose=False, system=True)
2020-11-29 13:08:10,842:INFO:Checking exceptions
2020-11-29 13:08:10,842:INFO:Preloading libraries
2020-11-29 13:08:10,843:INFO:Preparing display monitor
2020-11-29 13:08:10,848:INFO:Defining topic model
2020-11-29 13:08:10,848:INFO:Model: Latent Dirichlet Allocation
2020-11-29 13:08:10,848:INFO:Defining num_topics parameter
2020-11-29 13:08:10,848:INFO:num_topics set to: 8
2020-11-29 13:08:10,849:INFO:LDA multi_core enabled
2020-11-29 13:08:10,849:INFO:LdaMulticore imported successfully
2020-11-29 13:08:14,190:INFO:LdaMulticore trained successfully
2020-11-29 13:08:14,191:INFO:Creating MLFLow Logs
2020-11-29 13:08:14,330:INFO:LdaModel(num_terms=4660, num_topics=8, decay=0.5, chunksize=100)
2020-11-29 13:08:14,330:INFO:create_model() succesfully completed......................................
2020-11-29 13:08:14,330:INFO:SubProcess create_model() end ==================================
2020-11-29 13:08:14,330:INFO:SubProcess assign_model() called ==================================
2020-11-29 13:08:14,330:INFO:Initializing assign_model()
2020-11-29 13:08:14,330:INFO:assign_model(model=LdaModel(num_terms=4660, num_topics=8, decay=0.5, chunksize=100), verbose=False)
2020-11-29 13:08:14,330:INFO:Determining model type
2020-11-29 13:08:14,330:INFO:model type: lda
2020-11-29 13:08:14,330:INFO:Checking exceptions
2020-11-29 13:08:14,330:INFO:Preloading libraries
2020-11-29 13:08:14,331:INFO:Preparing display monitor
2020-11-29 13:08:14,970:INFO:(1000, 17)
2020-11-29 13:08:14,970:INFO:assign_model() succesfully completed......................................
2020-11-29 13:08:14,971:INFO:SubProcess assign_model() end ==================================
2020-11-29 13:08:14,973:INFO:Fitting Model with num_topics = 16
2020-11-29 13:08:14,989:INFO:SubProcess create_model() called ==================================
2020-11-29 13:08:14,989:INFO:Initializing create_model()
2020-11-29 13:08:14,990:INFO:create_model(model=lda, multi_core=True, num_topics=16, verbose=False, system=True)
2020-11-29 13:08:14,990:INFO:Checking exceptions
2020-11-29 13:08:14,990:INFO:Preloading libraries
2020-11-29 13:08:14,990:INFO:Preparing display monitor
2020-11-29 13:08:14,996:INFO:Defining topic model
2020-11-29 13:08:14,996:INFO:Model: Latent Dirichlet Allocation
2020-11-29 13:08:14,996:INFO:Defining num_topics parameter
2020-11-29 13:08:14,996:INFO:num_topics set to: 16
2020-11-29 13:08:14,997:INFO:LDA multi_core enabled
2020-11-29 13:08:14,997:INFO:LdaMulticore imported successfully
2020-11-29 13:08:18,344:INFO:LdaMulticore trained successfully
2020-11-29 13:08:18,345:INFO:Creating MLFLow Logs
2020-11-29 13:08:18,484:INFO:LdaModel(num_terms=4660, num_topics=16, decay=0.5, chunksize=100)
2020-11-29 13:08:18,484:INFO:create_model() succesfully completed......................................
2020-11-29 13:08:18,484:INFO:SubProcess create_model() end ==================================
2020-11-29 13:08:18,484:INFO:SubProcess assign_model() called ==================================
2020-11-29 13:08:18,485:INFO:Initializing assign_model()
2020-11-29 13:08:18,485:INFO:assign_model(model=LdaModel(num_terms=4660, num_topics=16, decay=0.5, chunksize=100), verbose=False)
2020-11-29 13:08:18,485:INFO:Determining model type
2020-11-29 13:08:18,485:INFO:model type: lda
2020-11-29 13:08:18,485:INFO:Checking exceptions
2020-11-29 13:08:18,485:INFO:Preloading libraries
2020-11-29 13:08:18,485:INFO:Preparing display monitor
2020-11-29 13:08:19,177:INFO:(1000, 25)
2020-11-29 13:08:19,177:INFO:assign_model() succesfully completed......................................
2020-11-29 13:08:19,179:INFO:SubProcess assign_model() end ==================================
2020-11-29 13:08:19,180:INFO:Fitting Model with num_topics = 32
2020-11-29 13:08:19,197:INFO:SubProcess create_model() called ==================================
2020-11-29 13:08:19,198:INFO:Initializing create_model()
2020-11-29 13:08:19,198:INFO:create_model(model=lda, multi_core=True, num_topics=32, verbose=False, system=True)
2020-11-29 13:08:19,198:INFO:Checking exceptions
2020-11-29 13:08:19,198:INFO:Preloading libraries
2020-11-29 13:08:19,198:INFO:Preparing display monitor
2020-11-29 13:08:19,204:INFO:Defining topic model
2020-11-29 13:08:19,204:INFO:Model: Latent Dirichlet Allocation
2020-11-29 13:08:19,205:INFO:Defining num_topics parameter
2020-11-29 13:08:19,205:INFO:num_topics set to: 32
2020-11-29 13:08:19,205:INFO:LDA multi_core enabled
2020-11-29 13:08:19,205:INFO:LdaMulticore imported successfully
2020-11-29 13:08:22,999:INFO:LdaMulticore trained successfully
2020-11-29 13:08:23,000:INFO:Creating MLFLow Logs
2020-11-29 13:08:23,139:INFO:LdaModel(num_terms=4660, num_topics=32, decay=0.5, chunksize=100)
2020-11-29 13:08:23,139:INFO:create_model() succesfully completed......................................
2020-11-29 13:08:23,139:INFO:SubProcess create_model() end ==================================
2020-11-29 13:08:23,139:INFO:SubProcess assign_model() called ==================================
2020-11-29 13:08:23,140:INFO:Initializing assign_model()
2020-11-29 13:08:23,140:INFO:assign_model(model=LdaModel(num_terms=4660, num_topics=32, decay=0.5, chunksize=100), verbose=False)
2020-11-29 13:08:23,140:INFO:Determining model type
2020-11-29 13:08:23,140:INFO:model type: lda
2020-11-29 13:08:23,140:INFO:Checking exceptions
2020-11-29 13:08:23,140:INFO:Preloading libraries
2020-11-29 13:08:23,140:INFO:Preparing display monitor
2020-11-29 13:08:23,930:INFO:(1000, 41)
2020-11-29 13:08:23,930:INFO:assign_model() succesfully completed......................................
2020-11-29 13:08:23,933:INFO:SubProcess assign_model() end ==================================
2020-11-29 13:08:23,934:INFO:Fitting Model with num_topics = 64
2020-11-29 13:08:23,951:INFO:SubProcess create_model() called ==================================
2020-11-29 13:08:23,952:INFO:Initializing create_model()
2020-11-29 13:08:23,952:INFO:create_model(model=lda, multi_core=True, num_topics=64, verbose=False, system=True)
2020-11-29 13:08:23,952:INFO:Checking exceptions
2020-11-29 13:08:23,953:INFO:Preloading libraries
2020-11-29 13:08:23,953:INFO:Preparing display monitor
2020-11-29 13:08:23,958:INFO:Defining topic model
2020-11-29 13:08:23,958:INFO:Model: Latent Dirichlet Allocation
2020-11-29 13:08:23,958:INFO:Defining num_topics parameter
2020-11-29 13:08:23,959:INFO:num_topics set to: 64
2020-11-29 13:08:23,959:INFO:LDA multi_core enabled
2020-11-29 13:08:23,959:INFO:LdaMulticore imported successfully
2020-11-29 13:08:28,092:INFO:LdaMulticore trained successfully
2020-11-29 13:08:28,094:INFO:Creating MLFLow Logs
2020-11-29 13:08:28,241:INFO:LdaModel(num_terms=4660, num_topics=64, decay=0.5, chunksize=100)
2020-11-29 13:08:28,242:INFO:create_model() succesfully completed......................................
2020-11-29 13:08:28,242:INFO:SubProcess create_model() end ==================================
2020-11-29 13:08:28,242:INFO:SubProcess assign_model() called ==================================
2020-11-29 13:08:28,242:INFO:Initializing assign_model()
2020-11-29 13:08:28,242:INFO:assign_model(model=LdaModel(num_terms=4660, num_topics=64, decay=0.5, chunksize=100), verbose=False)
2020-11-29 13:08:28,242:INFO:Determining model type
2020-11-29 13:08:28,242:INFO:model type: lda
2020-11-29 13:08:28,242:INFO:Checking exceptions
2020-11-29 13:08:28,242:INFO:Preloading libraries
2020-11-29 13:08:28,242:INFO:Preparing display monitor
2020-11-29 13:08:29,290:INFO:(1000, 73)
2020-11-29 13:08:29,290:INFO:assign_model() succesfully completed......................................
2020-11-29 13:08:29,296:INFO:SubProcess assign_model() end ==================================
2020-11-29 13:08:29,298:INFO:Fitting Model with num_topics = 100
2020-11-29 13:08:29,310:INFO:SubProcess create_model() called ==================================
2020-11-29 13:08:29,311:INFO:Initializing create_model()
2020-11-29 13:08:29,312:INFO:create_model(model=lda, multi_core=True, num_topics=100, verbose=False, system=True)
2020-11-29 13:08:29,312:INFO:Checking exceptions
2020-11-29 13:08:29,312:INFO:Preloading libraries
2020-11-29 13:08:29,312:INFO:Preparing display monitor
2020-11-29 13:08:29,318:INFO:Defining topic model
2020-11-29 13:08:29,318:INFO:Model: Latent Dirichlet Allocation
2020-11-29 13:08:29,318:INFO:Defining num_topics parameter
2020-11-29 13:08:29,318:INFO:num_topics set to: 100
2020-11-29 13:08:29,319:INFO:LDA multi_core enabled
2020-11-29 13:08:29,319:INFO:LdaMulticore imported successfully
2020-11-29 13:08:35,161:INFO:LdaMulticore trained successfully
2020-11-29 13:08:35,162:INFO:Creating MLFLow Logs
2020-11-29 13:08:35,304:INFO:LdaModel(num_terms=4660, num_topics=100, decay=0.5, chunksize=100)
2020-11-29 13:08:35,304:INFO:create_model() succesfully completed......................................
2020-11-29 13:08:35,305:INFO:SubProcess create_model() end ==================================
2020-11-29 13:08:35,305:INFO:SubProcess assign_model() called ==================================
2020-11-29 13:08:35,305:INFO:Initializing assign_model()
2020-11-29 13:08:35,305:INFO:assign_model(model=LdaModel(num_terms=4660, num_topics=100, decay=0.5, chunksize=100), verbose=False)
2020-11-29 13:08:35,305:INFO:Determining model type
2020-11-29 13:08:35,305:INFO:model type: lda
2020-11-29 13:08:35,305:INFO:Checking exceptions
2020-11-29 13:08:35,305:INFO:Preloading libraries
2020-11-29 13:08:35,305:INFO:Preparing display monitor
2020-11-29 13:08:36,689:INFO:(1000, 109)
2020-11-29 13:08:36,689:INFO:assign_model() succesfully completed......................................
2020-11-29 13:08:36,697:INFO:SubProcess assign_model() end ==================================
2020-11-29 13:08:36,699:INFO:Fitting Model with num_topics = 200
2020-11-29 13:08:36,713:INFO:SubProcess create_model() called ==================================
2020-11-29 13:08:36,713:INFO:Initializing create_model()
2020-11-29 13:08:36,713:INFO:create_model(model=lda, multi_core=True, num_topics=200, verbose=False, system=True)
2020-11-29 13:08:36,713:INFO:Checking exceptions
2020-11-29 13:08:36,714:INFO:Preloading libraries
2020-11-29 13:08:36,714:INFO:Preparing display monitor
2020-11-29 13:08:36,719:INFO:Defining topic model
2020-11-29 13:08:36,719:INFO:Model: Latent Dirichlet Allocation
2020-11-29 13:08:36,719:INFO:Defining num_topics parameter
2020-11-29 13:08:36,720:INFO:num_topics set to: 200
2020-11-29 13:08:36,720:INFO:LDA multi_core enabled
2020-11-29 13:08:36,720:INFO:LdaMulticore imported successfully
2020-11-29 13:08:48,016:INFO:LdaMulticore trained successfully
2020-11-29 13:08:48,017:INFO:Creating MLFLow Logs
2020-11-29 13:08:48,175:INFO:LdaModel(num_terms=4660, num_topics=200, decay=0.5, chunksize=100)
2020-11-29 13:08:48,175:INFO:create_model() succesfully completed......................................
2020-11-29 13:08:48,176:INFO:SubProcess create_model() end ==================================
2020-11-29 13:08:48,176:INFO:SubProcess assign_model() called ==================================
2020-11-29 13:08:48,176:INFO:Initializing assign_model()
2020-11-29 13:08:48,176:INFO:assign_model(model=LdaModel(num_terms=4660, num_topics=200, decay=0.5, chunksize=100), verbose=False)
2020-11-29 13:08:48,176:INFO:Determining model type
2020-11-29 13:08:48,176:INFO:model type: lda
2020-11-29 13:08:48,176:INFO:Checking exceptions
2020-11-29 13:08:48,176:INFO:Preloading libraries
2020-11-29 13:08:48,176:INFO:Preparing display monitor
2020-11-29 13:08:50,711:INFO:(1000, 209)
2020-11-29 13:08:50,711:INFO:assign_model() succesfully completed......................................
2020-11-29 13:08:50,728:INFO:SubProcess assign_model() end ==================================
2020-11-29 13:08:50,729:INFO:Fitting Model with num_topics = 300
2020-11-29 13:08:50,739:INFO:SubProcess create_model() called ==================================
2020-11-29 13:08:50,739:INFO:Initializing create_model()
2020-11-29 13:08:50,740:INFO:create_model(model=lda, multi_core=True, num_topics=300, verbose=False, system=True)
2020-11-29 13:08:50,740:INFO:Checking exceptions
2020-11-29 13:08:50,740:INFO:Preloading libraries
2020-11-29 13:08:50,740:INFO:Preparing display monitor
2020-11-29 13:08:50,745:INFO:Defining topic model
2020-11-29 13:08:50,745:INFO:Model: Latent Dirichlet Allocation
2020-11-29 13:08:50,745:INFO:Defining num_topics parameter
2020-11-29 13:08:50,746:INFO:num_topics set to: 300
2020-11-29 13:08:50,746:INFO:LDA multi_core enabled
2020-11-29 13:08:50,746:INFO:LdaMulticore imported successfully
2020-11-29 13:09:07,168:INFO:LdaMulticore trained successfully
2020-11-29 13:09:07,169:INFO:Creating MLFLow Logs
2020-11-29 13:09:07,337:INFO:LdaModel(num_terms=4660, num_topics=300, decay=0.5, chunksize=100)
2020-11-29 13:09:07,337:INFO:create_model() succesfully completed......................................
2020-11-29 13:09:07,337:INFO:SubProcess create_model() end ==================================
2020-11-29 13:09:07,337:INFO:SubProcess assign_model() called ==================================
2020-11-29 13:09:07,338:INFO:Initializing assign_model()
2020-11-29 13:09:07,338:INFO:assign_model(model=LdaModel(num_terms=4660, num_topics=300, decay=0.5, chunksize=100), verbose=False)
2020-11-29 13:09:07,338:INFO:Determining model type
2020-11-29 13:09:07,338:INFO:model type: lda
2020-11-29 13:09:07,338:INFO:Checking exceptions
2020-11-29 13:09:07,338:INFO:Preloading libraries
2020-11-29 13:09:07,338:INFO:Preparing display monitor
2020-11-29 13:09:10,936:INFO:(1000, 309)
2020-11-29 13:09:10,936:INFO:assign_model() succesfully completed......................................
2020-11-29 13:09:10,957:INFO:SubProcess assign_model() end ==================================
2020-11-29 13:09:10,959:INFO:Fitting Model with num_topics = 400
2020-11-29 13:09:10,964:INFO:SubProcess create_model() called ==================================
2020-11-29 13:09:10,965:INFO:Initializing create_model()
2020-11-29 13:09:10,965:INFO:create_model(model=lda, multi_core=True, num_topics=400, verbose=False, system=True)
2020-11-29 13:09:10,965:INFO:Checking exceptions
2020-11-29 13:09:10,965:INFO:Preloading libraries
2020-11-29 13:09:10,965:INFO:Preparing display monitor
2020-11-29 13:09:10,971:INFO:Defining topic model
2020-11-29 13:09:10,971:INFO:Model: Latent Dirichlet Allocation
2020-11-29 13:09:10,971:INFO:Defining num_topics parameter
2020-11-29 13:09:10,971:INFO:num_topics set to: 400
2020-11-29 13:09:10,972:INFO:LDA multi_core enabled
2020-11-29 13:09:10,972:INFO:LdaMulticore imported successfully
2020-11-29 13:09:31,811:INFO:LdaMulticore trained successfully
2020-11-29 13:09:31,812:INFO:Creating MLFLow Logs
2020-11-29 13:09:32,005:INFO:LdaModel(num_terms=4660, num_topics=400, decay=0.5, chunksize=100)
2020-11-29 13:09:32,005:INFO:create_model() succesfully completed......................................
2020-11-29 13:09:32,006:INFO:SubProcess create_model() end ==================================
2020-11-29 13:09:32,006:INFO:SubProcess assign_model() called ==================================
2020-11-29 13:09:32,007:INFO:Initializing assign_model()
2020-11-29 13:09:32,007:INFO:assign_model(model=LdaModel(num_terms=4660, num_topics=400, decay=0.5, chunksize=100), verbose=False)
2020-11-29 13:09:32,007:INFO:Determining model type
2020-11-29 13:09:32,007:INFO:model type: lda
2020-11-29 13:09:32,007:INFO:Checking exceptions
2020-11-29 13:09:32,007:INFO:Preloading libraries
2020-11-29 13:09:32,007:INFO:Preparing display monitor
2020-11-29 13:09:36,407:INFO:(1000, 409)
2020-11-29 13:09:36,407:INFO:assign_model() succesfully completed......................................
2020-11-29 13:09:36,436:INFO:SubProcess assign_model() end ==================================
2020-11-29 13:09:36,438:INFO:Importing untrained Classifier
2020-11-29 13:09:36,441:INFO:Logistic Regression Imported Successfully
2020-11-29 13:09:36,442:INFO:Training supervised model with num_topics: 2
2020-11-29 13:09:36,454:INFO:Fitting Model
2020-11-29 13:09:36,520:INFO:Generating Cross Val Predictions
2020-11-29 13:09:37,255:INFO:Training supervised model with num_topics: 4
2020-11-29 13:09:37,267:INFO:Fitting Model
2020-11-29 13:09:37,300:INFO:Generating Cross Val Predictions
2020-11-29 13:09:37,989:INFO:Training supervised model with num_topics: 8
2020-11-29 13:09:38,000:INFO:Fitting Model
2020-11-29 13:09:38,031:INFO:Generating Cross Val Predictions
2020-11-29 13:09:38,707:INFO:Training supervised model with num_topics: 16
2020-11-29 13:09:38,720:INFO:Fitting Model
2020-11-29 13:09:38,754:INFO:Generating Cross Val Predictions
2020-11-29 13:09:39,453:INFO:Training supervised model with num_topics: 32
2020-11-29 13:09:39,464:INFO:Fitting Model
2020-11-29 13:09:39,497:INFO:Generating Cross Val Predictions
2020-11-29 13:09:40,221:INFO:Training supervised model with num_topics: 64
2020-11-29 13:09:40,234:INFO:Fitting Model
2020-11-29 13:09:40,271:INFO:Generating Cross Val Predictions
2020-11-29 13:09:41,027:INFO:Training supervised model with num_topics: 100
2020-11-29 13:09:41,040:INFO:Fitting Model
2020-11-29 13:09:41,077:INFO:Generating Cross Val Predictions
2020-11-29 13:09:41,884:INFO:Training supervised model with num_topics: 200
2020-11-29 13:09:41,899:INFO:Fitting Model
2020-11-29 13:09:41,945:INFO:Generating Cross Val Predictions
2020-11-29 13:09:42,870:INFO:Training supervised model with num_topics: 300
2020-11-29 13:09:42,887:INFO:Fitting Model
2020-11-29 13:09:42,935:INFO:Generating Cross Val Predictions
2020-11-29 13:09:43,953:INFO:Training supervised model with num_topics: 400
2020-11-29 13:09:43,973:INFO:Fitting Model
2020-11-29 13:09:44,020:INFO:Generating Cross Val Predictions
2020-11-29 13:09:45,112:INFO:Creating metrics dataframe
2020-11-29 13:09:45,113:INFO:Rendering Visual
2020-11-29 13:09:45,454:INFO:Visual Rendered Successfully
2020-11-29 13:09:45,459:INFO:LdaModel(num_terms=4660, num_topics=8, decay=0.5, chunksize=100)
2020-11-29 13:09:45,459:INFO:tune_model() succesfully completed......................................
