2020-12-09 00:42:00,220:INFO:PyCaret Classification Module
2020-12-09 00:42:00,220:INFO:version 2.0
2020-12-09 00:42:00,220:INFO:Initializing setup()
2020-12-09 00:42:00,220:INFO:USI: d7dd
2020-12-09 00:42:00,221:INFO:setup(data=(60800, 14), target=visit, train_size=0.7, sampling=True, sample_estimator=None, categorical_features=None, categorical_imputation=constant, ordinal_features=None,
                    high_cardinality_features=None, high_cardinality_method=frequency, numeric_features=None, numeric_imputation=mean, date_features=None, ignore_features=['ID'], normalize=False,
                    normalize_method=zscore, transformation=False, transformation_method=yeo-johnson, handle_unknown_categorical=True, unknown_categorical_method=least_frequent, pca=False, pca_method=linear,
                    pca_components=None, ignore_low_variance=False, combine_rare_levels=False, rare_level_threshold=0.1, bin_numeric_features=None, remove_outliers=False, outliers_threshold=0.05,
                    remove_multicollinearity=False, multicollinearity_threshold=0.9, remove_perfect_collinearity=False, create_clusters=False, cluster_iter=20,
                    polynomial_features=False, polynomial_degree=2, trigonometry_features=False, polynomial_threshold=0.1, group_features=None,
                    group_names=None, feature_selection=False, feature_selection_threshold=0.8, feature_interaction=False, feature_ratio=False, interaction_threshold=0.01,
                    fix_imbalance=False, fix_imbalance_method=None, data_split_shuffle=True, folds_shuffle=False, n_jobs=-1, html=True, session_id=562, log_experiment=False,
                    experiment_name=None, log_plots=False, log_profile=False, log_data=False, silent=True, verbose=True, profile=False)
2020-12-09 00:42:00,221:INFO:Checking environment
2020-12-09 00:42:00,221:INFO:python_version: 3.7.6
2020-12-09 00:42:00,221:INFO:python_build: ('default', 'Jan  8 2020 20:23:39')
2020-12-09 00:42:00,221:INFO:machine: AMD64
2020-12-09 00:42:00,221:INFO:platform: Windows-10-10.0.19041-SP0
2020-12-09 00:42:00,230:INFO:Memory: svmem(total=51446050816, available=40844640256, percent=20.6, used=10601410560, free=40844640256)
2020-12-09 00:42:00,230:INFO:Physical Core: 6
2020-12-09 00:42:00,230:INFO:Logical Core: 12
2020-12-09 00:42:00,230:INFO:Checking libraries
2020-12-09 00:42:00,230:INFO:pd==1.1.3
2020-12-09 00:42:00,230:INFO:numpy==1.18.5
2020-12-09 00:42:00,887:INFO:sklearn==0.23.2
2020-12-09 00:42:01,313:INFO:xgboost==1.2.1
2020-12-09 00:42:01,355:INFO:lightgbm==2.3.1
2020-12-09 00:42:01,398:INFO:catboost==0.24.3
2020-12-09 00:42:01,983:INFO:mlflow==1.9.1
2020-12-09 00:42:01,983:INFO:Checking Exceptions
2020-12-09 00:42:01,983:INFO:Preloading libraries
2020-12-09 00:42:01,983:INFO:Preparing display monitor
2020-12-09 00:42:01,994:INFO:Importing libraries
2020-12-09 00:42:02,978:INFO:Copying data for preprocessing
2020-12-09 00:42:02,980:INFO:Declaring global variables
2020-12-09 00:42:02,984:INFO:Declaring preprocessing parameters
2020-12-09 00:42:02,984:INFO:Importing preprocessing module
2020-12-09 00:42:03,457:INFO:Creating preprocessing pipeline
2020-12-09 00:42:04,476:INFO:Preprocessing pipeline created successfully
2020-12-09 00:42:04,476:ERROR:(Process Exit): setup has been interupted with user command 'quit'. setup must rerun.
2020-12-09 00:42:04,477:INFO:Creating grid variables
2020-12-09 00:42:04,485:INFO:Creating global containers
2020-12-09 00:42:04,595:INFO:create_model_container 0
2020-12-09 00:42:04,595:INFO:master_model_container 0
2020-12-09 00:42:04,595:INFO:display_container 0
2020-12-09 00:42:04,599:INFO:Pipeline(memory=None,
         steps=[('dtypes',
                 DataTypes_Auto_infer(categorical_features=[],
                                      display_types=False,
                                      features_todrop=['ID'],
                                      ml_usecase='classification',
                                      numerical_features=[], target='visit',
                                      time_features=[])),
                ('imputer',
                 Simple_Imputer(categorical_strategy='not_available',
                                numeric_strategy='mean',
                                target_variable=None)),
                ('new_levels1',
                 New_Catagorical...
                ('group', Empty()), ('nonliner', Empty()), ('scaling', Empty()),
                ('P_transform', Empty()), ('pt_target', Empty()),
                ('binn', Empty()), ('rem_outliers', Empty()),
                ('cluster_all', Empty()), ('dummy', Dummify(target='visit')),
                ('fix_perfect', Empty()), ('clean_names', Clean_Colum_Names()),
                ('feature_select', Empty()), ('fix_multi', Empty()),
                ('dfs', Empty()), ('pca', Empty())],
         verbose=False)
2020-12-09 00:42:04,599:INFO:setup() succesfully completed......................................
2020-12-09 00:42:23,701:INFO:Initializing create_model()
2020-12-09 00:42:23,702:INFO:create_model(estimator=nb, ensemble=False, method=None, fold=10, round=4, cross_validation=True, verbose=True, system=True)
2020-12-09 00:42:23,702:INFO:Checking exceptions
2020-12-09 00:42:23,702:INFO:Preloading libraries
2020-12-09 00:42:23,702:INFO:Preparing display monitor
2020-12-09 00:42:23,717:INFO:Copying training dataset
2020-12-09 00:42:23,720:INFO:Importing libraries
2020-12-09 00:42:23,721:INFO:Defining folds
2020-12-09 00:42:23,721:INFO:Declaring metric variables
2020-12-09 00:42:23,725:INFO:Importing untrained model
2020-12-09 00:42:23,726:INFO:Naive Bayes Imported succesfully
2020-12-09 00:42:23,727:INFO:Checking ensemble method
2020-12-09 00:42:23,735:INFO:Initializing Fold 1
2020-12-09 00:42:23,744:INFO:Fitting Model
2020-12-09 00:42:23,783:INFO:Evaluating Metrics
2020-12-09 00:42:23,796:INFO:Compiling Metrics
2020-12-09 00:42:23,812:INFO:Initializing Fold 2
2020-12-09 00:42:23,822:INFO:Fitting Model
2020-12-09 00:42:23,860:INFO:Evaluating Metrics
2020-12-09 00:42:23,873:INFO:Compiling Metrics
2020-12-09 00:42:23,889:INFO:Initializing Fold 3
2020-12-09 00:42:23,899:INFO:Fitting Model
2020-12-09 00:42:23,934:INFO:Evaluating Metrics
2020-12-09 00:42:23,948:INFO:Compiling Metrics
2020-12-09 00:42:23,963:INFO:Initializing Fold 4
2020-12-09 00:42:23,973:INFO:Fitting Model
2020-12-09 00:42:24,012:INFO:Evaluating Metrics
2020-12-09 00:42:24,026:INFO:Compiling Metrics
2020-12-09 00:42:24,042:INFO:Initializing Fold 5
2020-12-09 00:42:24,052:INFO:Fitting Model
2020-12-09 00:42:24,086:INFO:Evaluating Metrics
2020-12-09 00:42:24,100:INFO:Compiling Metrics
2020-12-09 00:42:24,115:INFO:Initializing Fold 6
2020-12-09 00:42:24,124:INFO:Fitting Model
2020-12-09 00:42:24,158:INFO:Evaluating Metrics
2020-12-09 00:42:24,171:INFO:Compiling Metrics
2020-12-09 00:42:24,187:INFO:Initializing Fold 7
2020-12-09 00:42:24,196:INFO:Fitting Model
2020-12-09 00:42:24,234:INFO:Evaluating Metrics
2020-12-09 00:42:24,248:INFO:Compiling Metrics
2020-12-09 00:42:24,265:INFO:Initializing Fold 8
2020-12-09 00:42:24,277:INFO:Fitting Model
2020-12-09 00:42:24,312:INFO:Evaluating Metrics
2020-12-09 00:42:24,326:INFO:Compiling Metrics
2020-12-09 00:42:24,342:INFO:Initializing Fold 9
2020-12-09 00:42:24,351:INFO:Fitting Model
2020-12-09 00:42:24,386:INFO:Evaluating Metrics
2020-12-09 00:42:24,400:INFO:Compiling Metrics
2020-12-09 00:42:24,416:INFO:Initializing Fold 10
2020-12-09 00:42:24,426:INFO:Fitting Model
2020-12-09 00:42:24,461:INFO:Evaluating Metrics
2020-12-09 00:42:24,475:INFO:Compiling Metrics
2020-12-09 00:42:24,491:INFO:Calculating mean and std
2020-12-09 00:42:24,492:INFO:Creating metrics dataframe
2020-12-09 00:42:24,497:INFO:Finalizing model
2020-12-09 00:42:24,540:INFO:Uploading results into container
2020-12-09 00:42:24,540:INFO:Uploading model into container now
2020-12-09 00:42:24,551:INFO:create_model_container: 1
2020-12-09 00:42:24,552:INFO:master_model_container: 1
2020-12-09 00:42:24,552:INFO:display_container: 1
2020-12-09 00:42:24,552:INFO:GaussianNB(priors=None, var_smoothing=1e-09)
2020-12-09 00:42:24,552:INFO:create_model() succesfully completed......................................
2020-12-09 00:42:42,524:INFO:Initializing finalize_model()
2020-12-09 00:42:42,524:INFO:finalize_model(estimator=GaussianNB(priors=None, var_smoothing=1e-09))
2020-12-09 00:42:42,524:INFO:Importing libraries
2020-12-09 00:42:42,524:INFO:Getting model name
2020-12-09 00:42:42,524:INFO:Finalizing Naive Bayes
2020-12-09 00:42:42,582:INFO:create_model_container: 1
2020-12-09 00:42:42,582:INFO:master_model_container: 1
2020-12-09 00:42:42,582:INFO:display_container: 1
2020-12-09 00:42:42,582:INFO:GaussianNB(priors=None, var_smoothing=1e-09)
2020-12-09 00:42:42,582:INFO:finalize_model() succesfully completed......................................
2020-12-09 00:45:28,566:INFO:Initializing save_model()
2020-12-09 00:45:28,566:INFO:save_model(model=GaussianNB(priors=None, var_smoothing=1e-09), model_name=../final_models/nb_direct, verbose=True)
2020-12-09 00:45:28,566:INFO:Appending prep pipeline
2020-12-09 00:45:28,571:INFO:../final_models/nb_direct.pkl saved in current working directory
2020-12-09 00:45:28,575:INFO:[Pipeline(memory=None,
         steps=[('dtypes',
                 DataTypes_Auto_infer(categorical_features=[],
                                      display_types=False,
                                      features_todrop=['ID'],
                                      ml_usecase='classification',
                                      numerical_features=[], target='visit',
                                      time_features=[])),
                ('imputer',
                 Simple_Imputer(categorical_strategy='not_available',
                                numeric_strategy='mean',
                                target_variable=None)),
                ('new_levels1',
                 New_Catagorical...
                ('group', Empty()), ('nonliner', Empty()), ('scaling', Empty()),
                ('P_transform', Empty()), ('pt_target', Empty()),
                ('binn', Empty()), ('rem_outliers', Empty()),
                ('cluster_all', Empty()), ('dummy', Dummify(target='visit')),
                ('fix_perfect', Empty()), ('clean_names', Clean_Colum_Names()),
                ('feature_select', Empty()), ('fix_multi', Empty()),
                ('dfs', Empty()), ('pca', Empty())],
         verbose=False), GaussianNB(priors=None, var_smoothing=1e-09)]
2020-12-09 00:45:28,575:INFO:save_model() succesfully completed......................................
2020-12-09 01:08:50,199:INFO:PyCaret Classification Module
2020-12-09 01:08:50,200:INFO:version 2.0
2020-12-09 01:08:50,200:INFO:Initializing setup()
2020-12-09 01:08:50,200:INFO:USI: 930e
2020-12-09 01:08:50,200:INFO:setup(data=(60800, 12), target=visit, train_size=0.7, sampling=True, sample_estimator=None, categorical_features=None, categorical_imputation=constant, ordinal_features=None,
                    high_cardinality_features=None, high_cardinality_method=frequency, numeric_features=None, numeric_imputation=mean, date_features=None, ignore_features=['ID'], normalize=False,
                    normalize_method=zscore, transformation=False, transformation_method=yeo-johnson, handle_unknown_categorical=True, unknown_categorical_method=least_frequent, pca=False, pca_method=linear,
                    pca_components=None, ignore_low_variance=False, combine_rare_levels=False, rare_level_threshold=0.1, bin_numeric_features=None, remove_outliers=False, outliers_threshold=0.05,
                    remove_multicollinearity=False, multicollinearity_threshold=0.9, remove_perfect_collinearity=False, create_clusters=False, cluster_iter=20,
                    polynomial_features=False, polynomial_degree=2, trigonometry_features=False, polynomial_threshold=0.1, group_features=None,
                    group_names=None, feature_selection=False, feature_selection_threshold=0.8, feature_interaction=False, feature_ratio=False, interaction_threshold=0.01,
                    fix_imbalance=False, fix_imbalance_method=None, data_split_shuffle=True, folds_shuffle=False, n_jobs=-1, html=True, session_id=562, log_experiment=False,
                    experiment_name=None, log_plots=False, log_profile=False, log_data=False, silent=True, verbose=True, profile=False)
2020-12-09 01:08:50,200:INFO:Checking environment
2020-12-09 01:08:50,200:INFO:python_version: 3.7.6
2020-12-09 01:08:50,200:INFO:python_build: ('default', 'Jan  8 2020 20:23:39')
2020-12-09 01:08:50,200:INFO:machine: AMD64
2020-12-09 01:08:50,200:INFO:platform: Windows-10-10.0.19041-SP0
2020-12-09 01:08:50,200:INFO:Memory: svmem(total=51446050816, available=40510767104, percent=21.3, used=10935283712, free=40510767104)
2020-12-09 01:08:50,200:INFO:Physical Core: 6
2020-12-09 01:08:50,200:INFO:Logical Core: 12
2020-12-09 01:08:50,200:INFO:Checking libraries
2020-12-09 01:08:50,200:INFO:pd==1.1.3
2020-12-09 01:08:50,200:INFO:numpy==1.18.5
2020-12-09 01:08:50,200:INFO:sklearn==0.23.2
2020-12-09 01:08:50,200:INFO:xgboost==1.2.1
2020-12-09 01:08:50,200:INFO:lightgbm==2.3.1
2020-12-09 01:08:50,200:INFO:catboost==0.24.3
2020-12-09 01:08:50,201:INFO:mlflow==1.9.1
2020-12-09 01:08:50,201:INFO:Checking Exceptions
2020-12-09 01:08:50,201:INFO:Preloading libraries
2020-12-09 01:08:50,201:INFO:Preparing display monitor
2020-12-09 01:08:50,210:INFO:Importing libraries
2020-12-09 01:08:50,217:INFO:Copying data for preprocessing
2020-12-09 01:08:50,218:INFO:Declaring global variables
2020-12-09 01:08:50,221:INFO:Declaring preprocessing parameters
2020-12-09 01:08:50,222:INFO:Importing preprocessing module
2020-12-09 01:08:50,222:INFO:Creating preprocessing pipeline
2020-12-09 01:08:51,069:INFO:Preprocessing pipeline created successfully
2020-12-09 01:08:51,070:ERROR:(Process Exit): setup has been interupted with user command 'quit'. setup must rerun.
2020-12-09 01:08:51,070:INFO:Creating grid variables
2020-12-09 01:08:51,078:INFO:Creating global containers
2020-12-09 01:08:51,148:INFO:create_model_container 0
2020-12-09 01:08:51,148:INFO:master_model_container 0
2020-12-09 01:08:51,148:INFO:display_container 0
2020-12-09 01:08:51,152:INFO:Pipeline(memory=None,
         steps=[('dtypes',
                 DataTypes_Auto_infer(categorical_features=[],
                                      display_types=False,
                                      features_todrop=['ID'],
                                      ml_usecase='classification',
                                      numerical_features=[], target='visit',
                                      time_features=[])),
                ('imputer',
                 Simple_Imputer(categorical_strategy='not_available',
                                numeric_strategy='mean',
                                target_variable=None)),
                ('new_levels1',
                 New_Catagorical...
                ('group', Empty()), ('nonliner', Empty()), ('scaling', Empty()),
                ('P_transform', Empty()), ('pt_target', Empty()),
                ('binn', Empty()), ('rem_outliers', Empty()),
                ('cluster_all', Empty()), ('dummy', Dummify(target='visit')),
                ('fix_perfect', Empty()), ('clean_names', Clean_Colum_Names()),
                ('feature_select', Empty()), ('fix_multi', Empty()),
                ('dfs', Empty()), ('pca', Empty())],
         verbose=False)
2020-12-09 01:08:51,153:INFO:setup() succesfully completed......................................
2020-12-09 01:08:54,458:INFO:Initializing create_model()
2020-12-09 01:08:54,458:INFO:create_model(estimator=nb, ensemble=False, method=None, fold=10, round=4, cross_validation=True, verbose=True, system=True)
2020-12-09 01:08:54,458:INFO:Checking exceptions
2020-12-09 01:08:54,458:INFO:Preloading libraries
2020-12-09 01:08:54,458:INFO:Preparing display monitor
2020-12-09 01:08:54,471:INFO:Copying training dataset
2020-12-09 01:08:54,474:INFO:Importing libraries
2020-12-09 01:08:54,475:INFO:Defining folds
2020-12-09 01:08:54,475:INFO:Declaring metric variables
2020-12-09 01:08:54,478:INFO:Importing untrained model
2020-12-09 01:08:54,478:INFO:Naive Bayes Imported succesfully
2020-12-09 01:08:54,479:INFO:Checking ensemble method
2020-12-09 01:08:54,486:INFO:Initializing Fold 1
2020-12-09 01:08:54,494:INFO:Fitting Model
2020-12-09 01:08:54,528:INFO:Evaluating Metrics
2020-12-09 01:08:54,542:INFO:Compiling Metrics
2020-12-09 01:08:54,557:INFO:Initializing Fold 2
2020-12-09 01:08:54,566:INFO:Fitting Model
2020-12-09 01:08:54,599:INFO:Evaluating Metrics
2020-12-09 01:08:54,613:INFO:Compiling Metrics
2020-12-09 01:08:54,628:INFO:Initializing Fold 3
2020-12-09 01:08:54,637:INFO:Fitting Model
2020-12-09 01:08:54,670:INFO:Evaluating Metrics
2020-12-09 01:08:54,683:INFO:Compiling Metrics
2020-12-09 01:08:54,698:INFO:Initializing Fold 4
2020-12-09 01:08:54,707:INFO:Fitting Model
2020-12-09 01:08:54,740:INFO:Evaluating Metrics
2020-12-09 01:08:54,753:INFO:Compiling Metrics
2020-12-09 01:08:54,768:INFO:Initializing Fold 5
2020-12-09 01:08:54,778:INFO:Fitting Model
2020-12-09 01:08:54,809:INFO:Evaluating Metrics
2020-12-09 01:08:54,822:INFO:Compiling Metrics
2020-12-09 01:08:54,838:INFO:Initializing Fold 6
2020-12-09 01:08:54,847:INFO:Fitting Model
2020-12-09 01:08:54,879:INFO:Evaluating Metrics
2020-12-09 01:08:54,892:INFO:Compiling Metrics
2020-12-09 01:08:54,908:INFO:Initializing Fold 7
2020-12-09 01:08:54,917:INFO:Fitting Model
2020-12-09 01:08:54,950:INFO:Evaluating Metrics
2020-12-09 01:08:54,963:INFO:Compiling Metrics
2020-12-09 01:08:54,980:INFO:Initializing Fold 8
2020-12-09 01:08:54,989:INFO:Fitting Model
2020-12-09 01:08:55,020:INFO:Evaluating Metrics
2020-12-09 01:08:55,033:INFO:Compiling Metrics
2020-12-09 01:08:55,050:INFO:Initializing Fold 9
2020-12-09 01:08:55,060:INFO:Fitting Model
2020-12-09 01:08:55,093:INFO:Evaluating Metrics
2020-12-09 01:08:55,106:INFO:Compiling Metrics
2020-12-09 01:08:55,123:INFO:Initializing Fold 10
2020-12-09 01:08:55,132:INFO:Fitting Model
2020-12-09 01:08:55,162:INFO:Evaluating Metrics
2020-12-09 01:08:55,176:INFO:Compiling Metrics
2020-12-09 01:08:55,192:INFO:Calculating mean and std
2020-12-09 01:08:55,193:INFO:Creating metrics dataframe
2020-12-09 01:08:55,198:INFO:Finalizing model
2020-12-09 01:08:55,235:INFO:Uploading results into container
2020-12-09 01:08:55,236:INFO:Uploading model into container now
2020-12-09 01:08:55,247:INFO:create_model_container: 1
2020-12-09 01:08:55,247:INFO:master_model_container: 1
2020-12-09 01:08:55,247:INFO:display_container: 1
2020-12-09 01:08:55,247:INFO:GaussianNB(priors=None, var_smoothing=1e-09)
2020-12-09 01:08:55,247:INFO:create_model() succesfully completed......................................
2020-12-09 01:08:57,832:INFO:Initializing finalize_model()
2020-12-09 01:08:57,833:INFO:finalize_model(estimator=GaussianNB(priors=None, var_smoothing=1e-09))
2020-12-09 01:08:57,833:INFO:Importing libraries
2020-12-09 01:08:57,833:INFO:Getting model name
2020-12-09 01:08:57,833:INFO:Finalizing Naive Bayes
2020-12-09 01:08:57,884:INFO:create_model_container: 1
2020-12-09 01:08:57,884:INFO:master_model_container: 1
2020-12-09 01:08:57,884:INFO:display_container: 1
2020-12-09 01:08:57,884:INFO:GaussianNB(priors=None, var_smoothing=1e-09)
2020-12-09 01:08:57,884:INFO:finalize_model() succesfully completed......................................
2020-12-09 01:08:58,803:INFO:Initializing save_model()
2020-12-09 01:08:58,803:INFO:save_model(model=GaussianNB(priors=None, var_smoothing=1e-09), model_name=../final_models/nb_direct, verbose=True)
2020-12-09 01:08:58,804:INFO:Appending prep pipeline
2020-12-09 01:08:58,809:INFO:../final_models/nb_direct.pkl saved in current working directory
2020-12-09 01:08:58,813:INFO:[Pipeline(memory=None,
         steps=[('dtypes',
                 DataTypes_Auto_infer(categorical_features=[],
                                      display_types=False,
                                      features_todrop=['ID'],
                                      ml_usecase='classification',
                                      numerical_features=[], target='visit',
                                      time_features=[])),
                ('imputer',
                 Simple_Imputer(categorical_strategy='not_available',
                                numeric_strategy='mean',
                                target_variable=None)),
                ('new_levels1',
                 New_Catagorical...
                ('group', Empty()), ('nonliner', Empty()), ('scaling', Empty()),
                ('P_transform', Empty()), ('pt_target', Empty()),
                ('binn', Empty()), ('rem_outliers', Empty()),
                ('cluster_all', Empty()), ('dummy', Dummify(target='visit')),
                ('fix_perfect', Empty()), ('clean_names', Clean_Colum_Names()),
                ('feature_select', Empty()), ('fix_multi', Empty()),
                ('dfs', Empty()), ('pca', Empty())],
         verbose=False), GaussianNB(priors=None, var_smoothing=1e-09)]
2020-12-09 01:08:58,813:INFO:save_model() succesfully completed......................................
