2020-12-31 20:32:12,409:INFO:PyCaret Classification Module
2020-12-31 20:32:12,410:INFO:version 2.0
2020-12-31 20:32:12,410:INFO:Initializing setup()
2020-12-31 20:32:12,410:INFO:USI: 4372
2020-12-31 20:32:12,410:INFO:setup(data=(1599, 12), target=quality, train_size=0.7, sampling=True, sample_estimator=None, categorical_features=None, categorical_imputation=constant, ordinal_features=None,
                    high_cardinality_features=None, high_cardinality_method=frequency, numeric_features=None, numeric_imputation=mean, date_features=None, ignore_features=None, normalize=False,
                    normalize_method=zscore, transformation=False, transformation_method=yeo-johnson, handle_unknown_categorical=True, unknown_categorical_method=least_frequent, pca=False, pca_method=linear,
                    pca_components=None, ignore_low_variance=False, combine_rare_levels=False, rare_level_threshold=0.1, bin_numeric_features=None, remove_outliers=False, outliers_threshold=0.05,
                    remove_multicollinearity=False, multicollinearity_threshold=0.9, remove_perfect_collinearity=False, create_clusters=False, cluster_iter=20,
                    polynomial_features=False, polynomial_degree=2, trigonometry_features=False, polynomial_threshold=0.1, group_features=None,
                    group_names=None, feature_selection=False, feature_selection_threshold=0.8, feature_interaction=False, feature_ratio=False, interaction_threshold=0.01,
                    fix_imbalance=False, fix_imbalance_method=None, data_split_shuffle=True, folds_shuffle=False, n_jobs=-1, html=True, session_id=123, log_experiment=False,
                    experiment_name=None, log_plots=False, log_profile=False, log_data=False, silent=False, verbose=True, profile=False)
2020-12-31 20:32:12,412:INFO:Checking environment
2020-12-31 20:32:12,412:INFO:python_version: 3.7.6
2020-12-31 20:32:12,412:INFO:python_build: ('default', 'Jan  8 2020 20:23:39')
2020-12-31 20:32:12,412:INFO:machine: AMD64
2020-12-31 20:32:12,412:INFO:platform: Windows-10-10.0.19041-SP0
2020-12-31 20:32:12,430:INFO:Memory: svmem(total=51446050816, available=43598229504, percent=15.3, used=7847821312, free=43598229504)
2020-12-31 20:32:12,430:INFO:Physical Core: 6
2020-12-31 20:32:12,430:INFO:Logical Core: 12
2020-12-31 20:32:12,430:INFO:Checking libraries
2020-12-31 20:32:12,430:INFO:pd==1.1.3
2020-12-31 20:32:12,430:INFO:numpy==1.18.5
2020-12-31 20:32:13,673:INFO:sklearn==0.23.2
2020-12-31 20:32:14,279:INFO:xgboost==1.2.1
2020-12-31 20:32:14,353:INFO:lightgbm==2.3.1
2020-12-31 20:32:14,492:INFO:catboost==0.24.3
2020-12-31 20:32:15,362:INFO:mlflow==1.9.1
2020-12-31 20:32:15,362:INFO:Checking Exceptions
2020-12-31 20:32:15,362:INFO:Preloading libraries
2020-12-31 20:32:15,363:INFO:Preparing display monitor
2020-12-31 20:32:15,372:INFO:Importing libraries
2020-12-31 20:32:16,589:INFO:Copying data for preprocessing
2020-12-31 20:32:16,589:INFO:Declaring global variables
2020-12-31 20:32:16,592:INFO:Declaring preprocessing parameters
2020-12-31 20:32:16,593:INFO:Importing preprocessing module
2020-12-31 20:32:17,404:INFO:Creating preprocessing pipeline
2020-12-31 20:32:32,447:INFO:Preprocessing pipeline created successfully
2020-12-31 20:32:32,448:INFO:Creating grid variables
2020-12-31 20:32:32,449:INFO:Creating global containers
2020-12-31 20:32:32,504:INFO:create_model_container 0
2020-12-31 20:32:32,505:INFO:master_model_container 0
2020-12-31 20:32:32,505:INFO:display_container 0
2020-12-31 20:32:32,509:INFO:Pipeline(memory=None,
         steps=[('dtypes',
                 DataTypes_Auto_infer(categorical_features=[],
                                      display_types=True, features_todrop=[],
                                      ml_usecase='classification',
                                      numerical_features=[], target='quality',
                                      time_features=[])),
                ('imputer',
                 Simple_Imputer(categorical_strategy='not_available',
                                numeric_strategy='mean',
                                target_variable=None)),
                ('new_levels1',
                 New_Catagorical_Le...
                ('group', Empty()), ('nonliner', Empty()), ('scaling', Empty()),
                ('P_transform', Empty()), ('pt_target', Empty()),
                ('binn', Empty()), ('rem_outliers', Empty()),
                ('cluster_all', Empty()), ('dummy', Dummify(target='quality')),
                ('fix_perfect', Empty()), ('clean_names', Clean_Colum_Names()),
                ('feature_select', Empty()), ('fix_multi', Empty()),
                ('dfs', Empty()), ('pca', Empty())],
         verbose=False)
2020-12-31 20:32:32,509:INFO:setup() succesfully completed......................................
2020-12-31 20:33:48,531:INFO:Initializing compare_models()
2020-12-31 20:33:48,531:INFO:compare_models(blacklist=None, whitelist=None, fold=10, round=4, sort=Accuracy, n_select=1, turbo=True, verbose=True)
2020-12-31 20:33:48,531:INFO:Checking exceptions
2020-12-31 20:33:48,532:INFO:Preloading libraries
2020-12-31 20:33:48,532:INFO:Preparing display monitor
2020-12-31 20:33:48,546:INFO:Copying training dataset
2020-12-31 20:33:48,547:INFO:Importing libraries
2020-12-31 20:33:48,572:INFO:Importing untrained models
2020-12-31 20:33:48,575:INFO:Import successful
2020-12-31 20:33:48,580:INFO:Defining folds
2020-12-31 20:33:48,580:INFO:Declaring metric variables
2020-12-31 20:33:48,580:INFO:Initializing Logistic Regression
2020-12-31 20:33:48,585:INFO:Initializing Fold 1
2020-12-31 20:33:48,589:INFO:Fitting Model
2020-12-31 20:33:48,652:INFO:Evaluating Metrics
2020-12-31 20:33:48,658:INFO:Compiling Metrics
2020-12-31 20:33:48,662:INFO:Initializing Fold 2
2020-12-31 20:33:48,666:INFO:Fitting Model
2020-12-31 20:33:48,697:INFO:Evaluating Metrics
2020-12-31 20:33:48,702:INFO:Compiling Metrics
2020-12-31 20:33:48,706:INFO:Initializing Fold 3
2020-12-31 20:33:48,709:INFO:Fitting Model
2020-12-31 20:33:48,740:INFO:Evaluating Metrics
2020-12-31 20:33:48,745:INFO:Compiling Metrics
2020-12-31 20:33:48,749:INFO:Initializing Fold 4
2020-12-31 20:33:48,753:INFO:Fitting Model
2020-12-31 20:33:48,785:INFO:Evaluating Metrics
2020-12-31 20:33:48,789:INFO:Compiling Metrics
2020-12-31 20:33:48,793:INFO:Initializing Fold 5
2020-12-31 20:33:48,797:INFO:Fitting Model
2020-12-31 20:33:48,826:INFO:Evaluating Metrics
2020-12-31 20:33:48,832:INFO:Compiling Metrics
2020-12-31 20:33:48,836:INFO:Initializing Fold 6
2020-12-31 20:33:48,839:INFO:Fitting Model
2020-12-31 20:33:48,874:INFO:Evaluating Metrics
2020-12-31 20:33:48,880:INFO:Compiling Metrics
2020-12-31 20:33:48,884:INFO:Initializing Fold 7
2020-12-31 20:33:48,888:INFO:Fitting Model
2020-12-31 20:33:48,920:INFO:Evaluating Metrics
2020-12-31 20:33:48,925:INFO:Compiling Metrics
2020-12-31 20:33:48,929:INFO:Initializing Fold 8
2020-12-31 20:33:48,933:INFO:Fitting Model
2020-12-31 20:33:48,965:INFO:Evaluating Metrics
2020-12-31 20:33:48,970:INFO:Compiling Metrics
2020-12-31 20:33:48,974:INFO:Initializing Fold 9
2020-12-31 20:33:48,979:INFO:Fitting Model
2020-12-31 20:33:49,009:INFO:Evaluating Metrics
2020-12-31 20:33:49,015:INFO:Compiling Metrics
2020-12-31 20:33:49,019:INFO:Initializing Fold 10
2020-12-31 20:33:49,022:INFO:Fitting Model
2020-12-31 20:33:49,054:INFO:Evaluating Metrics
2020-12-31 20:33:49,059:INFO:Compiling Metrics
2020-12-31 20:33:49,063:INFO:Calculating mean and std
2020-12-31 20:33:49,063:INFO:Creating metrics dataframe
2020-12-31 20:33:49,071:INFO:Initializing K Neighbors Classifier
2020-12-31 20:33:49,074:INFO:Initializing Fold 1
2020-12-31 20:33:49,079:INFO:Fitting Model
2020-12-31 20:33:49,082:INFO:Evaluating Metrics
2020-12-31 20:33:49,311:INFO:Compiling Metrics
2020-12-31 20:33:49,315:INFO:Initializing Fold 2
2020-12-31 20:33:49,319:INFO:Fitting Model
2020-12-31 20:33:49,322:INFO:Evaluating Metrics
2020-12-31 20:33:49,549:INFO:Compiling Metrics
2020-12-31 20:33:49,553:INFO:Initializing Fold 3
2020-12-31 20:33:49,557:INFO:Fitting Model
2020-12-31 20:33:49,559:INFO:Evaluating Metrics
2020-12-31 20:33:49,786:INFO:Compiling Metrics
2020-12-31 20:33:49,790:INFO:Initializing Fold 4
2020-12-31 20:33:49,793:INFO:Fitting Model
2020-12-31 20:33:49,797:INFO:Evaluating Metrics
2020-12-31 20:33:50,020:INFO:Compiling Metrics
2020-12-31 20:33:50,024:INFO:Initializing Fold 5
2020-12-31 20:33:50,028:INFO:Fitting Model
2020-12-31 20:33:50,032:INFO:Evaluating Metrics
2020-12-31 20:33:50,255:INFO:Compiling Metrics
2020-12-31 20:33:50,259:INFO:Initializing Fold 6
2020-12-31 20:33:50,263:INFO:Fitting Model
2020-12-31 20:33:50,266:INFO:Evaluating Metrics
2020-12-31 20:33:50,490:INFO:Compiling Metrics
2020-12-31 20:33:50,494:INFO:Initializing Fold 7
2020-12-31 20:33:50,499:INFO:Fitting Model
2020-12-31 20:33:50,502:INFO:Evaluating Metrics
2020-12-31 20:33:50,723:INFO:Compiling Metrics
2020-12-31 20:33:50,727:INFO:Initializing Fold 8
2020-12-31 20:33:50,732:INFO:Fitting Model
2020-12-31 20:33:50,735:INFO:Evaluating Metrics
2020-12-31 20:33:50,959:INFO:Compiling Metrics
2020-12-31 20:33:50,963:INFO:Initializing Fold 9
2020-12-31 20:33:50,968:INFO:Fitting Model
2020-12-31 20:33:50,970:INFO:Evaluating Metrics
2020-12-31 20:33:51,194:INFO:Compiling Metrics
2020-12-31 20:33:51,198:INFO:Initializing Fold 10
2020-12-31 20:33:51,202:INFO:Fitting Model
2020-12-31 20:33:51,205:INFO:Evaluating Metrics
2020-12-31 20:33:51,429:INFO:Compiling Metrics
2020-12-31 20:33:51,434:INFO:Calculating mean and std
2020-12-31 20:33:51,434:INFO:Creating metrics dataframe
2020-12-31 20:33:51,441:INFO:Initializing Naive Bayes
2020-12-31 20:33:51,445:INFO:Initializing Fold 1
2020-12-31 20:33:51,450:INFO:Fitting Model
2020-12-31 20:33:51,452:INFO:Evaluating Metrics
2020-12-31 20:33:51,456:INFO:Compiling Metrics
2020-12-31 20:33:51,460:INFO:Initializing Fold 2
2020-12-31 20:33:51,464:INFO:Fitting Model
2020-12-31 20:33:51,466:INFO:Evaluating Metrics
2020-12-31 20:33:51,471:INFO:Compiling Metrics
2020-12-31 20:33:51,475:INFO:Initializing Fold 3
2020-12-31 20:33:51,479:INFO:Fitting Model
2020-12-31 20:33:51,481:INFO:Evaluating Metrics
2020-12-31 20:33:51,487:INFO:Compiling Metrics
2020-12-31 20:33:51,491:INFO:Initializing Fold 4
2020-12-31 20:33:51,495:INFO:Fitting Model
2020-12-31 20:33:51,496:INFO:Evaluating Metrics
2020-12-31 20:33:51,502:INFO:Compiling Metrics
2020-12-31 20:33:51,506:INFO:Initializing Fold 5
2020-12-31 20:33:51,509:INFO:Fitting Model
2020-12-31 20:33:51,511:INFO:Evaluating Metrics
2020-12-31 20:33:51,516:INFO:Compiling Metrics
2020-12-31 20:33:51,520:INFO:Initializing Fold 6
2020-12-31 20:33:51,524:INFO:Fitting Model
2020-12-31 20:33:51,525:INFO:Evaluating Metrics
2020-12-31 20:33:51,530:INFO:Compiling Metrics
2020-12-31 20:33:51,535:INFO:Initializing Fold 7
2020-12-31 20:33:51,539:INFO:Fitting Model
2020-12-31 20:33:51,540:INFO:Evaluating Metrics
2020-12-31 20:33:51,545:INFO:Compiling Metrics
2020-12-31 20:33:51,549:INFO:Initializing Fold 8
2020-12-31 20:33:51,553:INFO:Fitting Model
2020-12-31 20:33:51,555:INFO:Evaluating Metrics
2020-12-31 20:33:51,560:INFO:Compiling Metrics
2020-12-31 20:33:51,564:INFO:Initializing Fold 9
2020-12-31 20:33:51,568:INFO:Fitting Model
2020-12-31 20:33:51,570:INFO:Evaluating Metrics
2020-12-31 20:33:51,575:INFO:Compiling Metrics
2020-12-31 20:33:51,579:INFO:Initializing Fold 10
2020-12-31 20:33:51,583:INFO:Fitting Model
2020-12-31 20:33:51,585:INFO:Evaluating Metrics
2020-12-31 20:33:51,590:INFO:Compiling Metrics
2020-12-31 20:33:51,594:INFO:Calculating mean and std
2020-12-31 20:33:51,594:INFO:Creating metrics dataframe
2020-12-31 20:33:51,602:INFO:Initializing Decision Tree Classifier
2020-12-31 20:33:51,606:INFO:Initializing Fold 1
2020-12-31 20:33:51,610:INFO:Fitting Model
2020-12-31 20:33:51,616:INFO:Evaluating Metrics
2020-12-31 20:33:51,622:INFO:Compiling Metrics
2020-12-31 20:33:51,626:INFO:Initializing Fold 2
2020-12-31 20:33:51,629:INFO:Fitting Model
2020-12-31 20:33:51,635:INFO:Evaluating Metrics
2020-12-31 20:33:51,640:INFO:Compiling Metrics
2020-12-31 20:33:51,644:INFO:Initializing Fold 3
2020-12-31 20:33:51,648:INFO:Fitting Model
2020-12-31 20:33:51,654:INFO:Evaluating Metrics
2020-12-31 20:33:51,659:INFO:Compiling Metrics
2020-12-31 20:33:51,662:INFO:Initializing Fold 4
2020-12-31 20:33:51,666:INFO:Fitting Model
2020-12-31 20:33:51,672:INFO:Evaluating Metrics
2020-12-31 20:33:51,677:INFO:Compiling Metrics
2020-12-31 20:33:51,681:INFO:Initializing Fold 5
2020-12-31 20:33:51,686:INFO:Fitting Model
2020-12-31 20:33:51,691:INFO:Evaluating Metrics
2020-12-31 20:33:51,696:INFO:Compiling Metrics
2020-12-31 20:33:51,700:INFO:Initializing Fold 6
2020-12-31 20:33:51,704:INFO:Fitting Model
2020-12-31 20:33:51,710:INFO:Evaluating Metrics
2020-12-31 20:33:51,715:INFO:Compiling Metrics
2020-12-31 20:33:51,719:INFO:Initializing Fold 7
2020-12-31 20:33:51,723:INFO:Fitting Model
2020-12-31 20:33:51,729:INFO:Evaluating Metrics
2020-12-31 20:33:51,734:INFO:Compiling Metrics
2020-12-31 20:33:51,739:INFO:Initializing Fold 8
2020-12-31 20:33:51,743:INFO:Fitting Model
2020-12-31 20:33:51,749:INFO:Evaluating Metrics
2020-12-31 20:33:51,754:INFO:Compiling Metrics
2020-12-31 20:33:51,758:INFO:Initializing Fold 9
2020-12-31 20:33:51,762:INFO:Fitting Model
2020-12-31 20:33:51,769:INFO:Evaluating Metrics
2020-12-31 20:33:51,775:INFO:Compiling Metrics
2020-12-31 20:33:51,779:INFO:Initializing Fold 10
2020-12-31 20:33:51,784:INFO:Fitting Model
2020-12-31 20:33:51,790:INFO:Evaluating Metrics
2020-12-31 20:33:51,795:INFO:Compiling Metrics
2020-12-31 20:33:51,799:INFO:Calculating mean and std
2020-12-31 20:33:51,800:INFO:Creating metrics dataframe
2020-12-31 20:33:51,808:INFO:Initializing SVM - Linear Kernel
2020-12-31 20:33:51,812:INFO:Initializing Fold 1
2020-12-31 20:33:51,817:INFO:Fitting Model
2020-12-31 20:33:51,823:INFO:Evaluating Metrics
2020-12-31 20:33:51,823:WARNING:model has no predict_proba attribute. pred_prob set to 0.00
2020-12-31 20:33:51,825:WARNING:model has no predict_proba attribute. AUC set to 0.00
2020-12-31 20:33:51,827:INFO:Compiling Metrics
2020-12-31 20:33:51,832:INFO:Initializing Fold 2
2020-12-31 20:33:51,836:INFO:Fitting Model
2020-12-31 20:33:51,841:INFO:Evaluating Metrics
2020-12-31 20:33:51,841:WARNING:model has no predict_proba attribute. pred_prob set to 0.00
2020-12-31 20:33:51,843:WARNING:model has no predict_proba attribute. AUC set to 0.00
2020-12-31 20:33:51,844:INFO:Compiling Metrics
2020-12-31 20:33:51,849:INFO:Initializing Fold 3
2020-12-31 20:33:51,853:INFO:Fitting Model
2020-12-31 20:33:51,859:INFO:Evaluating Metrics
2020-12-31 20:33:51,859:WARNING:model has no predict_proba attribute. pred_prob set to 0.00
2020-12-31 20:33:51,861:WARNING:model has no predict_proba attribute. AUC set to 0.00
2020-12-31 20:33:51,863:INFO:Compiling Metrics
2020-12-31 20:33:51,868:INFO:Initializing Fold 4
2020-12-31 20:33:51,872:INFO:Fitting Model
2020-12-31 20:33:51,876:INFO:Evaluating Metrics
2020-12-31 20:33:51,876:WARNING:model has no predict_proba attribute. pred_prob set to 0.00
2020-12-31 20:33:51,878:WARNING:model has no predict_proba attribute. AUC set to 0.00
2020-12-31 20:33:51,879:INFO:Compiling Metrics
2020-12-31 20:33:51,884:INFO:Initializing Fold 5
2020-12-31 20:33:51,888:INFO:Fitting Model
2020-12-31 20:33:51,893:INFO:Evaluating Metrics
2020-12-31 20:33:51,893:WARNING:model has no predict_proba attribute. pred_prob set to 0.00
2020-12-31 20:33:51,895:WARNING:model has no predict_proba attribute. AUC set to 0.00
2020-12-31 20:33:51,897:INFO:Compiling Metrics
2020-12-31 20:33:51,901:INFO:Initializing Fold 6
2020-12-31 20:33:51,905:INFO:Fitting Model
2020-12-31 20:33:51,909:INFO:Evaluating Metrics
2020-12-31 20:33:51,909:WARNING:model has no predict_proba attribute. pred_prob set to 0.00
2020-12-31 20:33:51,911:WARNING:model has no predict_proba attribute. AUC set to 0.00
2020-12-31 20:33:51,912:INFO:Compiling Metrics
2020-12-31 20:33:51,917:INFO:Initializing Fold 7
2020-12-31 20:33:51,921:INFO:Fitting Model
2020-12-31 20:33:51,926:INFO:Evaluating Metrics
2020-12-31 20:33:51,926:WARNING:model has no predict_proba attribute. pred_prob set to 0.00
2020-12-31 20:33:51,928:WARNING:model has no predict_proba attribute. AUC set to 0.00
2020-12-31 20:33:51,930:INFO:Compiling Metrics
2020-12-31 20:33:51,934:INFO:Initializing Fold 8
2020-12-31 20:33:51,938:INFO:Fitting Model
2020-12-31 20:33:51,943:INFO:Evaluating Metrics
2020-12-31 20:33:51,943:WARNING:model has no predict_proba attribute. pred_prob set to 0.00
2020-12-31 20:33:51,945:WARNING:model has no predict_proba attribute. AUC set to 0.00
2020-12-31 20:33:51,946:INFO:Compiling Metrics
2020-12-31 20:33:51,952:INFO:Initializing Fold 9
2020-12-31 20:33:51,956:INFO:Fitting Model
2020-12-31 20:33:51,960:INFO:Evaluating Metrics
2020-12-31 20:33:51,960:WARNING:model has no predict_proba attribute. pred_prob set to 0.00
2020-12-31 20:33:51,962:WARNING:model has no predict_proba attribute. AUC set to 0.00
2020-12-31 20:33:51,963:INFO:Compiling Metrics
2020-12-31 20:33:51,968:INFO:Initializing Fold 10
2020-12-31 20:33:51,972:INFO:Fitting Model
2020-12-31 20:33:51,977:INFO:Evaluating Metrics
2020-12-31 20:33:51,977:WARNING:model has no predict_proba attribute. pred_prob set to 0.00
2020-12-31 20:33:51,979:WARNING:model has no predict_proba attribute. AUC set to 0.00
2020-12-31 20:33:51,980:INFO:Compiling Metrics
2020-12-31 20:33:51,985:INFO:Calculating mean and std
2020-12-31 20:33:51,985:INFO:Creating metrics dataframe
2020-12-31 20:33:51,993:INFO:Initializing Ridge Classifier
2020-12-31 20:33:51,997:INFO:Initializing Fold 1
2020-12-31 20:33:52,002:INFO:Fitting Model
2020-12-31 20:33:52,018:INFO:Evaluating Metrics
2020-12-31 20:33:52,018:WARNING:model has no predict_proba attribute. pred_prob set to 0.00
2020-12-31 20:33:52,020:WARNING:model has no predict_proba attribute. AUC set to 0.00
2020-12-31 20:33:52,022:INFO:Compiling Metrics
2020-12-31 20:33:52,026:INFO:Initializing Fold 2
2020-12-31 20:33:52,030:INFO:Fitting Model
2020-12-31 20:33:52,033:INFO:Evaluating Metrics
2020-12-31 20:33:52,033:WARNING:model has no predict_proba attribute. pred_prob set to 0.00
2020-12-31 20:33:52,035:WARNING:model has no predict_proba attribute. AUC set to 0.00
2020-12-31 20:33:52,037:INFO:Compiling Metrics
2020-12-31 20:33:52,041:INFO:Initializing Fold 3
2020-12-31 20:33:52,044:INFO:Fitting Model
2020-12-31 20:33:52,047:INFO:Evaluating Metrics
2020-12-31 20:33:52,047:WARNING:model has no predict_proba attribute. pred_prob set to 0.00
2020-12-31 20:33:52,049:WARNING:model has no predict_proba attribute. AUC set to 0.00
2020-12-31 20:33:52,051:INFO:Compiling Metrics
2020-12-31 20:33:52,055:INFO:Initializing Fold 4
2020-12-31 20:33:52,059:INFO:Fitting Model
2020-12-31 20:33:52,061:INFO:Evaluating Metrics
2020-12-31 20:33:52,061:WARNING:model has no predict_proba attribute. pred_prob set to 0.00
2020-12-31 20:33:52,063:WARNING:model has no predict_proba attribute. AUC set to 0.00
2020-12-31 20:33:52,064:INFO:Compiling Metrics
2020-12-31 20:33:52,069:INFO:Initializing Fold 5
2020-12-31 20:33:52,073:INFO:Fitting Model
2020-12-31 20:33:52,075:INFO:Evaluating Metrics
2020-12-31 20:33:52,075:WARNING:model has no predict_proba attribute. pred_prob set to 0.00
2020-12-31 20:33:52,077:WARNING:model has no predict_proba attribute. AUC set to 0.00
2020-12-31 20:33:52,078:INFO:Compiling Metrics
2020-12-31 20:33:52,083:INFO:Initializing Fold 6
2020-12-31 20:33:52,087:INFO:Fitting Model
2020-12-31 20:33:52,090:INFO:Evaluating Metrics
2020-12-31 20:33:52,090:WARNING:model has no predict_proba attribute. pred_prob set to 0.00
2020-12-31 20:33:52,092:WARNING:model has no predict_proba attribute. AUC set to 0.00
2020-12-31 20:33:52,093:INFO:Compiling Metrics
2020-12-31 20:33:52,097:INFO:Initializing Fold 7
2020-12-31 20:33:52,101:INFO:Fitting Model
2020-12-31 20:33:52,104:INFO:Evaluating Metrics
2020-12-31 20:33:52,104:WARNING:model has no predict_proba attribute. pred_prob set to 0.00
2020-12-31 20:33:52,106:WARNING:model has no predict_proba attribute. AUC set to 0.00
2020-12-31 20:33:52,108:INFO:Compiling Metrics
2020-12-31 20:33:52,112:INFO:Initializing Fold 8
2020-12-31 20:33:52,116:INFO:Fitting Model
2020-12-31 20:33:52,118:INFO:Evaluating Metrics
2020-12-31 20:33:52,118:WARNING:model has no predict_proba attribute. pred_prob set to 0.00
2020-12-31 20:33:52,120:WARNING:model has no predict_proba attribute. AUC set to 0.00
2020-12-31 20:33:52,122:INFO:Compiling Metrics
2020-12-31 20:33:52,126:INFO:Initializing Fold 9
2020-12-31 20:33:52,129:INFO:Fitting Model
2020-12-31 20:33:52,132:INFO:Evaluating Metrics
2020-12-31 20:33:52,132:WARNING:model has no predict_proba attribute. pred_prob set to 0.00
2020-12-31 20:33:52,134:WARNING:model has no predict_proba attribute. AUC set to 0.00
2020-12-31 20:33:52,135:INFO:Compiling Metrics
2020-12-31 20:33:52,140:INFO:Initializing Fold 10
2020-12-31 20:33:52,143:INFO:Fitting Model
2020-12-31 20:33:52,145:INFO:Evaluating Metrics
2020-12-31 20:33:52,145:WARNING:model has no predict_proba attribute. pred_prob set to 0.00
2020-12-31 20:33:52,147:WARNING:model has no predict_proba attribute. AUC set to 0.00
2020-12-31 20:33:52,149:INFO:Compiling Metrics
2020-12-31 20:33:52,154:INFO:Calculating mean and std
2020-12-31 20:33:52,155:INFO:Creating metrics dataframe
2020-12-31 20:33:52,164:INFO:Initializing Random Forest Classifier
2020-12-31 20:33:52,168:INFO:Initializing Fold 1
2020-12-31 20:33:52,172:INFO:Fitting Model
2020-12-31 20:33:52,283:INFO:Evaluating Metrics
2020-12-31 20:33:52,503:INFO:Compiling Metrics
2020-12-31 20:33:52,507:INFO:Initializing Fold 2
2020-12-31 20:33:52,511:INFO:Fitting Model
2020-12-31 20:33:52,625:INFO:Evaluating Metrics
2020-12-31 20:33:52,848:INFO:Compiling Metrics
2020-12-31 20:33:52,852:INFO:Initializing Fold 3
2020-12-31 20:33:52,856:INFO:Fitting Model
2020-12-31 20:33:52,969:INFO:Evaluating Metrics
2020-12-31 20:33:53,193:INFO:Compiling Metrics
2020-12-31 20:33:53,197:INFO:Initializing Fold 4
2020-12-31 20:33:53,201:INFO:Fitting Model
2020-12-31 20:33:53,316:INFO:Evaluating Metrics
2020-12-31 20:33:53,539:INFO:Compiling Metrics
2020-12-31 20:33:53,543:INFO:Initializing Fold 5
2020-12-31 20:33:53,546:INFO:Fitting Model
2020-12-31 20:33:53,661:INFO:Evaluating Metrics
2020-12-31 20:33:53,884:INFO:Compiling Metrics
2020-12-31 20:33:53,889:INFO:Initializing Fold 6
2020-12-31 20:33:53,892:INFO:Fitting Model
2020-12-31 20:33:54,007:INFO:Evaluating Metrics
2020-12-31 20:33:54,232:INFO:Compiling Metrics
2020-12-31 20:33:54,236:INFO:Initializing Fold 7
2020-12-31 20:33:54,240:INFO:Fitting Model
2020-12-31 20:33:54,352:INFO:Evaluating Metrics
2020-12-31 20:33:54,574:INFO:Compiling Metrics
2020-12-31 20:33:54,578:INFO:Initializing Fold 8
2020-12-31 20:33:54,582:INFO:Fitting Model
2020-12-31 20:33:54,698:INFO:Evaluating Metrics
2020-12-31 20:33:54,920:INFO:Compiling Metrics
2020-12-31 20:33:54,924:INFO:Initializing Fold 9
2020-12-31 20:33:54,928:INFO:Fitting Model
2020-12-31 20:33:55,042:INFO:Evaluating Metrics
2020-12-31 20:33:55,265:INFO:Compiling Metrics
2020-12-31 20:33:55,270:INFO:Initializing Fold 10
2020-12-31 20:33:55,274:INFO:Fitting Model
2020-12-31 20:33:55,386:INFO:Evaluating Metrics
2020-12-31 20:33:55,610:INFO:Compiling Metrics
2020-12-31 20:33:55,614:INFO:Calculating mean and std
2020-12-31 20:33:55,614:INFO:Creating metrics dataframe
2020-12-31 20:33:55,623:INFO:Initializing Quadratic Discriminant Analysis
2020-12-31 20:33:55,627:INFO:Initializing Fold 1
2020-12-31 20:33:55,631:INFO:Fitting Model
2020-12-31 20:33:55,638:INFO:Evaluating Metrics
2020-12-31 20:33:55,643:INFO:Compiling Metrics
2020-12-31 20:33:55,647:INFO:Initializing Fold 2
2020-12-31 20:33:55,651:INFO:Fitting Model
2020-12-31 20:33:55,653:INFO:Evaluating Metrics
2020-12-31 20:33:55,658:INFO:Compiling Metrics
2020-12-31 20:33:55,662:INFO:Initializing Fold 3
2020-12-31 20:33:55,665:INFO:Fitting Model
2020-12-31 20:33:55,667:INFO:Evaluating Metrics
2020-12-31 20:33:55,672:INFO:Compiling Metrics
2020-12-31 20:33:55,676:INFO:Initializing Fold 4
2020-12-31 20:33:55,680:INFO:Fitting Model
2020-12-31 20:33:55,682:INFO:Evaluating Metrics
2020-12-31 20:33:55,687:INFO:Compiling Metrics
2020-12-31 20:33:55,691:INFO:Initializing Fold 5
2020-12-31 20:33:55,694:INFO:Fitting Model
2020-12-31 20:33:55,696:INFO:Evaluating Metrics
2020-12-31 20:33:55,701:INFO:Compiling Metrics
2020-12-31 20:33:55,706:INFO:Initializing Fold 6
2020-12-31 20:33:55,709:INFO:Fitting Model
2020-12-31 20:33:55,711:INFO:Evaluating Metrics
2020-12-31 20:33:55,716:INFO:Compiling Metrics
2020-12-31 20:33:55,720:INFO:Initializing Fold 7
2020-12-31 20:33:55,725:INFO:Fitting Model
2020-12-31 20:33:55,726:INFO:Evaluating Metrics
2020-12-31 20:33:55,731:INFO:Compiling Metrics
2020-12-31 20:33:55,735:INFO:Initializing Fold 8
2020-12-31 20:33:55,740:INFO:Fitting Model
2020-12-31 20:33:55,742:INFO:Evaluating Metrics
2020-12-31 20:33:55,747:INFO:Compiling Metrics
2020-12-31 20:33:55,751:INFO:Initializing Fold 9
2020-12-31 20:33:55,756:INFO:Fitting Model
2020-12-31 20:33:55,758:INFO:Evaluating Metrics
2020-12-31 20:33:55,762:INFO:Compiling Metrics
2020-12-31 20:33:55,766:INFO:Initializing Fold 10
2020-12-31 20:33:55,770:INFO:Fitting Model
2020-12-31 20:33:55,772:INFO:Evaluating Metrics
2020-12-31 20:33:55,777:INFO:Compiling Metrics
2020-12-31 20:33:55,781:INFO:Calculating mean and std
2020-12-31 20:33:55,781:INFO:Creating metrics dataframe
2020-12-31 20:33:55,790:INFO:Initializing Ada Boost Classifier
2020-12-31 20:33:55,795:INFO:Initializing Fold 1
2020-12-31 20:33:55,798:INFO:Fitting Model
2020-12-31 20:33:55,873:INFO:Evaluating Metrics
2020-12-31 20:33:55,888:INFO:Compiling Metrics
2020-12-31 20:33:55,892:INFO:Initializing Fold 2
2020-12-31 20:33:55,897:INFO:Fitting Model
2020-12-31 20:33:55,973:INFO:Evaluating Metrics
2020-12-31 20:33:55,988:INFO:Compiling Metrics
2020-12-31 20:33:55,992:INFO:Initializing Fold 3
2020-12-31 20:33:55,995:INFO:Fitting Model
2020-12-31 20:33:56,069:INFO:Evaluating Metrics
2020-12-31 20:33:56,084:INFO:Compiling Metrics
2020-12-31 20:33:56,088:INFO:Initializing Fold 4
2020-12-31 20:33:56,092:INFO:Fitting Model
2020-12-31 20:33:56,166:INFO:Evaluating Metrics
2020-12-31 20:33:56,181:INFO:Compiling Metrics
2020-12-31 20:33:56,185:INFO:Initializing Fold 5
2020-12-31 20:33:56,189:INFO:Fitting Model
2020-12-31 20:33:56,261:INFO:Evaluating Metrics
2020-12-31 20:33:56,276:INFO:Compiling Metrics
2020-12-31 20:33:56,280:INFO:Initializing Fold 6
2020-12-31 20:33:56,283:INFO:Fitting Model
2020-12-31 20:33:56,357:INFO:Evaluating Metrics
2020-12-31 20:33:56,372:INFO:Compiling Metrics
2020-12-31 20:33:56,377:INFO:Initializing Fold 7
2020-12-31 20:33:56,381:INFO:Fitting Model
2020-12-31 20:33:56,458:INFO:Evaluating Metrics
2020-12-31 20:33:56,473:INFO:Compiling Metrics
2020-12-31 20:33:56,477:INFO:Initializing Fold 8
2020-12-31 20:33:56,480:INFO:Fitting Model
2020-12-31 20:33:56,554:INFO:Evaluating Metrics
2020-12-31 20:33:56,568:INFO:Compiling Metrics
2020-12-31 20:33:56,573:INFO:Initializing Fold 9
2020-12-31 20:33:56,577:INFO:Fitting Model
2020-12-31 20:33:56,650:INFO:Evaluating Metrics
2020-12-31 20:33:56,665:INFO:Compiling Metrics
2020-12-31 20:33:56,670:INFO:Initializing Fold 10
2020-12-31 20:33:56,674:INFO:Fitting Model
2020-12-31 20:33:56,748:INFO:Evaluating Metrics
2020-12-31 20:33:56,763:INFO:Compiling Metrics
2020-12-31 20:33:56,767:INFO:Calculating mean and std
2020-12-31 20:33:56,767:INFO:Creating metrics dataframe
2020-12-31 20:33:56,776:INFO:Initializing Gradient Boosting Classifier
2020-12-31 20:33:56,780:INFO:Initializing Fold 1
2020-12-31 20:33:56,784:INFO:Fitting Model
2020-12-31 20:33:56,953:INFO:Evaluating Metrics
2020-12-31 20:33:56,959:INFO:Compiling Metrics
2020-12-31 20:33:56,962:INFO:Initializing Fold 2
2020-12-31 20:33:56,966:INFO:Fitting Model
2020-12-31 20:33:57,132:INFO:Evaluating Metrics
2020-12-31 20:33:57,137:INFO:Compiling Metrics
2020-12-31 20:33:57,142:INFO:Initializing Fold 3
2020-12-31 20:33:57,145:INFO:Fitting Model
2020-12-31 20:33:57,310:INFO:Evaluating Metrics
2020-12-31 20:33:57,315:INFO:Compiling Metrics
2020-12-31 20:33:57,319:INFO:Initializing Fold 4
2020-12-31 20:33:57,323:INFO:Fitting Model
2020-12-31 20:33:57,489:INFO:Evaluating Metrics
2020-12-31 20:33:57,495:INFO:Compiling Metrics
2020-12-31 20:33:57,499:INFO:Initializing Fold 5
2020-12-31 20:33:57,502:INFO:Fitting Model
2020-12-31 20:33:57,668:INFO:Evaluating Metrics
2020-12-31 20:33:57,674:INFO:Compiling Metrics
2020-12-31 20:33:57,678:INFO:Initializing Fold 6
2020-12-31 20:33:57,681:INFO:Fitting Model
2020-12-31 20:33:57,846:INFO:Evaluating Metrics
2020-12-31 20:33:57,851:INFO:Compiling Metrics
2020-12-31 20:33:57,856:INFO:Initializing Fold 7
2020-12-31 20:33:57,859:INFO:Fitting Model
2020-12-31 20:33:58,025:INFO:Evaluating Metrics
2020-12-31 20:33:58,031:INFO:Compiling Metrics
2020-12-31 20:33:58,035:INFO:Initializing Fold 8
2020-12-31 20:33:58,039:INFO:Fitting Model
2020-12-31 20:33:58,205:INFO:Evaluating Metrics
2020-12-31 20:33:58,210:INFO:Compiling Metrics
2020-12-31 20:33:58,214:INFO:Initializing Fold 9
2020-12-31 20:33:58,217:INFO:Fitting Model
2020-12-31 20:33:58,383:INFO:Evaluating Metrics
2020-12-31 20:33:58,389:INFO:Compiling Metrics
2020-12-31 20:33:58,393:INFO:Initializing Fold 10
2020-12-31 20:33:58,397:INFO:Fitting Model
2020-12-31 20:33:58,569:INFO:Evaluating Metrics
2020-12-31 20:33:58,575:INFO:Compiling Metrics
2020-12-31 20:33:58,579:INFO:Calculating mean and std
2020-12-31 20:33:58,579:INFO:Creating metrics dataframe
2020-12-31 20:33:58,589:INFO:Initializing Linear Discriminant Analysis
2020-12-31 20:33:58,594:INFO:Initializing Fold 1
2020-12-31 20:33:58,597:INFO:Fitting Model
2020-12-31 20:33:58,640:INFO:Evaluating Metrics
2020-12-31 20:33:58,645:INFO:Compiling Metrics
2020-12-31 20:33:58,649:INFO:Initializing Fold 2
2020-12-31 20:33:58,653:INFO:Fitting Model
2020-12-31 20:33:58,656:INFO:Evaluating Metrics
2020-12-31 20:33:58,662:INFO:Compiling Metrics
2020-12-31 20:33:58,667:INFO:Initializing Fold 3
2020-12-31 20:33:58,671:INFO:Fitting Model
2020-12-31 20:33:58,675:INFO:Evaluating Metrics
2020-12-31 20:33:58,680:INFO:Compiling Metrics
2020-12-31 20:33:58,684:INFO:Initializing Fold 4
2020-12-31 20:33:58,689:INFO:Fitting Model
2020-12-31 20:33:58,693:INFO:Evaluating Metrics
2020-12-31 20:33:58,698:INFO:Compiling Metrics
2020-12-31 20:33:58,703:INFO:Initializing Fold 5
2020-12-31 20:33:58,708:INFO:Fitting Model
2020-12-31 20:33:58,711:INFO:Evaluating Metrics
2020-12-31 20:33:58,717:INFO:Compiling Metrics
2020-12-31 20:33:58,721:INFO:Initializing Fold 6
2020-12-31 20:33:58,726:INFO:Fitting Model
2020-12-31 20:33:58,730:INFO:Evaluating Metrics
2020-12-31 20:33:58,735:INFO:Compiling Metrics
2020-12-31 20:33:58,741:INFO:Initializing Fold 7
2020-12-31 20:33:58,746:INFO:Fitting Model
2020-12-31 20:33:58,749:INFO:Evaluating Metrics
2020-12-31 20:33:58,754:INFO:Compiling Metrics
2020-12-31 20:33:58,758:INFO:Initializing Fold 8
2020-12-31 20:33:58,763:INFO:Fitting Model
2020-12-31 20:33:58,766:INFO:Evaluating Metrics
2020-12-31 20:33:58,772:INFO:Compiling Metrics
2020-12-31 20:33:58,778:INFO:Initializing Fold 9
2020-12-31 20:33:58,783:INFO:Fitting Model
2020-12-31 20:33:58,786:INFO:Evaluating Metrics
2020-12-31 20:33:58,791:INFO:Compiling Metrics
2020-12-31 20:33:58,796:INFO:Initializing Fold 10
2020-12-31 20:33:58,800:INFO:Fitting Model
2020-12-31 20:33:58,803:INFO:Evaluating Metrics
2020-12-31 20:33:58,808:INFO:Compiling Metrics
2020-12-31 20:33:58,812:INFO:Calculating mean and std
2020-12-31 20:33:58,813:INFO:Creating metrics dataframe
2020-12-31 20:33:58,822:INFO:Initializing Extra Trees Classifier
2020-12-31 20:33:58,828:INFO:Initializing Fold 1
2020-12-31 20:33:58,832:INFO:Fitting Model
2020-12-31 20:33:58,970:INFO:Evaluating Metrics
2020-12-31 20:33:59,192:INFO:Compiling Metrics
2020-12-31 20:33:59,196:INFO:Initializing Fold 2
2020-12-31 20:33:59,200:INFO:Fitting Model
2020-12-31 20:33:59,347:INFO:Evaluating Metrics
2020-12-31 20:33:59,565:INFO:Compiling Metrics
2020-12-31 20:33:59,569:INFO:Initializing Fold 3
2020-12-31 20:33:59,574:INFO:Fitting Model
2020-12-31 20:33:59,721:INFO:Evaluating Metrics
2020-12-31 20:33:59,944:INFO:Compiling Metrics
2020-12-31 20:33:59,948:INFO:Initializing Fold 4
2020-12-31 20:33:59,952:INFO:Fitting Model
2020-12-31 20:34:00,098:INFO:Evaluating Metrics
2020-12-31 20:34:00,320:INFO:Compiling Metrics
2020-12-31 20:34:00,325:INFO:Initializing Fold 5
2020-12-31 20:34:00,328:INFO:Fitting Model
2020-12-31 20:34:00,477:INFO:Evaluating Metrics
2020-12-31 20:34:00,697:INFO:Compiling Metrics
2020-12-31 20:34:00,701:INFO:Initializing Fold 6
2020-12-31 20:34:00,705:INFO:Fitting Model
2020-12-31 20:34:00,851:INFO:Evaluating Metrics
2020-12-31 20:34:01,074:INFO:Compiling Metrics
2020-12-31 20:34:01,078:INFO:Initializing Fold 7
2020-12-31 20:34:01,081:INFO:Fitting Model
2020-12-31 20:34:01,228:INFO:Evaluating Metrics
2020-12-31 20:34:01,449:INFO:Compiling Metrics
2020-12-31 20:34:01,453:INFO:Initializing Fold 8
2020-12-31 20:34:01,457:INFO:Fitting Model
2020-12-31 20:34:01,605:INFO:Evaluating Metrics
2020-12-31 20:34:01,823:INFO:Compiling Metrics
2020-12-31 20:34:01,827:INFO:Initializing Fold 9
2020-12-31 20:34:01,831:INFO:Fitting Model
2020-12-31 20:34:01,979:INFO:Evaluating Metrics
2020-12-31 20:34:02,200:INFO:Compiling Metrics
2020-12-31 20:34:02,204:INFO:Initializing Fold 10
2020-12-31 20:34:02,208:INFO:Fitting Model
2020-12-31 20:34:02,356:INFO:Evaluating Metrics
2020-12-31 20:34:02,577:INFO:Compiling Metrics
2020-12-31 20:34:02,581:INFO:Calculating mean and std
2020-12-31 20:34:02,581:INFO:Creating metrics dataframe
2020-12-31 20:34:02,590:INFO:Initializing Extreme Gradient Boosting
2020-12-31 20:34:02,595:INFO:Initializing Fold 1
2020-12-31 20:34:02,599:INFO:Fitting Model
2020-12-31 20:34:03,240:INFO:Evaluating Metrics
2020-12-31 20:34:03,247:INFO:Compiling Metrics
2020-12-31 20:34:03,252:INFO:Initializing Fold 2
2020-12-31 20:34:03,257:INFO:Fitting Model
2020-12-31 20:34:03,301:INFO:Evaluating Metrics
2020-12-31 20:34:03,307:INFO:Compiling Metrics
2020-12-31 20:34:03,313:INFO:Initializing Fold 3
2020-12-31 20:34:03,317:INFO:Fitting Model
2020-12-31 20:34:03,363:INFO:Evaluating Metrics
2020-12-31 20:34:03,369:INFO:Compiling Metrics
2020-12-31 20:34:03,374:INFO:Initializing Fold 4
2020-12-31 20:34:03,379:INFO:Fitting Model
2020-12-31 20:34:03,423:INFO:Evaluating Metrics
2020-12-31 20:34:03,430:INFO:Compiling Metrics
2020-12-31 20:34:03,435:INFO:Initializing Fold 5
2020-12-31 20:34:03,440:INFO:Fitting Model
2020-12-31 20:34:03,484:INFO:Evaluating Metrics
2020-12-31 20:34:03,490:INFO:Compiling Metrics
2020-12-31 20:34:03,495:INFO:Initializing Fold 6
2020-12-31 20:34:03,499:INFO:Fitting Model
2020-12-31 20:34:03,543:INFO:Evaluating Metrics
2020-12-31 20:34:03,549:INFO:Compiling Metrics
2020-12-31 20:34:03,554:INFO:Initializing Fold 7
2020-12-31 20:34:03,559:INFO:Fitting Model
2020-12-31 20:34:03,604:INFO:Evaluating Metrics
2020-12-31 20:34:03,610:INFO:Compiling Metrics
2020-12-31 20:34:03,615:INFO:Initializing Fold 8
2020-12-31 20:34:03,620:INFO:Fitting Model
2020-12-31 20:34:03,663:INFO:Evaluating Metrics
2020-12-31 20:34:03,669:INFO:Compiling Metrics
2020-12-31 20:34:03,674:INFO:Initializing Fold 9
2020-12-31 20:34:03,680:INFO:Fitting Model
2020-12-31 20:34:03,724:INFO:Evaluating Metrics
2020-12-31 20:34:03,731:INFO:Compiling Metrics
2020-12-31 20:34:03,736:INFO:Initializing Fold 10
2020-12-31 20:34:03,740:INFO:Fitting Model
2020-12-31 20:34:03,783:INFO:Evaluating Metrics
2020-12-31 20:34:03,789:INFO:Compiling Metrics
2020-12-31 20:34:03,794:INFO:Calculating mean and std
2020-12-31 20:34:03,794:INFO:Creating metrics dataframe
2020-12-31 20:34:03,808:INFO:Initializing Light Gradient Boosting Machine
2020-12-31 20:34:03,814:INFO:Initializing Fold 1
2020-12-31 20:34:03,818:INFO:Fitting Model
2020-12-31 20:34:03,895:INFO:Evaluating Metrics
2020-12-31 20:34:03,902:INFO:Compiling Metrics
2020-12-31 20:34:03,907:INFO:Initializing Fold 2
2020-12-31 20:34:03,913:INFO:Fitting Model
2020-12-31 20:34:03,988:INFO:Evaluating Metrics
2020-12-31 20:34:03,995:INFO:Compiling Metrics
2020-12-31 20:34:04,001:INFO:Initializing Fold 3
2020-12-31 20:34:04,006:INFO:Fitting Model
2020-12-31 20:34:04,079:INFO:Evaluating Metrics
2020-12-31 20:34:04,086:INFO:Compiling Metrics
2020-12-31 20:34:04,091:INFO:Initializing Fold 4
2020-12-31 20:34:04,097:INFO:Fitting Model
2020-12-31 20:34:04,167:INFO:Evaluating Metrics
2020-12-31 20:34:04,174:INFO:Compiling Metrics
2020-12-31 20:34:04,180:INFO:Initializing Fold 5
2020-12-31 20:34:04,184:INFO:Fitting Model
2020-12-31 20:34:04,254:INFO:Evaluating Metrics
2020-12-31 20:34:04,262:INFO:Compiling Metrics
2020-12-31 20:34:04,267:INFO:Initializing Fold 6
2020-12-31 20:34:04,271:INFO:Fitting Model
2020-12-31 20:34:04,342:INFO:Evaluating Metrics
2020-12-31 20:34:04,349:INFO:Compiling Metrics
2020-12-31 20:34:04,354:INFO:Initializing Fold 7
2020-12-31 20:34:04,358:INFO:Fitting Model
2020-12-31 20:34:04,429:INFO:Evaluating Metrics
2020-12-31 20:34:04,436:INFO:Compiling Metrics
2020-12-31 20:34:04,441:INFO:Initializing Fold 8
2020-12-31 20:34:04,446:INFO:Fitting Model
2020-12-31 20:34:04,516:INFO:Evaluating Metrics
2020-12-31 20:34:04,523:INFO:Compiling Metrics
2020-12-31 20:34:04,528:INFO:Initializing Fold 9
2020-12-31 20:34:04,533:INFO:Fitting Model
2020-12-31 20:34:04,603:INFO:Evaluating Metrics
2020-12-31 20:34:04,611:INFO:Compiling Metrics
2020-12-31 20:34:04,616:INFO:Initializing Fold 10
2020-12-31 20:34:04,621:INFO:Fitting Model
2020-12-31 20:34:04,691:INFO:Evaluating Metrics
2020-12-31 20:34:04,698:INFO:Compiling Metrics
2020-12-31 20:34:04,704:INFO:Calculating mean and std
2020-12-31 20:34:04,704:INFO:Creating metrics dataframe
2020-12-31 20:34:04,717:INFO:Initializing CatBoost Classifier
2020-12-31 20:34:04,723:INFO:Initializing Fold 1
2020-12-31 20:34:04,727:INFO:Fitting Model
2020-12-31 20:34:06,613:INFO:Evaluating Metrics
2020-12-31 20:34:06,621:INFO:Compiling Metrics
2020-12-31 20:34:06,625:INFO:Initializing Fold 2
2020-12-31 20:34:06,629:INFO:Fitting Model
2020-12-31 20:34:08,301:INFO:Evaluating Metrics
2020-12-31 20:34:08,307:INFO:Compiling Metrics
2020-12-31 20:34:08,311:INFO:Initializing Fold 3
2020-12-31 20:34:08,316:INFO:Fitting Model
2020-12-31 20:34:10,042:INFO:Evaluating Metrics
2020-12-31 20:34:10,048:INFO:Compiling Metrics
2020-12-31 20:34:10,054:INFO:Initializing Fold 4
2020-12-31 20:34:10,057:INFO:Fitting Model
2020-12-31 20:34:11,732:INFO:Evaluating Metrics
2020-12-31 20:34:11,738:INFO:Compiling Metrics
2020-12-31 20:34:11,742:INFO:Initializing Fold 5
2020-12-31 20:34:11,746:INFO:Fitting Model
2020-12-31 20:34:13,390:INFO:Evaluating Metrics
2020-12-31 20:34:13,395:INFO:Compiling Metrics
2020-12-31 20:34:13,400:INFO:Initializing Fold 6
2020-12-31 20:34:13,404:INFO:Fitting Model
2020-12-31 20:34:15,055:INFO:Evaluating Metrics
2020-12-31 20:34:15,060:INFO:Compiling Metrics
2020-12-31 20:34:15,065:INFO:Initializing Fold 7
2020-12-31 20:34:15,068:INFO:Fitting Model
2020-12-31 20:34:16,728:INFO:Evaluating Metrics
2020-12-31 20:34:16,734:INFO:Compiling Metrics
2020-12-31 20:34:16,738:INFO:Initializing Fold 8
2020-12-31 20:34:16,743:INFO:Fitting Model
2020-12-31 20:34:18,386:INFO:Evaluating Metrics
2020-12-31 20:34:18,391:INFO:Compiling Metrics
2020-12-31 20:34:18,396:INFO:Initializing Fold 9
2020-12-31 20:34:18,400:INFO:Fitting Model
2020-12-31 20:34:20,080:INFO:Evaluating Metrics
2020-12-31 20:34:20,086:INFO:Compiling Metrics
2020-12-31 20:34:20,090:INFO:Initializing Fold 10
2020-12-31 20:34:20,095:INFO:Fitting Model
2020-12-31 20:34:21,707:INFO:Evaluating Metrics
2020-12-31 20:34:21,714:INFO:Compiling Metrics
2020-12-31 20:34:21,718:INFO:Calculating mean and std
2020-12-31 20:34:21,718:INFO:Creating metrics dataframe
2020-12-31 20:34:21,733:INFO:Finalizing top_n models
2020-12-31 20:34:21,733:INFO:SubProcess create_model() called ==================================
2020-12-31 20:34:21,738:INFO:Initializing create_model()
2020-12-31 20:34:21,738:INFO:create_model(estimator=et, ensemble=False, method=None, fold=10, round=4, cross_validation=True, verbose=False, system=False)
2020-12-31 20:34:21,738:INFO:Checking exceptions
2020-12-31 20:34:21,738:INFO:Preloading libraries
2020-12-31 20:34:21,739:INFO:Preparing display monitor
2020-12-31 20:34:21,745:INFO:Copying training dataset
2020-12-31 20:34:21,746:INFO:Importing libraries
2020-12-31 20:34:21,746:INFO:Defining folds
2020-12-31 20:34:21,746:INFO:Declaring metric variables
2020-12-31 20:34:21,747:INFO:Importing untrained model
2020-12-31 20:34:21,747:INFO:Extra Trees Classifier Imported succesfully
2020-12-31 20:34:21,748:INFO:Checking ensemble method
2020-12-31 20:34:21,749:INFO:Initializing Fold 1
2020-12-31 20:34:21,750:INFO:Fitting Model
2020-12-31 20:34:21,889:INFO:Evaluating Metrics
2020-12-31 20:34:22,109:INFO:Compiling Metrics
2020-12-31 20:34:22,114:INFO:Initializing Fold 2
2020-12-31 20:34:22,114:INFO:Fitting Model
2020-12-31 20:34:22,249:INFO:Evaluating Metrics
2020-12-31 20:34:22,472:INFO:Compiling Metrics
2020-12-31 20:34:22,475:INFO:Initializing Fold 3
2020-12-31 20:34:22,476:INFO:Fitting Model
2020-12-31 20:34:22,612:INFO:Evaluating Metrics
2020-12-31 20:34:22,834:INFO:Compiling Metrics
2020-12-31 20:34:22,838:INFO:Initializing Fold 4
2020-12-31 20:34:22,838:INFO:Fitting Model
2020-12-31 20:34:22,987:INFO:Evaluating Metrics
2020-12-31 20:34:23,211:INFO:Compiling Metrics
2020-12-31 20:34:23,215:INFO:Initializing Fold 5
2020-12-31 20:34:23,216:INFO:Fitting Model
2020-12-31 20:34:23,349:INFO:Evaluating Metrics
2020-12-31 20:34:23,571:INFO:Compiling Metrics
2020-12-31 20:34:23,575:INFO:Initializing Fold 6
2020-12-31 20:34:23,575:INFO:Fitting Model
2020-12-31 20:34:23,709:INFO:Evaluating Metrics
2020-12-31 20:34:23,932:INFO:Compiling Metrics
2020-12-31 20:34:23,935:INFO:Initializing Fold 7
2020-12-31 20:34:23,936:INFO:Fitting Model
2020-12-31 20:34:24,071:INFO:Evaluating Metrics
2020-12-31 20:34:24,295:INFO:Compiling Metrics
2020-12-31 20:34:24,300:INFO:Initializing Fold 8
2020-12-31 20:34:24,300:INFO:Fitting Model
2020-12-31 20:34:24,434:INFO:Evaluating Metrics
2020-12-31 20:34:24,659:INFO:Compiling Metrics
2020-12-31 20:34:24,663:INFO:Initializing Fold 9
2020-12-31 20:34:24,663:INFO:Fitting Model
2020-12-31 20:34:24,799:INFO:Evaluating Metrics
2020-12-31 20:34:25,020:INFO:Compiling Metrics
2020-12-31 20:34:25,024:INFO:Initializing Fold 10
2020-12-31 20:34:25,024:INFO:Fitting Model
2020-12-31 20:34:25,159:INFO:Evaluating Metrics
2020-12-31 20:34:25,383:INFO:Compiling Metrics
2020-12-31 20:34:25,386:INFO:Calculating mean and std
2020-12-31 20:34:25,387:INFO:Creating metrics dataframe
2020-12-31 20:34:25,390:INFO:Finalizing model
2020-12-31 20:34:25,538:INFO:Uploading results into container
2020-12-31 20:34:25,538:INFO:Uploading model into container now
2020-12-31 20:34:25,538:INFO:create_model_container: 1
2020-12-31 20:34:25,538:INFO:master_model_container: 1
2020-12-31 20:34:25,538:INFO:display_container: 1
2020-12-31 20:34:25,538:INFO:ExtraTreesClassifier(bootstrap=False, ccp_alpha=0.0, class_weight=None,
                     criterion='gini', max_depth=None, max_features='auto',
                     max_leaf_nodes=None, max_samples=None,
                     min_impurity_decrease=0.0, min_impurity_split=None,
                     min_samples_leaf=1, min_samples_split=2,
                     min_weight_fraction_leaf=0.0, n_estimators=100, n_jobs=-1,
                     oob_score=False, random_state=123, verbose=0,
                     warm_start=False)
2020-12-31 20:34:25,538:INFO:create_model() succesfully completed......................................
2020-12-31 20:34:25,539:INFO:SubProcess create_model() end ==================================
2020-12-31 20:34:25,560:INFO:create_model_container: 1
2020-12-31 20:34:25,560:INFO:master_model_container: 1
2020-12-31 20:34:25,560:INFO:display_container: 2
2020-12-31 20:34:25,561:INFO:ExtraTreesClassifier(bootstrap=False, ccp_alpha=0.0, class_weight=None,
                     criterion='gini', max_depth=None, max_features='auto',
                     max_leaf_nodes=None, max_samples=None,
                     min_impurity_decrease=0.0, min_impurity_split=None,
                     min_samples_leaf=1, min_samples_split=2,
                     min_weight_fraction_leaf=0.0, n_estimators=100, n_jobs=-1,
                     oob_score=False, random_state=123, verbose=0,
                     warm_start=False)
2020-12-31 20:34:25,561:INFO:compare_models() succesfully completed......................................
2020-12-31 20:38:06,202:INFO:PyCaret Classification Module
2020-12-31 20:38:06,202:INFO:version 2.0
2020-12-31 20:38:06,202:INFO:Initializing setup()
2020-12-31 20:38:06,202:INFO:USI: 8231
2020-12-31 20:38:06,202:INFO:setup(data=(1599, 12), target=quality, train_size=0.7, sampling=True, sample_estimator=None, categorical_features=None, categorical_imputation=constant, ordinal_features=None,
                    high_cardinality_features=None, high_cardinality_method=frequency, numeric_features=None, numeric_imputation=mean, date_features=None, ignore_features=None, normalize=True,
                    normalize_method=zscore, transformation=True, transformation_method=yeo-johnson, handle_unknown_categorical=True, unknown_categorical_method=least_frequent, pca=False, pca_method=linear,
                    pca_components=None, ignore_low_variance=False, combine_rare_levels=False, rare_level_threshold=0.1, bin_numeric_features=None, remove_outliers=False, outliers_threshold=0.05,
                    remove_multicollinearity=False, multicollinearity_threshold=0.9, remove_perfect_collinearity=False, create_clusters=False, cluster_iter=20,
                    polynomial_features=False, polynomial_degree=2, trigonometry_features=False, polynomial_threshold=0.1, group_features=None,
                    group_names=None, feature_selection=False, feature_selection_threshold=0.8, feature_interaction=False, feature_ratio=False, interaction_threshold=0.01,
                    fix_imbalance=False, fix_imbalance_method=None, data_split_shuffle=True, folds_shuffle=False, n_jobs=-1, html=True, session_id=123, log_experiment=False,
                    experiment_name=None, log_plots=False, log_profile=False, log_data=False, silent=False, verbose=True, profile=False)
2020-12-31 20:38:06,202:INFO:Checking environment
2020-12-31 20:38:06,202:INFO:python_version: 3.7.6
2020-12-31 20:38:06,202:INFO:python_build: ('default', 'Jan  8 2020 20:23:39')
2020-12-31 20:38:06,202:INFO:machine: AMD64
2020-12-31 20:38:06,202:INFO:platform: Windows-10-10.0.19041-SP0
2020-12-31 20:38:06,202:INFO:Memory: svmem(total=51446050816, available=43025674240, percent=16.4, used=8420376576, free=43025674240)
2020-12-31 20:38:06,202:INFO:Physical Core: 6
2020-12-31 20:38:06,202:INFO:Logical Core: 12
2020-12-31 20:38:06,202:INFO:Checking libraries
2020-12-31 20:38:06,202:INFO:pd==1.1.3
2020-12-31 20:38:06,202:INFO:numpy==1.18.5
2020-12-31 20:38:06,202:INFO:sklearn==0.23.2
2020-12-31 20:38:06,203:INFO:xgboost==1.2.1
2020-12-31 20:38:06,203:INFO:lightgbm==2.3.1
2020-12-31 20:38:06,203:INFO:catboost==0.24.3
2020-12-31 20:38:06,203:INFO:mlflow==1.9.1
2020-12-31 20:38:06,203:INFO:Checking Exceptions
2020-12-31 20:38:06,203:INFO:Preloading libraries
2020-12-31 20:38:06,203:INFO:Preparing display monitor
2020-12-31 20:38:06,213:INFO:Importing libraries
2020-12-31 20:38:06,219:INFO:Copying data for preprocessing
2020-12-31 20:38:06,220:INFO:Declaring global variables
2020-12-31 20:38:06,224:INFO:Declaring preprocessing parameters
2020-12-31 20:38:06,224:INFO:Importing preprocessing module
2020-12-31 20:38:06,224:INFO:Creating preprocessing pipeline
2020-12-31 20:38:13,498:INFO:Preprocessing pipeline created successfully
2020-12-31 20:38:13,499:INFO:Creating grid variables
2020-12-31 20:38:13,500:INFO:Creating global containers
2020-12-31 20:38:13,517:INFO:create_model_container 0
2020-12-31 20:38:13,517:INFO:master_model_container 0
2020-12-31 20:38:13,517:INFO:display_container 0
2020-12-31 20:38:13,521:INFO:Pipeline(memory=None,
         steps=[('dtypes',
                 DataTypes_Auto_infer(categorical_features=[],
                                      display_types=True, features_todrop=[],
                                      ml_usecase='classification',
                                      numerical_features=[], target='quality',
                                      time_features=[])),
                ('imputer',
                 Simple_Imputer(categorical_strategy='not_available',
                                numeric_strategy='mean',
                                target_variable=None)),
                ('new_levels1',
                 New_Catagorical_Le...
                 Scaling_and_Power_transformation(function_to_apply='yj',
                                                  random_state_quantile=123,
                                                  target='quality')),
                ('pt_target', Empty()), ('binn', Empty()),
                ('rem_outliers', Empty()), ('cluster_all', Empty()),
                ('dummy', Dummify(target='quality')), ('fix_perfect', Empty()),
                ('clean_names', Clean_Colum_Names()),
                ('feature_select', Empty()), ('fix_multi', Empty()),
                ('dfs', Empty()), ('pca', Empty())],
         verbose=False)
2020-12-31 20:38:13,522:INFO:setup() succesfully completed......................................
2020-12-31 20:38:31,248:INFO:Initializing compare_models()
2020-12-31 20:38:31,249:INFO:compare_models(blacklist=None, whitelist=None, fold=10, round=4, sort=Accuracy, n_select=1, turbo=True, verbose=True)
2020-12-31 20:38:31,249:INFO:Checking exceptions
2020-12-31 20:38:31,249:INFO:Preloading libraries
2020-12-31 20:38:31,249:INFO:Preparing display monitor
2020-12-31 20:38:31,264:INFO:Copying training dataset
2020-12-31 20:38:31,265:INFO:Importing libraries
2020-12-31 20:38:31,269:INFO:Importing untrained models
2020-12-31 20:38:31,269:INFO:Import successful
2020-12-31 20:38:31,273:INFO:Defining folds
2020-12-31 20:38:31,274:INFO:Declaring metric variables
2020-12-31 20:38:31,274:INFO:Initializing Logistic Regression
2020-12-31 20:38:31,278:INFO:Initializing Fold 1
2020-12-31 20:38:31,282:INFO:Fitting Model
2020-12-31 20:38:31,292:INFO:Evaluating Metrics
2020-12-31 20:38:31,297:INFO:Compiling Metrics
2020-12-31 20:38:31,301:INFO:Initializing Fold 2
2020-12-31 20:38:31,305:INFO:Fitting Model
2020-12-31 20:38:31,313:INFO:Evaluating Metrics
2020-12-31 20:38:31,319:INFO:Compiling Metrics
2020-12-31 20:38:31,323:INFO:Initializing Fold 3
2020-12-31 20:38:31,326:INFO:Fitting Model
2020-12-31 20:38:31,335:INFO:Evaluating Metrics
2020-12-31 20:38:31,340:INFO:Compiling Metrics
2020-12-31 20:38:31,344:INFO:Initializing Fold 4
2020-12-31 20:38:31,348:INFO:Fitting Model
2020-12-31 20:38:31,356:INFO:Evaluating Metrics
2020-12-31 20:38:31,361:INFO:Compiling Metrics
2020-12-31 20:38:31,366:INFO:Initializing Fold 5
2020-12-31 20:38:31,370:INFO:Fitting Model
2020-12-31 20:38:31,377:INFO:Evaluating Metrics
2020-12-31 20:38:31,382:INFO:Compiling Metrics
2020-12-31 20:38:31,387:INFO:Initializing Fold 6
2020-12-31 20:38:31,390:INFO:Fitting Model
2020-12-31 20:38:31,399:INFO:Evaluating Metrics
2020-12-31 20:38:31,404:INFO:Compiling Metrics
2020-12-31 20:38:31,408:INFO:Initializing Fold 7
2020-12-31 20:38:31,412:INFO:Fitting Model
2020-12-31 20:38:31,421:INFO:Evaluating Metrics
2020-12-31 20:38:31,426:INFO:Compiling Metrics
2020-12-31 20:38:31,430:INFO:Initializing Fold 8
2020-12-31 20:38:31,435:INFO:Fitting Model
2020-12-31 20:38:31,442:INFO:Evaluating Metrics
2020-12-31 20:38:31,448:INFO:Compiling Metrics
2020-12-31 20:38:31,453:INFO:Initializing Fold 9
2020-12-31 20:38:31,457:INFO:Fitting Model
2020-12-31 20:38:31,465:INFO:Evaluating Metrics
2020-12-31 20:38:31,470:INFO:Compiling Metrics
2020-12-31 20:38:31,474:INFO:Initializing Fold 10
2020-12-31 20:38:31,477:INFO:Fitting Model
2020-12-31 20:38:31,486:INFO:Evaluating Metrics
2020-12-31 20:38:31,491:INFO:Compiling Metrics
2020-12-31 20:38:31,496:INFO:Calculating mean and std
2020-12-31 20:38:31,496:INFO:Creating metrics dataframe
2020-12-31 20:38:31,504:INFO:Initializing K Neighbors Classifier
2020-12-31 20:38:31,508:INFO:Initializing Fold 1
2020-12-31 20:38:31,513:INFO:Fitting Model
2020-12-31 20:38:31,516:INFO:Evaluating Metrics
2020-12-31 20:38:31,744:INFO:Compiling Metrics
2020-12-31 20:38:31,749:INFO:Initializing Fold 2
2020-12-31 20:38:31,753:INFO:Fitting Model
2020-12-31 20:38:31,756:INFO:Evaluating Metrics
2020-12-31 20:38:31,981:INFO:Compiling Metrics
2020-12-31 20:38:31,986:INFO:Initializing Fold 3
2020-12-31 20:38:31,990:INFO:Fitting Model
2020-12-31 20:38:31,993:INFO:Evaluating Metrics
2020-12-31 20:38:32,216:INFO:Compiling Metrics
2020-12-31 20:38:32,220:INFO:Initializing Fold 4
2020-12-31 20:38:32,224:INFO:Fitting Model
2020-12-31 20:38:32,227:INFO:Evaluating Metrics
2020-12-31 20:38:32,452:INFO:Compiling Metrics
2020-12-31 20:38:32,457:INFO:Initializing Fold 5
2020-12-31 20:38:32,462:INFO:Fitting Model
2020-12-31 20:38:32,466:INFO:Evaluating Metrics
2020-12-31 20:38:32,687:INFO:Compiling Metrics
2020-12-31 20:38:32,691:INFO:Initializing Fold 6
2020-12-31 20:38:32,695:INFO:Fitting Model
2020-12-31 20:38:32,699:INFO:Evaluating Metrics
2020-12-31 20:38:32,922:INFO:Compiling Metrics
2020-12-31 20:38:32,926:INFO:Initializing Fold 7
2020-12-31 20:38:32,930:INFO:Fitting Model
2020-12-31 20:38:32,934:INFO:Evaluating Metrics
2020-12-31 20:38:33,159:INFO:Compiling Metrics
2020-12-31 20:38:33,163:INFO:Initializing Fold 8
2020-12-31 20:38:33,167:INFO:Fitting Model
2020-12-31 20:38:33,170:INFO:Evaluating Metrics
2020-12-31 20:38:33,394:INFO:Compiling Metrics
2020-12-31 20:38:33,399:INFO:Initializing Fold 9
2020-12-31 20:38:33,403:INFO:Fitting Model
2020-12-31 20:38:33,405:INFO:Evaluating Metrics
2020-12-31 20:38:33,629:INFO:Compiling Metrics
2020-12-31 20:38:33,634:INFO:Initializing Fold 10
2020-12-31 20:38:33,638:INFO:Fitting Model
2020-12-31 20:38:33,641:INFO:Evaluating Metrics
2020-12-31 20:38:33,864:INFO:Compiling Metrics
2020-12-31 20:38:33,869:INFO:Calculating mean and std
2020-12-31 20:38:33,869:INFO:Creating metrics dataframe
2020-12-31 20:38:33,876:INFO:Initializing Naive Bayes
2020-12-31 20:38:33,881:INFO:Initializing Fold 1
2020-12-31 20:38:33,886:INFO:Fitting Model
2020-12-31 20:38:33,888:INFO:Evaluating Metrics
2020-12-31 20:38:33,893:INFO:Compiling Metrics
2020-12-31 20:38:33,897:INFO:Initializing Fold 2
2020-12-31 20:38:33,901:INFO:Fitting Model
2020-12-31 20:38:33,903:INFO:Evaluating Metrics
2020-12-31 20:38:33,908:INFO:Compiling Metrics
2020-12-31 20:38:33,912:INFO:Initializing Fold 3
2020-12-31 20:38:33,917:INFO:Fitting Model
2020-12-31 20:38:33,918:INFO:Evaluating Metrics
2020-12-31 20:38:33,923:INFO:Compiling Metrics
2020-12-31 20:38:33,927:INFO:Initializing Fold 4
2020-12-31 20:38:33,931:INFO:Fitting Model
2020-12-31 20:38:33,933:INFO:Evaluating Metrics
2020-12-31 20:38:33,938:INFO:Compiling Metrics
2020-12-31 20:38:33,943:INFO:Initializing Fold 5
2020-12-31 20:38:33,946:INFO:Fitting Model
2020-12-31 20:38:33,948:INFO:Evaluating Metrics
2020-12-31 20:38:33,954:INFO:Compiling Metrics
2020-12-31 20:38:33,958:INFO:Initializing Fold 6
2020-12-31 20:38:33,962:INFO:Fitting Model
2020-12-31 20:38:33,963:INFO:Evaluating Metrics
2020-12-31 20:38:33,969:INFO:Compiling Metrics
2020-12-31 20:38:33,973:INFO:Initializing Fold 7
2020-12-31 20:38:33,977:INFO:Fitting Model
2020-12-31 20:38:33,978:INFO:Evaluating Metrics
2020-12-31 20:38:33,984:INFO:Compiling Metrics
2020-12-31 20:38:33,988:INFO:Initializing Fold 8
2020-12-31 20:38:33,992:INFO:Fitting Model
2020-12-31 20:38:33,993:INFO:Evaluating Metrics
2020-12-31 20:38:33,999:INFO:Compiling Metrics
2020-12-31 20:38:34,003:INFO:Initializing Fold 9
2020-12-31 20:38:34,007:INFO:Fitting Model
2020-12-31 20:38:34,009:INFO:Evaluating Metrics
2020-12-31 20:38:34,014:INFO:Compiling Metrics
2020-12-31 20:38:34,019:INFO:Initializing Fold 10
2020-12-31 20:38:34,023:INFO:Fitting Model
2020-12-31 20:38:34,024:INFO:Evaluating Metrics
2020-12-31 20:38:34,029:INFO:Compiling Metrics
2020-12-31 20:38:34,033:INFO:Calculating mean and std
2020-12-31 20:38:34,033:INFO:Creating metrics dataframe
2020-12-31 20:38:34,042:INFO:Initializing Decision Tree Classifier
2020-12-31 20:38:34,046:INFO:Initializing Fold 1
2020-12-31 20:38:34,051:INFO:Fitting Model
2020-12-31 20:38:34,057:INFO:Evaluating Metrics
2020-12-31 20:38:34,062:INFO:Compiling Metrics
2020-12-31 20:38:34,066:INFO:Initializing Fold 2
2020-12-31 20:38:34,071:INFO:Fitting Model
2020-12-31 20:38:34,077:INFO:Evaluating Metrics
2020-12-31 20:38:34,081:INFO:Compiling Metrics
2020-12-31 20:38:34,085:INFO:Initializing Fold 3
2020-12-31 20:38:34,089:INFO:Fitting Model
2020-12-31 20:38:34,095:INFO:Evaluating Metrics
2020-12-31 20:38:34,101:INFO:Compiling Metrics
2020-12-31 20:38:34,105:INFO:Initializing Fold 4
2020-12-31 20:38:34,109:INFO:Fitting Model
2020-12-31 20:38:34,114:INFO:Evaluating Metrics
2020-12-31 20:38:34,119:INFO:Compiling Metrics
2020-12-31 20:38:34,123:INFO:Initializing Fold 5
2020-12-31 20:38:34,127:INFO:Fitting Model
2020-12-31 20:38:34,133:INFO:Evaluating Metrics
2020-12-31 20:38:34,138:INFO:Compiling Metrics
2020-12-31 20:38:34,142:INFO:Initializing Fold 6
2020-12-31 20:38:34,146:INFO:Fitting Model
2020-12-31 20:38:34,153:INFO:Evaluating Metrics
2020-12-31 20:38:34,158:INFO:Compiling Metrics
2020-12-31 20:38:34,162:INFO:Initializing Fold 7
2020-12-31 20:38:34,166:INFO:Fitting Model
2020-12-31 20:38:34,172:INFO:Evaluating Metrics
2020-12-31 20:38:34,177:INFO:Compiling Metrics
2020-12-31 20:38:34,181:INFO:Initializing Fold 8
2020-12-31 20:38:34,185:INFO:Fitting Model
2020-12-31 20:38:34,191:INFO:Evaluating Metrics
2020-12-31 20:38:34,195:INFO:Compiling Metrics
2020-12-31 20:38:34,200:INFO:Initializing Fold 9
2020-12-31 20:38:34,204:INFO:Fitting Model
2020-12-31 20:38:34,211:INFO:Evaluating Metrics
2020-12-31 20:38:34,218:INFO:Compiling Metrics
2020-12-31 20:38:34,223:INFO:Initializing Fold 10
2020-12-31 20:38:34,227:INFO:Fitting Model
2020-12-31 20:38:34,233:INFO:Evaluating Metrics
2020-12-31 20:38:34,238:INFO:Compiling Metrics
2020-12-31 20:38:34,242:INFO:Calculating mean and std
2020-12-31 20:38:34,243:INFO:Creating metrics dataframe
2020-12-31 20:38:34,251:INFO:Initializing SVM - Linear Kernel
2020-12-31 20:38:34,255:INFO:Initializing Fold 1
2020-12-31 20:38:34,259:INFO:Fitting Model
2020-12-31 20:38:34,264:INFO:Evaluating Metrics
2020-12-31 20:38:34,264:WARNING:model has no predict_proba attribute. pred_prob set to 0.00
2020-12-31 20:38:34,266:WARNING:model has no predict_proba attribute. AUC set to 0.00
2020-12-31 20:38:34,269:INFO:Compiling Metrics
2020-12-31 20:38:34,275:INFO:Initializing Fold 2
2020-12-31 20:38:34,279:INFO:Fitting Model
2020-12-31 20:38:34,284:INFO:Evaluating Metrics
2020-12-31 20:38:34,284:WARNING:model has no predict_proba attribute. pred_prob set to 0.00
2020-12-31 20:38:34,286:WARNING:model has no predict_proba attribute. AUC set to 0.00
2020-12-31 20:38:34,288:INFO:Compiling Metrics
2020-12-31 20:38:34,292:INFO:Initializing Fold 3
2020-12-31 20:38:34,296:INFO:Fitting Model
2020-12-31 20:38:34,301:INFO:Evaluating Metrics
2020-12-31 20:38:34,301:WARNING:model has no predict_proba attribute. pred_prob set to 0.00
2020-12-31 20:38:34,303:WARNING:model has no predict_proba attribute. AUC set to 0.00
2020-12-31 20:38:34,305:INFO:Compiling Metrics
2020-12-31 20:38:34,309:INFO:Initializing Fold 4
2020-12-31 20:38:34,313:INFO:Fitting Model
2020-12-31 20:38:34,318:INFO:Evaluating Metrics
2020-12-31 20:38:34,318:WARNING:model has no predict_proba attribute. pred_prob set to 0.00
2020-12-31 20:38:34,320:WARNING:model has no predict_proba attribute. AUC set to 0.00
2020-12-31 20:38:34,322:INFO:Compiling Metrics
2020-12-31 20:38:34,326:INFO:Initializing Fold 5
2020-12-31 20:38:34,329:INFO:Fitting Model
2020-12-31 20:38:34,335:INFO:Evaluating Metrics
2020-12-31 20:38:34,335:WARNING:model has no predict_proba attribute. pred_prob set to 0.00
2020-12-31 20:38:34,337:WARNING:model has no predict_proba attribute. AUC set to 0.00
2020-12-31 20:38:34,339:INFO:Compiling Metrics
2020-12-31 20:38:34,343:INFO:Initializing Fold 6
2020-12-31 20:38:34,346:INFO:Fitting Model
2020-12-31 20:38:34,352:INFO:Evaluating Metrics
2020-12-31 20:38:34,352:WARNING:model has no predict_proba attribute. pred_prob set to 0.00
2020-12-31 20:38:34,354:WARNING:model has no predict_proba attribute. AUC set to 0.00
2020-12-31 20:38:34,356:INFO:Compiling Metrics
2020-12-31 20:38:34,360:INFO:Initializing Fold 7
2020-12-31 20:38:34,363:INFO:Fitting Model
2020-12-31 20:38:34,370:INFO:Evaluating Metrics
2020-12-31 20:38:34,370:WARNING:model has no predict_proba attribute. pred_prob set to 0.00
2020-12-31 20:38:34,372:WARNING:model has no predict_proba attribute. AUC set to 0.00
2020-12-31 20:38:34,374:INFO:Compiling Metrics
2020-12-31 20:38:34,378:INFO:Initializing Fold 8
2020-12-31 20:38:34,382:INFO:Fitting Model
2020-12-31 20:38:34,387:INFO:Evaluating Metrics
2020-12-31 20:38:34,387:WARNING:model has no predict_proba attribute. pred_prob set to 0.00
2020-12-31 20:38:34,389:WARNING:model has no predict_proba attribute. AUC set to 0.00
2020-12-31 20:38:34,391:INFO:Compiling Metrics
2020-12-31 20:38:34,395:INFO:Initializing Fold 9
2020-12-31 20:38:34,399:INFO:Fitting Model
2020-12-31 20:38:34,404:INFO:Evaluating Metrics
2020-12-31 20:38:34,404:WARNING:model has no predict_proba attribute. pred_prob set to 0.00
2020-12-31 20:38:34,406:WARNING:model has no predict_proba attribute. AUC set to 0.00
2020-12-31 20:38:34,408:INFO:Compiling Metrics
2020-12-31 20:38:34,411:INFO:Initializing Fold 10
2020-12-31 20:38:34,415:INFO:Fitting Model
2020-12-31 20:38:34,420:INFO:Evaluating Metrics
2020-12-31 20:38:34,420:WARNING:model has no predict_proba attribute. pred_prob set to 0.00
2020-12-31 20:38:34,422:WARNING:model has no predict_proba attribute. AUC set to 0.00
2020-12-31 20:38:34,424:INFO:Compiling Metrics
2020-12-31 20:38:34,428:INFO:Calculating mean and std
2020-12-31 20:38:34,428:INFO:Creating metrics dataframe
2020-12-31 20:38:34,436:INFO:Initializing Ridge Classifier
2020-12-31 20:38:34,441:INFO:Initializing Fold 1
2020-12-31 20:38:34,445:INFO:Fitting Model
2020-12-31 20:38:34,448:INFO:Evaluating Metrics
2020-12-31 20:38:34,448:WARNING:model has no predict_proba attribute. pred_prob set to 0.00
2020-12-31 20:38:34,450:WARNING:model has no predict_proba attribute. AUC set to 0.00
2020-12-31 20:38:34,451:INFO:Compiling Metrics
2020-12-31 20:38:34,455:INFO:Initializing Fold 2
2020-12-31 20:38:34,459:INFO:Fitting Model
2020-12-31 20:38:34,462:INFO:Evaluating Metrics
2020-12-31 20:38:34,462:WARNING:model has no predict_proba attribute. pred_prob set to 0.00
2020-12-31 20:38:34,463:WARNING:model has no predict_proba attribute. AUC set to 0.00
2020-12-31 20:38:34,465:INFO:Compiling Metrics
2020-12-31 20:38:34,470:INFO:Initializing Fold 3
2020-12-31 20:38:34,474:INFO:Fitting Model
2020-12-31 20:38:34,476:INFO:Evaluating Metrics
2020-12-31 20:38:34,476:WARNING:model has no predict_proba attribute. pred_prob set to 0.00
2020-12-31 20:38:34,478:WARNING:model has no predict_proba attribute. AUC set to 0.00
2020-12-31 20:38:34,480:INFO:Compiling Metrics
2020-12-31 20:38:34,484:INFO:Initializing Fold 4
2020-12-31 20:38:34,489:INFO:Fitting Model
2020-12-31 20:38:34,491:INFO:Evaluating Metrics
2020-12-31 20:38:34,491:WARNING:model has no predict_proba attribute. pred_prob set to 0.00
2020-12-31 20:38:34,493:WARNING:model has no predict_proba attribute. AUC set to 0.00
2020-12-31 20:38:34,495:INFO:Compiling Metrics
2020-12-31 20:38:34,499:INFO:Initializing Fold 5
2020-12-31 20:38:34,503:INFO:Fitting Model
2020-12-31 20:38:34,506:INFO:Evaluating Metrics
2020-12-31 20:38:34,506:WARNING:model has no predict_proba attribute. pred_prob set to 0.00
2020-12-31 20:38:34,508:WARNING:model has no predict_proba attribute. AUC set to 0.00
2020-12-31 20:38:34,509:INFO:Compiling Metrics
2020-12-31 20:38:34,513:INFO:Initializing Fold 6
2020-12-31 20:38:34,517:INFO:Fitting Model
2020-12-31 20:38:34,520:INFO:Evaluating Metrics
2020-12-31 20:38:34,520:WARNING:model has no predict_proba attribute. pred_prob set to 0.00
2020-12-31 20:38:34,522:WARNING:model has no predict_proba attribute. AUC set to 0.00
2020-12-31 20:38:34,523:INFO:Compiling Metrics
2020-12-31 20:38:34,527:INFO:Initializing Fold 7
2020-12-31 20:38:34,531:INFO:Fitting Model
2020-12-31 20:38:34,534:INFO:Evaluating Metrics
2020-12-31 20:38:34,534:WARNING:model has no predict_proba attribute. pred_prob set to 0.00
2020-12-31 20:38:34,536:WARNING:model has no predict_proba attribute. AUC set to 0.00
2020-12-31 20:38:34,537:INFO:Compiling Metrics
2020-12-31 20:38:34,541:INFO:Initializing Fold 8
2020-12-31 20:38:34,545:INFO:Fitting Model
2020-12-31 20:38:34,547:INFO:Evaluating Metrics
2020-12-31 20:38:34,547:WARNING:model has no predict_proba attribute. pred_prob set to 0.00
2020-12-31 20:38:34,550:WARNING:model has no predict_proba attribute. AUC set to 0.00
2020-12-31 20:38:34,551:INFO:Compiling Metrics
2020-12-31 20:38:34,555:INFO:Initializing Fold 9
2020-12-31 20:38:34,559:INFO:Fitting Model
2020-12-31 20:38:34,561:INFO:Evaluating Metrics
2020-12-31 20:38:34,561:WARNING:model has no predict_proba attribute. pred_prob set to 0.00
2020-12-31 20:38:34,563:WARNING:model has no predict_proba attribute. AUC set to 0.00
2020-12-31 20:38:34,564:INFO:Compiling Metrics
2020-12-31 20:38:34,569:INFO:Initializing Fold 10
2020-12-31 20:38:34,573:INFO:Fitting Model
2020-12-31 20:38:34,576:INFO:Evaluating Metrics
2020-12-31 20:38:34,576:WARNING:model has no predict_proba attribute. pred_prob set to 0.00
2020-12-31 20:38:34,578:WARNING:model has no predict_proba attribute. AUC set to 0.00
2020-12-31 20:38:34,580:INFO:Compiling Metrics
2020-12-31 20:38:34,584:INFO:Calculating mean and std
2020-12-31 20:38:34,584:INFO:Creating metrics dataframe
2020-12-31 20:38:34,593:INFO:Initializing Random Forest Classifier
2020-12-31 20:38:34,597:INFO:Initializing Fold 1
2020-12-31 20:38:34,601:INFO:Fitting Model
2020-12-31 20:38:34,717:INFO:Evaluating Metrics
2020-12-31 20:38:34,940:INFO:Compiling Metrics
2020-12-31 20:38:34,944:INFO:Initializing Fold 2
2020-12-31 20:38:34,947:INFO:Fitting Model
2020-12-31 20:38:35,064:INFO:Evaluating Metrics
2020-12-31 20:38:35,287:INFO:Compiling Metrics
2020-12-31 20:38:35,291:INFO:Initializing Fold 3
2020-12-31 20:38:35,295:INFO:Fitting Model
2020-12-31 20:38:35,409:INFO:Evaluating Metrics
2020-12-31 20:38:35,630:INFO:Compiling Metrics
2020-12-31 20:38:35,635:INFO:Initializing Fold 4
2020-12-31 20:38:35,639:INFO:Fitting Model
2020-12-31 20:38:35,754:INFO:Evaluating Metrics
2020-12-31 20:38:35,974:INFO:Compiling Metrics
2020-12-31 20:38:35,978:INFO:Initializing Fold 5
2020-12-31 20:38:35,982:INFO:Fitting Model
2020-12-31 20:38:36,098:INFO:Evaluating Metrics
2020-12-31 20:38:36,321:INFO:Compiling Metrics
2020-12-31 20:38:36,325:INFO:Initializing Fold 6
2020-12-31 20:38:36,329:INFO:Fitting Model
2020-12-31 20:38:36,443:INFO:Evaluating Metrics
2020-12-31 20:38:36,666:INFO:Compiling Metrics
2020-12-31 20:38:36,671:INFO:Initializing Fold 7
2020-12-31 20:38:36,674:INFO:Fitting Model
2020-12-31 20:38:36,789:INFO:Evaluating Metrics
2020-12-31 20:38:37,012:INFO:Compiling Metrics
2020-12-31 20:38:37,016:INFO:Initializing Fold 8
2020-12-31 20:38:37,021:INFO:Fitting Model
2020-12-31 20:38:37,135:INFO:Evaluating Metrics
2020-12-31 20:38:37,357:INFO:Compiling Metrics
2020-12-31 20:38:37,361:INFO:Initializing Fold 9
2020-12-31 20:38:37,365:INFO:Fitting Model
2020-12-31 20:38:37,481:INFO:Evaluating Metrics
2020-12-31 20:38:37,704:INFO:Compiling Metrics
2020-12-31 20:38:37,708:INFO:Initializing Fold 10
2020-12-31 20:38:37,712:INFO:Fitting Model
2020-12-31 20:38:37,827:INFO:Evaluating Metrics
2020-12-31 20:38:38,047:INFO:Compiling Metrics
2020-12-31 20:38:38,051:INFO:Calculating mean and std
2020-12-31 20:38:38,051:INFO:Creating metrics dataframe
2020-12-31 20:38:38,060:INFO:Initializing Quadratic Discriminant Analysis
2020-12-31 20:38:38,065:INFO:Initializing Fold 1
2020-12-31 20:38:38,068:INFO:Fitting Model
2020-12-31 20:38:38,071:INFO:Evaluating Metrics
2020-12-31 20:38:38,076:INFO:Compiling Metrics
2020-12-31 20:38:38,080:INFO:Initializing Fold 2
2020-12-31 20:38:38,084:INFO:Fitting Model
2020-12-31 20:38:38,086:INFO:Evaluating Metrics
2020-12-31 20:38:38,091:INFO:Compiling Metrics
2020-12-31 20:38:38,095:INFO:Initializing Fold 3
2020-12-31 20:38:38,099:INFO:Fitting Model
2020-12-31 20:38:38,101:INFO:Evaluating Metrics
2020-12-31 20:38:38,106:INFO:Compiling Metrics
2020-12-31 20:38:38,110:INFO:Initializing Fold 4
2020-12-31 20:38:38,114:INFO:Fitting Model
2020-12-31 20:38:38,116:INFO:Evaluating Metrics
2020-12-31 20:38:38,121:INFO:Compiling Metrics
2020-12-31 20:38:38,125:INFO:Initializing Fold 5
2020-12-31 20:38:38,129:INFO:Fitting Model
2020-12-31 20:38:38,131:INFO:Evaluating Metrics
2020-12-31 20:38:38,136:INFO:Compiling Metrics
2020-12-31 20:38:38,141:INFO:Initializing Fold 6
2020-12-31 20:38:38,145:INFO:Fitting Model
2020-12-31 20:38:38,146:INFO:Evaluating Metrics
2020-12-31 20:38:38,151:INFO:Compiling Metrics
2020-12-31 20:38:38,155:INFO:Initializing Fold 7
2020-12-31 20:38:38,160:INFO:Fitting Model
2020-12-31 20:38:38,162:INFO:Evaluating Metrics
2020-12-31 20:38:38,166:INFO:Compiling Metrics
2020-12-31 20:38:38,171:INFO:Initializing Fold 8
2020-12-31 20:38:38,175:INFO:Fitting Model
2020-12-31 20:38:38,177:INFO:Evaluating Metrics
2020-12-31 20:38:38,181:INFO:Compiling Metrics
2020-12-31 20:38:38,185:INFO:Initializing Fold 9
2020-12-31 20:38:38,190:INFO:Fitting Model
2020-12-31 20:38:38,192:INFO:Evaluating Metrics
2020-12-31 20:38:38,197:INFO:Compiling Metrics
2020-12-31 20:38:38,201:INFO:Initializing Fold 10
2020-12-31 20:38:38,206:INFO:Fitting Model
2020-12-31 20:38:38,208:INFO:Evaluating Metrics
2020-12-31 20:38:38,213:INFO:Compiling Metrics
2020-12-31 20:38:38,217:INFO:Calculating mean and std
2020-12-31 20:38:38,217:INFO:Creating metrics dataframe
2020-12-31 20:38:38,226:INFO:Initializing Ada Boost Classifier
2020-12-31 20:38:38,231:INFO:Initializing Fold 1
2020-12-31 20:38:38,235:INFO:Fitting Model
2020-12-31 20:38:38,312:INFO:Evaluating Metrics
2020-12-31 20:38:38,326:INFO:Compiling Metrics
2020-12-31 20:38:38,330:INFO:Initializing Fold 2
2020-12-31 20:38:38,334:INFO:Fitting Model
2020-12-31 20:38:38,409:INFO:Evaluating Metrics
2020-12-31 20:38:38,423:INFO:Compiling Metrics
2020-12-31 20:38:38,427:INFO:Initializing Fold 3
2020-12-31 20:38:38,431:INFO:Fitting Model
2020-12-31 20:38:38,505:INFO:Evaluating Metrics
2020-12-31 20:38:38,520:INFO:Compiling Metrics
2020-12-31 20:38:38,524:INFO:Initializing Fold 4
2020-12-31 20:38:38,528:INFO:Fitting Model
2020-12-31 20:38:38,602:INFO:Evaluating Metrics
2020-12-31 20:38:38,617:INFO:Compiling Metrics
2020-12-31 20:38:38,621:INFO:Initializing Fold 5
2020-12-31 20:38:38,625:INFO:Fitting Model
2020-12-31 20:38:38,699:INFO:Evaluating Metrics
2020-12-31 20:38:38,714:INFO:Compiling Metrics
2020-12-31 20:38:38,718:INFO:Initializing Fold 6
2020-12-31 20:38:38,723:INFO:Fitting Model
2020-12-31 20:38:38,798:INFO:Evaluating Metrics
2020-12-31 20:38:38,813:INFO:Compiling Metrics
2020-12-31 20:38:38,817:INFO:Initializing Fold 7
2020-12-31 20:38:38,821:INFO:Fitting Model
2020-12-31 20:38:38,896:INFO:Evaluating Metrics
2020-12-31 20:38:38,911:INFO:Compiling Metrics
2020-12-31 20:38:38,915:INFO:Initializing Fold 8
2020-12-31 20:38:38,919:INFO:Fitting Model
2020-12-31 20:38:38,995:INFO:Evaluating Metrics
2020-12-31 20:38:39,009:INFO:Compiling Metrics
2020-12-31 20:38:39,013:INFO:Initializing Fold 9
2020-12-31 20:38:39,017:INFO:Fitting Model
2020-12-31 20:38:39,092:INFO:Evaluating Metrics
2020-12-31 20:38:39,106:INFO:Compiling Metrics
2020-12-31 20:38:39,110:INFO:Initializing Fold 10
2020-12-31 20:38:39,114:INFO:Fitting Model
2020-12-31 20:38:39,188:INFO:Evaluating Metrics
2020-12-31 20:38:39,202:INFO:Compiling Metrics
2020-12-31 20:38:39,206:INFO:Calculating mean and std
2020-12-31 20:38:39,207:INFO:Creating metrics dataframe
2020-12-31 20:38:39,216:INFO:Initializing Gradient Boosting Classifier
2020-12-31 20:38:39,221:INFO:Initializing Fold 1
2020-12-31 20:38:39,225:INFO:Fitting Model
2020-12-31 20:38:39,399:INFO:Evaluating Metrics
2020-12-31 20:38:39,405:INFO:Compiling Metrics
2020-12-31 20:38:39,409:INFO:Initializing Fold 2
2020-12-31 20:38:39,413:INFO:Fitting Model
2020-12-31 20:38:39,579:INFO:Evaluating Metrics
2020-12-31 20:38:39,584:INFO:Compiling Metrics
2020-12-31 20:38:39,588:INFO:Initializing Fold 3
2020-12-31 20:38:39,592:INFO:Fitting Model
2020-12-31 20:38:39,758:INFO:Evaluating Metrics
2020-12-31 20:38:39,763:INFO:Compiling Metrics
2020-12-31 20:38:39,767:INFO:Initializing Fold 4
2020-12-31 20:38:39,772:INFO:Fitting Model
2020-12-31 20:38:39,938:INFO:Evaluating Metrics
2020-12-31 20:38:39,944:INFO:Compiling Metrics
2020-12-31 20:38:39,947:INFO:Initializing Fold 5
2020-12-31 20:38:39,951:INFO:Fitting Model
2020-12-31 20:38:40,116:INFO:Evaluating Metrics
2020-12-31 20:38:40,122:INFO:Compiling Metrics
2020-12-31 20:38:40,126:INFO:Initializing Fold 6
2020-12-31 20:38:40,129:INFO:Fitting Model
2020-12-31 20:38:40,295:INFO:Evaluating Metrics
2020-12-31 20:38:40,300:INFO:Compiling Metrics
2020-12-31 20:38:40,305:INFO:Initializing Fold 7
2020-12-31 20:38:40,309:INFO:Fitting Model
2020-12-31 20:38:40,475:INFO:Evaluating Metrics
2020-12-31 20:38:40,480:INFO:Compiling Metrics
2020-12-31 20:38:40,484:INFO:Initializing Fold 8
2020-12-31 20:38:40,489:INFO:Fitting Model
2020-12-31 20:38:40,655:INFO:Evaluating Metrics
2020-12-31 20:38:40,661:INFO:Compiling Metrics
2020-12-31 20:38:40,665:INFO:Initializing Fold 9
2020-12-31 20:38:40,668:INFO:Fitting Model
2020-12-31 20:38:40,834:INFO:Evaluating Metrics
2020-12-31 20:38:40,840:INFO:Compiling Metrics
2020-12-31 20:38:40,844:INFO:Initializing Fold 10
2020-12-31 20:38:40,848:INFO:Fitting Model
2020-12-31 20:38:41,015:INFO:Evaluating Metrics
2020-12-31 20:38:41,021:INFO:Compiling Metrics
2020-12-31 20:38:41,025:INFO:Calculating mean and std
2020-12-31 20:38:41,025:INFO:Creating metrics dataframe
2020-12-31 20:38:41,034:INFO:Initializing Linear Discriminant Analysis
2020-12-31 20:38:41,039:INFO:Initializing Fold 1
2020-12-31 20:38:41,043:INFO:Fitting Model
2020-12-31 20:38:41,046:INFO:Evaluating Metrics
2020-12-31 20:38:41,052:INFO:Compiling Metrics
2020-12-31 20:38:41,058:INFO:Initializing Fold 2
2020-12-31 20:38:41,062:INFO:Fitting Model
2020-12-31 20:38:41,066:INFO:Evaluating Metrics
2020-12-31 20:38:41,071:INFO:Compiling Metrics
2020-12-31 20:38:41,077:INFO:Initializing Fold 3
2020-12-31 20:38:41,081:INFO:Fitting Model
2020-12-31 20:38:41,085:INFO:Evaluating Metrics
2020-12-31 20:38:41,091:INFO:Compiling Metrics
2020-12-31 20:38:41,096:INFO:Initializing Fold 4
2020-12-31 20:38:41,100:INFO:Fitting Model
2020-12-31 20:38:41,103:INFO:Evaluating Metrics
2020-12-31 20:38:41,109:INFO:Compiling Metrics
2020-12-31 20:38:41,113:INFO:Initializing Fold 5
2020-12-31 20:38:41,117:INFO:Fitting Model
2020-12-31 20:38:41,121:INFO:Evaluating Metrics
2020-12-31 20:38:41,126:INFO:Compiling Metrics
2020-12-31 20:38:41,131:INFO:Initializing Fold 6
2020-12-31 20:38:41,136:INFO:Fitting Model
2020-12-31 20:38:41,139:INFO:Evaluating Metrics
2020-12-31 20:38:41,145:INFO:Compiling Metrics
2020-12-31 20:38:41,150:INFO:Initializing Fold 7
2020-12-31 20:38:41,155:INFO:Fitting Model
2020-12-31 20:38:41,158:INFO:Evaluating Metrics
2020-12-31 20:38:41,164:INFO:Compiling Metrics
2020-12-31 20:38:41,168:INFO:Initializing Fold 8
2020-12-31 20:38:41,173:INFO:Fitting Model
2020-12-31 20:38:41,176:INFO:Evaluating Metrics
2020-12-31 20:38:41,183:INFO:Compiling Metrics
2020-12-31 20:38:41,187:INFO:Initializing Fold 9
2020-12-31 20:38:41,192:INFO:Fitting Model
2020-12-31 20:38:41,196:INFO:Evaluating Metrics
2020-12-31 20:38:41,201:INFO:Compiling Metrics
2020-12-31 20:38:41,205:INFO:Initializing Fold 10
2020-12-31 20:38:41,210:INFO:Fitting Model
2020-12-31 20:38:41,214:INFO:Evaluating Metrics
2020-12-31 20:38:41,219:INFO:Compiling Metrics
2020-12-31 20:38:41,223:INFO:Calculating mean and std
2020-12-31 20:38:41,223:INFO:Creating metrics dataframe
2020-12-31 20:38:41,234:INFO:Initializing Extra Trees Classifier
2020-12-31 20:38:41,238:INFO:Initializing Fold 1
2020-12-31 20:38:41,243:INFO:Fitting Model
2020-12-31 20:38:41,389:INFO:Evaluating Metrics
2020-12-31 20:38:41,610:INFO:Compiling Metrics
2020-12-31 20:38:41,614:INFO:Initializing Fold 2
2020-12-31 20:38:41,618:INFO:Fitting Model
2020-12-31 20:38:41,764:INFO:Evaluating Metrics
2020-12-31 20:38:41,986:INFO:Compiling Metrics
2020-12-31 20:38:41,990:INFO:Initializing Fold 3
2020-12-31 20:38:41,994:INFO:Fitting Model
2020-12-31 20:38:42,140:INFO:Evaluating Metrics
2020-12-31 20:38:42,363:INFO:Compiling Metrics
2020-12-31 20:38:42,367:INFO:Initializing Fold 4
2020-12-31 20:38:42,371:INFO:Fitting Model
2020-12-31 20:38:42,520:INFO:Evaluating Metrics
2020-12-31 20:38:42,741:INFO:Compiling Metrics
2020-12-31 20:38:42,745:INFO:Initializing Fold 5
2020-12-31 20:38:42,748:INFO:Fitting Model
2020-12-31 20:38:42,894:INFO:Evaluating Metrics
2020-12-31 20:38:43,114:INFO:Compiling Metrics
2020-12-31 20:38:43,118:INFO:Initializing Fold 6
2020-12-31 20:38:43,122:INFO:Fitting Model
2020-12-31 20:38:43,270:INFO:Evaluating Metrics
2020-12-31 20:38:43,495:INFO:Compiling Metrics
2020-12-31 20:38:43,499:INFO:Initializing Fold 7
2020-12-31 20:38:43,504:INFO:Fitting Model
2020-12-31 20:38:43,648:INFO:Evaluating Metrics
2020-12-31 20:38:43,870:INFO:Compiling Metrics
2020-12-31 20:38:43,874:INFO:Initializing Fold 8
2020-12-31 20:38:43,878:INFO:Fitting Model
2020-12-31 20:38:44,025:INFO:Evaluating Metrics
2020-12-31 20:38:44,246:INFO:Compiling Metrics
2020-12-31 20:38:44,250:INFO:Initializing Fold 9
2020-12-31 20:38:44,254:INFO:Fitting Model
2020-12-31 20:38:44,402:INFO:Evaluating Metrics
2020-12-31 20:38:44,622:INFO:Compiling Metrics
2020-12-31 20:38:44,627:INFO:Initializing Fold 10
2020-12-31 20:38:44,631:INFO:Fitting Model
2020-12-31 20:38:44,778:INFO:Evaluating Metrics
2020-12-31 20:38:45,001:INFO:Compiling Metrics
2020-12-31 20:38:45,006:INFO:Calculating mean and std
2020-12-31 20:38:45,006:INFO:Creating metrics dataframe
2020-12-31 20:38:45,016:INFO:Initializing Extreme Gradient Boosting
2020-12-31 20:38:45,020:INFO:Initializing Fold 1
2020-12-31 20:38:45,023:INFO:Fitting Model
2020-12-31 20:38:45,067:INFO:Evaluating Metrics
2020-12-31 20:38:45,073:INFO:Compiling Metrics
2020-12-31 20:38:45,078:INFO:Initializing Fold 2
2020-12-31 20:38:45,083:INFO:Fitting Model
2020-12-31 20:38:45,128:INFO:Evaluating Metrics
2020-12-31 20:38:45,134:INFO:Compiling Metrics
2020-12-31 20:38:45,139:INFO:Initializing Fold 3
2020-12-31 20:38:45,145:INFO:Fitting Model
2020-12-31 20:38:45,188:INFO:Evaluating Metrics
2020-12-31 20:38:45,195:INFO:Compiling Metrics
2020-12-31 20:38:45,200:INFO:Initializing Fold 4
2020-12-31 20:38:45,205:INFO:Fitting Model
2020-12-31 20:38:45,248:INFO:Evaluating Metrics
2020-12-31 20:38:45,254:INFO:Compiling Metrics
2020-12-31 20:38:45,260:INFO:Initializing Fold 5
2020-12-31 20:38:45,265:INFO:Fitting Model
2020-12-31 20:38:45,309:INFO:Evaluating Metrics
2020-12-31 20:38:45,315:INFO:Compiling Metrics
2020-12-31 20:38:45,320:INFO:Initializing Fold 6
2020-12-31 20:38:45,326:INFO:Fitting Model
2020-12-31 20:38:45,369:INFO:Evaluating Metrics
2020-12-31 20:38:45,375:INFO:Compiling Metrics
2020-12-31 20:38:45,380:INFO:Initializing Fold 7
2020-12-31 20:38:45,385:INFO:Fitting Model
2020-12-31 20:38:45,432:INFO:Evaluating Metrics
2020-12-31 20:38:45,438:INFO:Compiling Metrics
2020-12-31 20:38:45,443:INFO:Initializing Fold 8
2020-12-31 20:38:45,448:INFO:Fitting Model
2020-12-31 20:38:45,494:INFO:Evaluating Metrics
2020-12-31 20:38:45,500:INFO:Compiling Metrics
2020-12-31 20:38:45,505:INFO:Initializing Fold 9
2020-12-31 20:38:45,510:INFO:Fitting Model
2020-12-31 20:38:45,554:INFO:Evaluating Metrics
2020-12-31 20:38:45,561:INFO:Compiling Metrics
2020-12-31 20:38:45,566:INFO:Initializing Fold 10
2020-12-31 20:38:45,570:INFO:Fitting Model
2020-12-31 20:38:45,615:INFO:Evaluating Metrics
2020-12-31 20:38:45,621:INFO:Compiling Metrics
2020-12-31 20:38:45,626:INFO:Calculating mean and std
2020-12-31 20:38:45,627:INFO:Creating metrics dataframe
2020-12-31 20:38:45,640:INFO:Initializing Light Gradient Boosting Machine
2020-12-31 20:38:45,645:INFO:Initializing Fold 1
2020-12-31 20:38:45,650:INFO:Fitting Model
2020-12-31 20:38:45,728:INFO:Evaluating Metrics
2020-12-31 20:38:45,735:INFO:Compiling Metrics
2020-12-31 20:38:45,740:INFO:Initializing Fold 2
2020-12-31 20:38:45,746:INFO:Fitting Model
2020-12-31 20:38:45,818:INFO:Evaluating Metrics
2020-12-31 20:38:45,825:INFO:Compiling Metrics
2020-12-31 20:38:45,831:INFO:Initializing Fold 3
2020-12-31 20:38:45,835:INFO:Fitting Model
2020-12-31 20:38:45,908:INFO:Evaluating Metrics
2020-12-31 20:38:45,917:INFO:Compiling Metrics
2020-12-31 20:38:45,923:INFO:Initializing Fold 4
2020-12-31 20:38:45,931:INFO:Fitting Model
2020-12-31 20:38:46,004:INFO:Evaluating Metrics
2020-12-31 20:38:46,012:INFO:Compiling Metrics
2020-12-31 20:38:46,017:INFO:Initializing Fold 5
2020-12-31 20:38:46,023:INFO:Fitting Model
2020-12-31 20:38:46,096:INFO:Evaluating Metrics
2020-12-31 20:38:46,103:INFO:Compiling Metrics
2020-12-31 20:38:46,108:INFO:Initializing Fold 6
2020-12-31 20:38:46,115:INFO:Fitting Model
2020-12-31 20:38:46,187:INFO:Evaluating Metrics
2020-12-31 20:38:46,194:INFO:Compiling Metrics
2020-12-31 20:38:46,200:INFO:Initializing Fold 7
2020-12-31 20:38:46,205:INFO:Fitting Model
2020-12-31 20:38:46,276:INFO:Evaluating Metrics
2020-12-31 20:38:46,283:INFO:Compiling Metrics
2020-12-31 20:38:46,288:INFO:Initializing Fold 8
2020-12-31 20:38:46,293:INFO:Fitting Model
2020-12-31 20:38:46,365:INFO:Evaluating Metrics
2020-12-31 20:38:46,372:INFO:Compiling Metrics
2020-12-31 20:38:46,377:INFO:Initializing Fold 9
2020-12-31 20:38:46,382:INFO:Fitting Model
2020-12-31 20:38:46,459:INFO:Evaluating Metrics
2020-12-31 20:38:46,467:INFO:Compiling Metrics
2020-12-31 20:38:46,472:INFO:Initializing Fold 10
2020-12-31 20:38:46,476:INFO:Fitting Model
2020-12-31 20:38:46,554:INFO:Evaluating Metrics
2020-12-31 20:38:46,561:INFO:Compiling Metrics
2020-12-31 20:38:46,567:INFO:Calculating mean and std
2020-12-31 20:38:46,567:INFO:Creating metrics dataframe
2020-12-31 20:38:46,581:INFO:Initializing CatBoost Classifier
2020-12-31 20:38:46,586:INFO:Initializing Fold 1
2020-12-31 20:38:46,590:INFO:Fitting Model
2020-12-31 20:38:48,274:INFO:Evaluating Metrics
2020-12-31 20:38:48,280:INFO:Compiling Metrics
2020-12-31 20:38:48,284:INFO:Initializing Fold 2
2020-12-31 20:38:48,288:INFO:Fitting Model
2020-12-31 20:38:49,941:INFO:Evaluating Metrics
2020-12-31 20:38:49,947:INFO:Compiling Metrics
2020-12-31 20:38:49,952:INFO:Initializing Fold 3
2020-12-31 20:38:49,955:INFO:Fitting Model
2020-12-31 20:38:51,633:INFO:Evaluating Metrics
2020-12-31 20:38:51,639:INFO:Compiling Metrics
2020-12-31 20:38:51,643:INFO:Initializing Fold 4
2020-12-31 20:38:51,647:INFO:Fitting Model
2020-12-31 20:38:53,308:INFO:Evaluating Metrics
2020-12-31 20:38:53,313:INFO:Compiling Metrics
2020-12-31 20:38:53,318:INFO:Initializing Fold 5
2020-12-31 20:38:53,322:INFO:Fitting Model
2020-12-31 20:38:54,985:INFO:Evaluating Metrics
2020-12-31 20:38:54,991:INFO:Compiling Metrics
2020-12-31 20:38:54,995:INFO:Initializing Fold 6
2020-12-31 20:38:54,999:INFO:Fitting Model
2020-12-31 20:38:56,648:INFO:Evaluating Metrics
2020-12-31 20:38:56,654:INFO:Compiling Metrics
2020-12-31 20:38:56,659:INFO:Initializing Fold 7
2020-12-31 20:38:56,662:INFO:Fitting Model
2020-12-31 20:38:58,339:INFO:Evaluating Metrics
2020-12-31 20:38:58,345:INFO:Compiling Metrics
2020-12-31 20:38:58,349:INFO:Initializing Fold 8
2020-12-31 20:38:58,353:INFO:Fitting Model
2020-12-31 20:39:00,007:INFO:Evaluating Metrics
2020-12-31 20:39:00,014:INFO:Compiling Metrics
2020-12-31 20:39:00,019:INFO:Initializing Fold 9
2020-12-31 20:39:00,024:INFO:Fitting Model
2020-12-31 20:39:01,655:INFO:Evaluating Metrics
2020-12-31 20:39:01,661:INFO:Compiling Metrics
2020-12-31 20:39:01,666:INFO:Initializing Fold 10
2020-12-31 20:39:01,670:INFO:Fitting Model
2020-12-31 20:39:03,339:INFO:Evaluating Metrics
2020-12-31 20:39:03,345:INFO:Compiling Metrics
2020-12-31 20:39:03,349:INFO:Calculating mean and std
2020-12-31 20:39:03,350:INFO:Creating metrics dataframe
2020-12-31 20:39:03,365:INFO:Finalizing top_n models
2020-12-31 20:39:03,365:INFO:SubProcess create_model() called ==================================
2020-12-31 20:39:03,368:INFO:Initializing create_model()
2020-12-31 20:39:03,369:INFO:create_model(estimator=et, ensemble=False, method=None, fold=10, round=4, cross_validation=True, verbose=False, system=False)
2020-12-31 20:39:03,369:INFO:Checking exceptions
2020-12-31 20:39:03,369:INFO:Preloading libraries
2020-12-31 20:39:03,369:INFO:Preparing display monitor
2020-12-31 20:39:03,375:INFO:Copying training dataset
2020-12-31 20:39:03,375:INFO:Importing libraries
2020-12-31 20:39:03,376:INFO:Defining folds
2020-12-31 20:39:03,376:INFO:Declaring metric variables
2020-12-31 20:39:03,376:INFO:Importing untrained model
2020-12-31 20:39:03,376:INFO:Extra Trees Classifier Imported succesfully
2020-12-31 20:39:03,377:INFO:Checking ensemble method
2020-12-31 20:39:03,379:INFO:Initializing Fold 1
2020-12-31 20:39:03,380:INFO:Fitting Model
2020-12-31 20:39:03,519:INFO:Evaluating Metrics
2020-12-31 20:39:03,740:INFO:Compiling Metrics
2020-12-31 20:39:03,744:INFO:Initializing Fold 2
2020-12-31 20:39:03,745:INFO:Fitting Model
2020-12-31 20:39:03,895:INFO:Evaluating Metrics
2020-12-31 20:39:04,115:INFO:Compiling Metrics
2020-12-31 20:39:04,119:INFO:Initializing Fold 3
2020-12-31 20:39:04,120:INFO:Fitting Model
2020-12-31 20:39:04,256:INFO:Evaluating Metrics
2020-12-31 20:39:04,479:INFO:Compiling Metrics
2020-12-31 20:39:04,483:INFO:Initializing Fold 4
2020-12-31 20:39:04,483:INFO:Fitting Model
2020-12-31 20:39:04,618:INFO:Evaluating Metrics
2020-12-31 20:39:04,842:INFO:Compiling Metrics
2020-12-31 20:39:04,847:INFO:Initializing Fold 5
2020-12-31 20:39:04,847:INFO:Fitting Model
2020-12-31 20:39:04,983:INFO:Evaluating Metrics
2020-12-31 20:39:05,205:INFO:Compiling Metrics
2020-12-31 20:39:05,209:INFO:Initializing Fold 6
2020-12-31 20:39:05,209:INFO:Fitting Model
2020-12-31 20:39:05,343:INFO:Evaluating Metrics
2020-12-31 20:39:05,567:INFO:Compiling Metrics
2020-12-31 20:39:05,571:INFO:Initializing Fold 7
2020-12-31 20:39:05,572:INFO:Fitting Model
2020-12-31 20:39:05,707:INFO:Evaluating Metrics
2020-12-31 20:39:05,933:INFO:Compiling Metrics
2020-12-31 20:39:05,937:INFO:Initializing Fold 8
2020-12-31 20:39:05,938:INFO:Fitting Model
2020-12-31 20:39:06,073:INFO:Evaluating Metrics
2020-12-31 20:39:06,291:INFO:Compiling Metrics
2020-12-31 20:39:06,295:INFO:Initializing Fold 9
2020-12-31 20:39:06,295:INFO:Fitting Model
2020-12-31 20:39:06,433:INFO:Evaluating Metrics
2020-12-31 20:39:06,655:INFO:Compiling Metrics
2020-12-31 20:39:06,659:INFO:Initializing Fold 10
2020-12-31 20:39:06,659:INFO:Fitting Model
2020-12-31 20:39:06,793:INFO:Evaluating Metrics
2020-12-31 20:39:07,012:INFO:Compiling Metrics
2020-12-31 20:39:07,017:INFO:Calculating mean and std
2020-12-31 20:39:07,018:INFO:Creating metrics dataframe
2020-12-31 20:39:07,021:INFO:Finalizing model
2020-12-31 20:39:07,167:INFO:Uploading results into container
2020-12-31 20:39:07,167:INFO:Uploading model into container now
2020-12-31 20:39:07,167:INFO:create_model_container: 1
2020-12-31 20:39:07,167:INFO:master_model_container: 1
2020-12-31 20:39:07,167:INFO:display_container: 1
2020-12-31 20:39:07,167:INFO:ExtraTreesClassifier(bootstrap=False, ccp_alpha=0.0, class_weight=None,
                     criterion='gini', max_depth=None, max_features='auto',
                     max_leaf_nodes=None, max_samples=None,
                     min_impurity_decrease=0.0, min_impurity_split=None,
                     min_samples_leaf=1, min_samples_split=2,
                     min_weight_fraction_leaf=0.0, n_estimators=100, n_jobs=-1,
                     oob_score=False, random_state=123, verbose=0,
                     warm_start=False)
2020-12-31 20:39:07,167:INFO:create_model() succesfully completed......................................
2020-12-31 20:39:07,167:INFO:SubProcess create_model() end ==================================
2020-12-31 20:39:07,188:INFO:create_model_container: 1
2020-12-31 20:39:07,188:INFO:master_model_container: 1
2020-12-31 20:39:07,188:INFO:display_container: 2
2020-12-31 20:39:07,188:INFO:ExtraTreesClassifier(bootstrap=False, ccp_alpha=0.0, class_weight=None,
                     criterion='gini', max_depth=None, max_features='auto',
                     max_leaf_nodes=None, max_samples=None,
                     min_impurity_decrease=0.0, min_impurity_split=None,
                     min_samples_leaf=1, min_samples_split=2,
                     min_weight_fraction_leaf=0.0, n_estimators=100, n_jobs=-1,
                     oob_score=False, random_state=123, verbose=0,
                     warm_start=False)
2020-12-31 20:39:07,188:INFO:compare_models() succesfully completed......................................
2020-12-31 20:39:37,631:INFO:Initializing create_model()
2020-12-31 20:39:37,631:INFO:create_model(estimator=et, ensemble=False, method=None, fold=10, round=4, cross_validation=True, verbose=True, system=True)
2020-12-31 20:39:37,632:INFO:Checking exceptions
2020-12-31 20:39:37,632:INFO:Preloading libraries
2020-12-31 20:39:37,632:INFO:Preparing display monitor
2020-12-31 20:39:37,645:INFO:Copying training dataset
2020-12-31 20:39:37,645:INFO:Importing libraries
2020-12-31 20:39:37,646:INFO:Defining folds
2020-12-31 20:39:37,646:INFO:Declaring metric variables
2020-12-31 20:39:37,650:INFO:Importing untrained model
2020-12-31 20:39:37,650:INFO:Extra Trees Classifier Imported succesfully
2020-12-31 20:39:37,651:INFO:Checking ensemble method
2020-12-31 20:39:37,655:INFO:Initializing Fold 1
2020-12-31 20:39:37,659:INFO:Fitting Model
2020-12-31 20:39:37,804:INFO:Evaluating Metrics
2020-12-31 20:39:38,025:INFO:Compiling Metrics
2020-12-31 20:39:38,036:INFO:Initializing Fold 2
2020-12-31 20:39:38,040:INFO:Fitting Model
2020-12-31 20:39:38,180:INFO:Evaluating Metrics
2020-12-31 20:39:38,404:INFO:Compiling Metrics
2020-12-31 20:39:38,415:INFO:Initializing Fold 3
2020-12-31 20:39:38,418:INFO:Fitting Model
2020-12-31 20:39:38,560:INFO:Evaluating Metrics
2020-12-31 20:39:38,782:INFO:Compiling Metrics
2020-12-31 20:39:38,794:INFO:Initializing Fold 4
2020-12-31 20:39:38,798:INFO:Fitting Model
2020-12-31 20:39:38,938:INFO:Evaluating Metrics
2020-12-31 20:39:39,161:INFO:Compiling Metrics
2020-12-31 20:39:39,173:INFO:Initializing Fold 5
2020-12-31 20:39:39,176:INFO:Fitting Model
2020-12-31 20:39:39,316:INFO:Evaluating Metrics
2020-12-31 20:39:39,540:INFO:Compiling Metrics
2020-12-31 20:39:39,551:INFO:Initializing Fold 6
2020-12-31 20:39:39,555:INFO:Fitting Model
2020-12-31 20:39:39,697:INFO:Evaluating Metrics
2020-12-31 20:39:39,918:INFO:Compiling Metrics
2020-12-31 20:39:39,929:INFO:Initializing Fold 7
2020-12-31 20:39:39,933:INFO:Fitting Model
2020-12-31 20:39:40,072:INFO:Evaluating Metrics
2020-12-31 20:39:40,296:INFO:Compiling Metrics
2020-12-31 20:39:40,308:INFO:Initializing Fold 8
2020-12-31 20:39:40,311:INFO:Fitting Model
2020-12-31 20:39:40,450:INFO:Evaluating Metrics
2020-12-31 20:39:40,673:INFO:Compiling Metrics
2020-12-31 20:39:40,685:INFO:Initializing Fold 9
2020-12-31 20:39:40,688:INFO:Fitting Model
2020-12-31 20:39:40,830:INFO:Evaluating Metrics
2020-12-31 20:39:41,051:INFO:Compiling Metrics
2020-12-31 20:39:41,063:INFO:Initializing Fold 10
2020-12-31 20:39:41,068:INFO:Fitting Model
2020-12-31 20:39:41,208:INFO:Evaluating Metrics
2020-12-31 20:39:41,431:INFO:Compiling Metrics
2020-12-31 20:39:41,444:INFO:Calculating mean and std
2020-12-31 20:39:41,445:INFO:Creating metrics dataframe
2020-12-31 20:39:41,450:INFO:Finalizing model
2020-12-31 20:39:41,588:INFO:Uploading results into container
2020-12-31 20:39:41,588:INFO:Uploading model into container now
2020-12-31 20:39:41,599:INFO:create_model_container: 2
2020-12-31 20:39:41,599:INFO:master_model_container: 2
2020-12-31 20:39:41,599:INFO:display_container: 3
2020-12-31 20:39:41,600:INFO:ExtraTreesClassifier(bootstrap=False, ccp_alpha=0.0, class_weight=None,
                     criterion='gini', max_depth=None, max_features='auto',
                     max_leaf_nodes=None, max_samples=None,
                     min_impurity_decrease=0.0, min_impurity_split=None,
                     min_samples_leaf=1, min_samples_split=2,
                     min_weight_fraction_leaf=0.0, n_estimators=100, n_jobs=-1,
                     oob_score=False, random_state=123, verbose=0,
                     warm_start=False)
2020-12-31 20:39:41,600:INFO:create_model() succesfully completed......................................
2020-12-31 20:45:07,103:INFO:Initializing plot_model()
2020-12-31 20:45:07,103:INFO:plot_model(estimator=ExtraTreesClassifier(bootstrap=False, ccp_alpha=0.0, class_weight=None,
                     criterion='gini', max_depth=None, max_features='auto',
                     max_leaf_nodes=None, max_samples=None,
                     min_impurity_decrease=0.0, min_impurity_split=None,
                     min_samples_leaf=1, min_samples_split=2,
                     min_weight_fraction_leaf=0.0, n_estimators=100, n_jobs=-1,
                     oob_score=False, random_state=123, verbose=0,
                     warm_start=False), plot=parameter, save=False, verbose=True, system=True)
2020-12-31 20:45:07,103:INFO:Checking exceptions
2020-12-31 20:45:07,212:INFO:Preloading libraries
2020-12-31 20:45:07,212:INFO:Preparing display monitor
2020-12-31 20:45:07,217:INFO:Importing libraries
2020-12-31 20:45:07,218:INFO:plot type: parameter
2020-12-31 20:45:07,222:INFO:Visual Rendered Successfully
2020-12-31 20:45:07,222:INFO:plot_model() succesfully completed......................................
2020-12-31 20:45:19,335:INFO:Initializing plot_model()
2020-12-31 20:45:19,335:INFO:plot_model(estimator=ExtraTreesClassifier(bootstrap=False, ccp_alpha=0.0, class_weight=None,
                     criterion='gini', max_depth=None, max_features='auto',
                     max_leaf_nodes=None, max_samples=None,
                     min_impurity_decrease=0.0, min_impurity_split=None,
                     min_samples_leaf=1, min_samples_split=2,
                     min_weight_fraction_leaf=0.0, n_estimators=100, n_jobs=-1,
                     oob_score=False, random_state=123, verbose=0,
                     warm_start=False), plot=auc, save=False, verbose=True, system=True)
2020-12-31 20:45:19,336:INFO:Checking exceptions
2020-12-31 20:45:19,440:INFO:Preloading libraries
2020-12-31 20:45:19,440:INFO:Preparing display monitor
2020-12-31 20:45:19,446:INFO:Importing libraries
2020-12-31 20:45:19,447:INFO:plot type: auc
2020-12-31 20:45:19,501:INFO:Fitting Model
2020-12-31 20:45:19,502:INFO:Scoring test/hold-out set
2020-12-31 20:45:19,837:INFO:Visual Rendered Successfully
2020-12-31 20:45:19,837:INFO:plot_model() succesfully completed......................................
2020-12-31 20:47:10,080:INFO:Initializing save_model()
2020-12-31 20:47:10,081:INFO:save_model(model=ExtraTreesClassifier(bootstrap=False, ccp_alpha=0.0, class_weight=None,
                     criterion='gini', max_depth=None, max_features='auto',
                     max_leaf_nodes=None, max_samples=None,
                     min_impurity_decrease=0.0, min_impurity_split=None,
                     min_samples_leaf=1, min_samples_split=2,
                     min_weight_fraction_leaf=0.0, n_estimators=100, n_jobs=-1,
                     oob_score=False, random_state=123, verbose=0,
                     warm_start=False), model_name=extra_tree_model, verbose=True)
2020-12-31 20:47:10,081:INFO:Appending prep pipeline
2020-12-31 20:47:10,123:INFO:extra_tree_model.pkl saved in current working directory
2020-12-31 20:47:10,127:INFO:[Pipeline(memory=None,
         steps=[('dtypes',
                 DataTypes_Auto_infer(categorical_features=[],
                                      display_types=True, features_todrop=[],
                                      ml_usecase='classification',
                                      numerical_features=[], target='quality',
                                      time_features=[])),
                ('imputer',
                 Simple_Imputer(categorical_strategy='not_available',
                                numeric_strategy='mean',
                                target_variable=None)),
                ('new_levels1',
                 New_Catagorical_Le...
                 Scaling_and_Power_transformation(function_to_apply='yj',
                                                  random_state_quantile=123,
                                                  target='quality')),
                ('pt_target', Empty()), ('binn', Empty()),
                ('rem_outliers', Empty()), ('cluster_all', Empty()),
                ('dummy', Dummify(target='quality')), ('fix_perfect', Empty()),
                ('clean_names', Clean_Colum_Names()),
                ('feature_select', Empty()), ('fix_multi', Empty()),
                ('dfs', Empty()), ('pca', Empty())],
         verbose=False), ExtraTreesClassifier(bootstrap=False, ccp_alpha=0.0, class_weight=None,
                     criterion='gini', max_depth=None, max_features='auto',
                     max_leaf_nodes=None, max_samples=None,
                     min_impurity_decrease=0.0, min_impurity_split=None,
                     min_samples_leaf=1, min_samples_split=2,
                     min_weight_fraction_leaf=0.0, n_estimators=100, n_jobs=-1,
                     oob_score=False, random_state=123, verbose=0,
                     warm_start=False)]
2020-12-31 20:47:10,127:INFO:save_model() succesfully completed......................................
