2021-01-02 00:42:50,730:INFO:PyCaret Regression Module
2021-01-02 00:42:50,730:INFO:version 2.0
2021-01-02 00:42:50,730:INFO:Initializing setup()
2021-01-02 00:42:50,730:INFO:USI: 3e41
2021-01-02 00:42:50,730:INFO:setup(data=(1338, 7), target=charges, train_size=0.7, sampling=True, sample_estimator=None, categorical_features=None, categorical_imputation=constant, ordinal_features=None,
                    high_cardinality_features=None, high_cardinality_method=frequency, numeric_features=None, numeric_imputation=mean, date_features=None, ignore_features=None, normalize=True,
                    normalize_method=zscore, transformation=False, transformation_method=yeo-johnson, handle_unknown_categorical=True, unknown_categorical_method=least_frequent, pca=False, pca_method=linear,
                    pca_components=None, ignore_low_variance=False, combine_rare_levels=False, rare_level_threshold=0.1, bin_numeric_features=['age', 'bmi'], remove_outliers=False, outliers_threshold=0.05,
                    remove_multicollinearity=False, multicollinearity_threshold=0.9, remove_perfect_collinearity=False, create_clusters=False, cluster_iter=20,
                    polynomial_features=True, polynomial_degree=2, trigonometry_features=True, polynomial_threshold=0.1, group_features=None,
                    group_names=None, feature_selection=False, feature_selection_threshold=0.8, feature_interaction=True, feature_ratio=False, interaction_threshold=0.01, transform_target=False,
                    transform_target_method=box-cox, data_split_shuffle=True, folds_shuffle=False, n_jobs=-1, html=True, session_id=123, log_experiment=False,
                    experiment_name=None, log_plots=False, log_profile=False, log_data=False, silent=False, verbose=True, profile=False)
2021-01-02 00:42:50,733:INFO:Checking environment
2021-01-02 00:42:50,733:INFO:python_version: 3.7.6
2021-01-02 00:42:50,733:INFO:python_build: ('default', 'Jan  8 2020 20:23:39')
2021-01-02 00:42:50,733:INFO:machine: AMD64
2021-01-02 00:42:50,733:INFO:platform: Windows-10-10.0.19041-SP0
2021-01-02 00:42:50,742:INFO:Memory: svmem(total=51446050816, available=41905262592, percent=18.5, used=9540788224, free=41905262592)
2021-01-02 00:42:50,742:INFO:Physical Core: 6
2021-01-02 00:42:50,742:INFO:Logical Core: 12
2021-01-02 00:42:50,742:INFO:Checking libraries
2021-01-02 00:42:50,742:INFO:pd==1.1.3
2021-01-02 00:42:50,743:INFO:numpy==1.18.5
2021-01-02 00:42:51,452:INFO:sklearn==0.23.2
2021-01-02 00:42:51,888:INFO:xgboost==1.2.1
2021-01-02 00:42:51,929:INFO:lightgbm==2.3.1
2021-01-02 00:42:51,968:INFO:catboost==0.24.3
2021-01-02 00:42:52,576:INFO:mlflow==1.9.1
2021-01-02 00:42:52,577:INFO:Checking Exceptions
2021-01-02 00:42:52,577:INFO:Preloading libraries
2021-01-02 00:42:52,577:INFO:Preparing display monitor
2021-01-02 00:42:52,587:INFO:Importing libraries
2021-01-02 00:42:53,433:INFO:Copying data for preprocessing
2021-01-02 00:42:53,433:INFO:Declaring global variables
2021-01-02 00:42:53,437:INFO:Declaring preprocessing parameters
2021-01-02 00:42:53,437:INFO:Importing preprocessing module
2021-01-02 00:42:53,883:INFO:Creating preprocessing pipeline
2021-01-02 00:43:09,234:INFO:Preprocessing pipeline created successfully
2021-01-02 00:43:09,234:INFO:No inverse transformer found
2021-01-02 00:43:09,234:INFO:Creating grid variables
2021-01-02 00:43:09,236:INFO:Creating global containers
2021-01-02 00:43:09,292:INFO:create_model_container: 0
2021-01-02 00:43:09,292:INFO:master_model_container: 0
2021-01-02 00:43:09,292:INFO:display_container: 0
2021-01-02 00:43:09,292:INFO:setup() succesfully completed......................................
2021-01-02 00:45:53,056:INFO:Initializing create_model()
2021-01-02 00:45:53,057:INFO:create_model(estimator=lr, ensemble=False, method=None, fold=10, round=4, cross_validation=True, verbose=True, system=True)
2021-01-02 00:45:53,057:INFO:Checking exceptions
2021-01-02 00:45:53,057:INFO:Preloading libraries
2021-01-02 00:45:53,057:INFO:Preparing display monitor
2021-01-02 00:45:53,071:INFO:Copying training dataset
2021-01-02 00:45:53,072:INFO:Importing libraries
2021-01-02 00:45:53,073:INFO:Defining folds
2021-01-02 00:45:53,073:INFO:Declaring metric variables
2021-01-02 00:45:53,076:INFO:Linear Regression Imported succesfully
2021-01-02 00:45:53,076:INFO:Checking ensemble method
2021-01-02 00:45:53,079:INFO:Initializing Fold 1
2021-01-02 00:45:53,083:INFO:Fitting Model
2021-01-02 00:45:53,100:INFO:Evaluating Metrics
2021-01-02 00:45:53,102:INFO:No inverse transformation
2021-01-02 00:45:53,102:INFO:Compiling Metrics
2021-01-02 00:45:53,113:INFO:Initializing Fold 2
2021-01-02 00:45:53,117:INFO:Fitting Model
2021-01-02 00:45:53,120:INFO:Evaluating Metrics
2021-01-02 00:45:53,122:INFO:No inverse transformation
2021-01-02 00:45:53,122:INFO:Compiling Metrics
2021-01-02 00:45:53,132:INFO:Initializing Fold 3
2021-01-02 00:45:53,135:INFO:Fitting Model
2021-01-02 00:45:53,138:INFO:Evaluating Metrics
2021-01-02 00:45:53,140:INFO:No inverse transformation
2021-01-02 00:45:53,140:INFO:Compiling Metrics
2021-01-02 00:45:53,151:INFO:Initializing Fold 4
2021-01-02 00:45:53,155:INFO:Fitting Model
2021-01-02 00:45:53,159:INFO:Evaluating Metrics
2021-01-02 00:45:53,160:INFO:No inverse transformation
2021-01-02 00:45:53,160:INFO:Compiling Metrics
2021-01-02 00:45:53,171:INFO:Initializing Fold 5
2021-01-02 00:45:53,175:INFO:Fitting Model
2021-01-02 00:45:53,179:INFO:Evaluating Metrics
2021-01-02 00:45:53,180:INFO:No inverse transformation
2021-01-02 00:45:53,180:INFO:Compiling Metrics
2021-01-02 00:45:53,192:INFO:Initializing Fold 6
2021-01-02 00:45:53,196:INFO:Fitting Model
2021-01-02 00:45:53,200:INFO:Evaluating Metrics
2021-01-02 00:45:53,201:INFO:No inverse transformation
2021-01-02 00:45:53,201:INFO:Compiling Metrics
2021-01-02 00:45:53,215:INFO:Initializing Fold 7
2021-01-02 00:45:53,220:INFO:Fitting Model
2021-01-02 00:45:53,224:INFO:Evaluating Metrics
2021-01-02 00:45:53,225:INFO:No inverse transformation
2021-01-02 00:45:53,225:INFO:Compiling Metrics
2021-01-02 00:45:53,239:INFO:Initializing Fold 8
2021-01-02 00:45:53,243:INFO:Fitting Model
2021-01-02 00:45:53,247:INFO:Evaluating Metrics
2021-01-02 00:45:53,248:INFO:No inverse transformation
2021-01-02 00:45:53,248:INFO:Compiling Metrics
2021-01-02 00:45:53,261:INFO:Initializing Fold 9
2021-01-02 00:45:53,265:INFO:Fitting Model
2021-01-02 00:45:53,269:INFO:Evaluating Metrics
2021-01-02 00:45:53,270:INFO:No inverse transformation
2021-01-02 00:45:53,270:INFO:Compiling Metrics
2021-01-02 00:45:53,283:INFO:Initializing Fold 10
2021-01-02 00:45:53,287:INFO:Fitting Model
2021-01-02 00:45:53,291:INFO:Evaluating Metrics
2021-01-02 00:45:53,292:INFO:No inverse transformation
2021-01-02 00:45:53,292:INFO:Compiling Metrics
2021-01-02 00:45:53,303:INFO:Calculating mean and std
2021-01-02 00:45:53,304:INFO:Creating metrics dataframe
2021-01-02 00:45:53,309:INFO:Finalizing model
2021-01-02 00:45:53,313:INFO:Uploading results into container
2021-01-02 00:45:53,313:INFO:Uploading model into container
2021-01-02 00:45:53,326:INFO:create_model_container: 1
2021-01-02 00:45:53,326:INFO:master_model_container: 1
2021-01-02 00:45:53,326:INFO:display_container: 1
2021-01-02 00:45:53,326:INFO:LinearRegression(copy_X=True, fit_intercept=True, n_jobs=-1, normalize=False)
2021-01-02 00:45:53,326:INFO:create_model() succesfully completed......................................
2021-01-02 00:45:58,636:INFO:Initializing plot_model()
2021-01-02 00:45:58,636:INFO:plot_model(estimator=LinearRegression(copy_X=True, fit_intercept=True, n_jobs=-1, normalize=False), plot=residuals, save=False, verbose=True, system=True)
2021-01-02 00:45:58,636:INFO:Checking exceptions
2021-01-02 00:45:58,636:INFO:Preloading libraries
2021-01-02 00:45:58,636:INFO:Preparing display monitor
2021-01-02 00:45:58,642:INFO:Importing libraries
2021-01-02 00:45:58,642:INFO:plot type: residuals
2021-01-02 00:45:58,787:INFO:Fitting Model
2021-01-02 00:45:58,808:INFO:Scoring test/hold-out set
2021-01-02 00:45:59,209:INFO:Visual Rendered Successfully
2021-01-02 00:45:59,210:INFO:plot_model() succesfully completed......................................
2021-01-02 00:48:43,093:INFO:Initializing save_model()
2021-01-02 00:48:43,094:INFO:save_model(model=LinearRegression(copy_X=True, fit_intercept=True, n_jobs=-1, normalize=False), model_name=deployment_01012021, verbose=True)
2021-01-02 00:48:43,094:INFO:Appending prep pipeline
2021-01-02 00:48:43,117:INFO:deployment_01012021.pkl saved in current working directory
2021-01-02 00:48:43,123:INFO:[Pipeline(memory=None,
         steps=[('dtypes',
                 DataTypes_Auto_infer(categorical_features=[],
                                      display_types=True, features_todrop=[],
                                      ml_usecase='regression',
                                      numerical_features=[], target='charges',
                                      time_features=[])),
                ('imputer',
                 Simple_Imputer(categorical_strategy='not_available',
                                numeric_strategy='mean',
                                target_variable=None)),
                ('new_levels1',
                 New_Catagorical_Levels...
                ('rem_outliers', Empty()), ('cluster_all', Empty()),
                ('dummy', Dummify(target='charges')), ('fix_perfect', Empty()),
                ('clean_names', Clean_Colum_Names()),
                ('feature_select', Empty()), ('fix_multi', Empty()),
                ('dfs',
                 DFS_Classic(interactions=['multiply'], ml_usecase='regression',
                             random_state=123, subclass='binary',
                             target='charges',
                             top_features_to_pick_percentage=None)),
                ('pca', Empty())],
         verbose=False), LinearRegression(copy_X=True, fit_intercept=True, n_jobs=-1, normalize=False), None]
2021-01-02 00:48:43,123:INFO:save_model() succesfully completed......................................
